2024-12-23 17:37:26.506 -07:00 [INF] Anonymize version: 2.1.2.2574
2024-12-23 17:37:26.816 -07:00 [INF] Database: SqlServer, Microsoft SQL Server 2019 (RTM-CU29-GDR) (KB5046860) - 15.0.4410.1 (X64)  	Oct 23 2024 15:50:49  	Copyright (C) 2019 Microsoft Corporation 	Developer Edition (64-bit) on Windows 10 Pro for Workstations 10.0 <X64> (Build 19045: ) (Hypervisor) 
2024-12-23 17:37:26.816 -07:00 [INF] Classifying database BB_Subset...
2024-12-23 17:37:26.848 -07:00 [ERR] Classification failed
System.Collections.Generic.KeyNotFoundException: The given key 'ClusterID' was not present in the dictionary.
   at System.Collections.Generic.Dictionary`2.get_Item(TKey key)
   at RedGate.Classification.Database.SqlServer.SqlServerDatabase.<>c__DisplayClass9_0.<GetUniqueConstraints>b__2(String c)
   at System.Linq.Enumerable.SelectListIterator`2.Fill(ReadOnlySpan`1 source, Span`1 destination, Func`2 func)
   at System.Linq.Enumerable.SelectListIterator`2.ToArray()
   at RedGate.Classification.Database.SqlServer.SqlServerDatabase.GetUniqueConstraints(ILogger logger, SqlConnection connection, IReadOnlyDictionary`2 tables, CancellationToken cancellationToken)
   at RedGate.Classification.Database.SqlServer.SqlServerDatabase.GetUniqueConstraints(ILogger logger, SqlConnection connection, IReadOnlyDictionary`2 tables, CancellationToken cancellationToken)
   at RedGate.Classification.Database.SqlServer.SqlServerDatabase.GetUniqueConstraints(ILogger logger, SqlConnection connection, IReadOnlyDictionary`2 tables, CancellationToken cancellationToken)
   at RedGate.Classification.Database.SqlServer.SqlServerDatabase.GetTables(ILogger logger, CancellationToken cancellationToken)
   at RedGate.Classification.Database.SqlServer.SqlServerDatabase.GetTables(ILogger logger, CancellationToken cancellationToken)
   at RedGate.Classification.Core.DatabaseClassifier.Classify(IDatabase database, CancellationToken cancellationToken)
   at RedGate.Classification.Core.Classifier.Classify(IDatabase database, ClassificationOptions options, OutputDetailLevel outputDetailLevel, CancellationToken cancellationToken)
2024-12-23 17:37:27.585 -07:00 [FTL] An unexpected error occurred
System.Collections.Generic.KeyNotFoundException: The given key 'ClusterID' was not present in the dictionary.
   at System.Collections.Generic.Dictionary`2.get_Item(TKey key)
   at RedGate.Classification.Database.SqlServer.SqlServerDatabase.<>c__DisplayClass9_0.<GetUniqueConstraints>b__2(String c)
   at System.Linq.Enumerable.SelectListIterator`2.Fill(ReadOnlySpan`1 source, Span`1 destination, Func`2 func)
   at System.Linq.Enumerable.SelectListIterator`2.ToArray()
   at RedGate.Classification.Database.SqlServer.SqlServerDatabase.GetUniqueConstraints(ILogger logger, SqlConnection connection, IReadOnlyDictionary`2 tables, CancellationToken cancellationToken)
   at RedGate.Classification.Database.SqlServer.SqlServerDatabase.GetUniqueConstraints(ILogger logger, SqlConnection connection, IReadOnlyDictionary`2 tables, CancellationToken cancellationToken)
   at RedGate.Classification.Database.SqlServer.SqlServerDatabase.GetUniqueConstraints(ILogger logger, SqlConnection connection, IReadOnlyDictionary`2 tables, CancellationToken cancellationToken)
   at RedGate.Classification.Database.SqlServer.SqlServerDatabase.GetTables(ILogger logger, CancellationToken cancellationToken)
   at RedGate.Classification.Database.SqlServer.SqlServerDatabase.GetTables(ILogger logger, CancellationToken cancellationToken)
   at RedGate.Classification.Core.DatabaseClassifier.Classify(IDatabase database, CancellationToken cancellationToken)
   at RedGate.Classification.Core.Classifier.Classify(IDatabase database, ClassificationOptions options, OutputDetailLevel outputDetailLevel, CancellationToken cancellationToken)
   at RedGate.Anonymization.CommandLine.Classification.ClassifyRunner.Run(ClassifyArgs args, CancellationToken cancellationToken)
   at RedGate.Anonymization.CommandLine.Classification.ClassifyCommand.Run(ClassifyArgs args, CancellationToken cancellationToken)
   at RedGate.Anonymization.CommandLine.Classification.ClassifyCommand.Run(ClassifyArgs args, CancellationToken cancellationToken)
   at RedGate.Anonymization.CommandLine.HandlerAdapter`1.InvokeAsync(InvocationContext context)
   at System.CommandLine.Invocation.InvocationPipeline.<>c__DisplayClass4_0.<<BuildInvocationChain>b__0>d.MoveNext()
--- End of stack trace from previous location ---
   at System.CommandLine.Builder.CommandLineBuilderExtensions.<>c__DisplayClass17_0.<<UseParseErrorReporting>b__0>d.MoveNext()
--- End of stack trace from previous location ---
   at System.CommandLine.Builder.CommandLineBuilderExtensions.<>c__DisplayClass12_0.<<UseHelp>b__0>d.MoveNext()
--- End of stack trace from previous location ---
   at System.CommandLine.Builder.CommandLineBuilderExtensions.<>c__DisplayClass22_0.<<UseVersionOption>b__0>d.MoveNext()
--- End of stack trace from previous location ---
   at System.CommandLine.Builder.CommandLineBuilderExtensions.<>c__DisplayClass19_0.<<UseTypoCorrections>b__0>d.MoveNext()
--- End of stack trace from previous location ---
   at System.CommandLine.Builder.CommandLineBuilderExtensions.<>c.<<UseSuggestDirective>b__18_0>d.MoveNext()
--- End of stack trace from previous location ---
   at System.CommandLine.Builder.CommandLineBuilderExtensions.<>c__DisplayClass16_0.<<UseParseDirective>b__0>d.MoveNext()
--- End of stack trace from previous location ---
   at System.CommandLine.Builder.CommandLineBuilderExtensions.<>c.<<RegisterWithDotnetSuggest>b__5_0>d.MoveNext()
--- End of stack trace from previous location ---
   at System.CommandLine.Builder.CommandLineBuilderExtensions.<>c__DisplayClass8_0.<<UseExceptionHandler>b__0>d.MoveNext()
