2025-02-10 15:22:10.922 -07:00 [INF] Subsetter version: 2.1.2.7370
2025-02-10 15:22:11.248 -07:00 [INF] Subsetter started
2025-02-10 15:22:11.298 -07:00 [INF] Building models for StartingTable
2025-02-10 15:22:11.332 -07:00 [INF] Database: Source, SqlServer, Microsoft SQL Server 2019 (RTM-CU29-GDR) (KB5046860) - 15.0.4410.1 (X64)  	Oct 23 2024 15:50:49  	Copyright (C) 2019 Microsoft Corporation 	Developer Edition (64-bit) on Windows 10 Pro for Workstations 10.0 <X64> (Build 19045: ) (Hypervisor) 
2025-02-10 15:22:11.335 -07:00 [INF] Database: Target, SqlServer, Microsoft SQL Server 2019 (RTM-CU29-GDR) (KB5046860) - 15.0.4410.1 (X64)  	Oct 23 2024 15:50:49  	Copyright (C) 2019 Microsoft Corporation 	Developer Edition (64-bit) on Windows 10 Pro for Workstations 10.0 <X64> (Build 19045: ) (Hypervisor) 
2025-02-10 15:22:11.385 -07:00 [INF] Staging data for copying to target database
2025-02-10 15:22:11.514 -07:00 [INF] Data staged in 0:00:00.1291858
2025-02-10 15:22:11.515 -07:00 [INF] Copying subset to target database
2025-02-10 15:22:11.517 -07:00 [INF] Copying data for dbo.awardsmanagers
2025-02-10 15:22:11.546 -07:00 [INF] Copied 156 of 156 rows for dbo.awardsmanagers in 0:00:00.0309172
2025-02-10 15:22:11.549 -07:00 [INF] Copying data for dbo.managershalf
2025-02-10 15:22:11.555 -07:00 [INF] Copied 93 of 93 rows for dbo.managershalf in 0:00:00.0067929
2025-02-10 15:22:11.556 -07:00 [INF] Copying data for dbo.seriespost
2025-02-10 15:22:11.566 -07:00 [INF] Copied 272 of 272 rows for dbo.seriespost in 0:00:00.0097797
2025-02-10 15:22:11.567 -07:00 [INF] Copying data for dbo.teamsfranchises
2025-02-10 15:22:11.572 -07:00 [INF] Copied 120 of 120 rows for dbo.teamsfranchises in 0:00:00.00507
2025-02-10 15:22:11.573 -07:00 [INF] Copying data for dbo.teamshalf
2025-02-10 15:22:11.587 -07:00 [INF] Copied 52 of 52 rows for dbo.teamshalf in 0:00:00.0143199
2025-02-10 15:22:11.589 -07:00 [INF] Copying data for dbo.players
2025-02-10 15:22:11.732 -07:00 [INF] Copied 1800 of 16564 rows for dbo.players in 0:00:00.1445449
2025-02-10 15:22:11.745 -07:00 [INF] Copying data for dbo.batting
2025-02-10 15:22:12.380 -07:00 [INF] Copied 11784 of 96600 rows for dbo.batting in 0:00:00.6356708
2025-02-10 15:22:12.404 -07:00 [INF] Copying data for dbo.teams
2025-02-10 15:22:12.432 -07:00 [INF] Copied 360 of 2715 rows for dbo.teams in 0:00:00.0294265
2025-02-10 15:22:12.437 -07:00 [INF] Subsetted data copied to target database in 0:00:00.9219015
2025-02-10 15:22:12.439 -07:00 [INF] Cleaning up
2025-02-10 15:22:12.453 -07:00 [INF] Subsetting complete in 0:00:01.2046452
