2025-01-15 14:45:21.017 -07:00 [INF] Subsetter version: 2.1.2.7370
2025-01-15 14:45:21.357 -07:00 [INF] Subsetter started
2025-01-15 14:45:21.622 -07:00 [INF] Building models for StartingTable
2025-01-15 14:45:21.655 -07:00 [INF] Database: Source, SqlServer, Microsoft SQL Server 2019 (RTM-CU29-GDR) (KB5046860) - 15.0.4410.1 (X64)  	Oct 23 2024 15:50:49  	Copyright (C) 2019 Microsoft Corporation 	Developer Edition (64-bit) on Windows 10 Pro for Workstations 10.0 <X64> (Build 19045: ) (Hypervisor) 
2025-01-15 14:45:21.658 -07:00 [INF] Database: Target, SqlServer, Microsoft SQL Server 2019 (RTM-CU29-GDR) (KB5046860) - 15.0.4410.1 (X64)  	Oct 23 2024 15:50:49  	Copyright (C) 2019 Microsoft Corporation 	Developer Edition (64-bit) on Windows 10 Pro for Workstations 10.0 <X64> (Build 19045: ) (Hypervisor) 
2025-01-15 14:45:21.818 -07:00 [INF] Staging data for copying to target database
2025-01-15 14:45:21.846 -07:00 [INF] Data staged in 0:00:00.0274488
2025-01-15 14:45:21.847 -07:00 [INF] Copying subset to target database
2025-01-15 14:45:21.849 -07:00 [INF] Copying data for dbo.awardsmanagers
2025-01-15 14:45:21.896 -07:00 [INF] Copied 156 of 156 rows for dbo.awardsmanagers in 0:00:00.0492362
2025-01-15 14:45:21.899 -07:00 [INF] Copying data for dbo.managershalf
2025-01-15 14:45:21.905 -07:00 [INF] Copied 93 of 93 rows for dbo.managershalf in 0:00:00.0065796
2025-01-15 14:45:21.907 -07:00 [INF] Copying data for dbo.seriespost
2025-01-15 14:45:21.918 -07:00 [INF] Copied 272 of 272 rows for dbo.seriespost in 0:00:00.0115995
2025-01-15 14:45:21.919 -07:00 [INF] Copying data for dbo.teamsfranchises
2025-01-15 14:45:21.925 -07:00 [INF] Copied 120 of 120 rows for dbo.teamsfranchises in 0:00:00.0059548
2025-01-15 14:45:21.926 -07:00 [INF] Copying data for dbo.teamshalf
2025-01-15 14:45:21.941 -07:00 [INF] Copied 52 of 52 rows for dbo.teamshalf in 0:00:00.0152153
2025-01-15 14:45:21.944 -07:00 [INF] Copying data for dbo.players
2025-01-15 14:45:22.095 -07:00 [INF] Copied 1800 of 16564 rows for dbo.players in 0:00:00.1526723
2025-01-15 14:45:22.106 -07:00 [INF] Subsetted data copied to target database in 0:00:00.2584086
2025-01-15 14:45:22.107 -07:00 [INF] Cleaning up
2025-01-15 14:45:22.126 -07:00 [INF] Subsetting complete in 0:00:00.7688075
