2025-01-15 14:28:00.930 -07:00 [INF] Subsetter version: 2.1.2.7370
2025-01-15 14:28:01.266 -07:00 [INF] Subsetter started
2025-01-15 14:28:01.488 -07:00 [INF] Building models for StartingTable
2025-01-15 14:28:01.530 -07:00 [INF] Database: Source, SqlServer, Microsoft SQL Server 2019 (RTM-CU29-GDR) (KB5046860) - 15.0.4410.1 (X64)  	Oct 23 2024 15:50:49  	Copyright (C) 2019 Microsoft Corporation 	Developer Edition (64-bit) on Windows 10 Pro for Workstations 10.0 <X64> (Build 19045: ) (Hypervisor) 
2025-01-15 14:28:01.532 -07:00 [INF] Database: Target, SqlServer, Microsoft SQL Server 2019 (RTM-CU29-GDR) (KB5046860) - 15.0.4410.1 (X64)  	Oct 23 2024 15:50:49  	Copyright (C) 2019 Microsoft Corporation 	Developer Edition (64-bit) on Windows 10 Pro for Workstations 10.0 <X64> (Build 19045: ) (Hypervisor) 
2025-01-15 14:28:01.675 -07:00 [INF] Staging data for copying to target database
2025-01-15 14:28:01.799 -07:00 [INF] Data staged in 0:00:00.1239381
2025-01-15 14:28:01.800 -07:00 [INF] Copying subset to target database
2025-01-15 14:28:01.802 -07:00 [INF] Copying data for dbo.awardsmanagers
2025-01-15 14:28:01.847 -07:00 [INF] Copied 156 of 156 rows for dbo.awardsmanagers in 0:00:00.0466756
2025-01-15 14:28:01.849 -07:00 [INF] Copying data for dbo.managershalf
2025-01-15 14:28:01.855 -07:00 [INF] Copied 93 of 93 rows for dbo.managershalf in 0:00:00.0062646
2025-01-15 14:28:01.856 -07:00 [INF] Copying data for dbo.seriespost
2025-01-15 14:28:01.867 -07:00 [INF] Copied 272 of 272 rows for dbo.seriespost in 0:00:00.0113423
2025-01-15 14:28:01.869 -07:00 [INF] Copying data for dbo.teamsfranchises
2025-01-15 14:28:01.874 -07:00 [INF] Copied 120 of 120 rows for dbo.teamsfranchises in 0:00:00.0056232
2025-01-15 14:28:01.875 -07:00 [INF] Copying data for dbo.teamshalf
2025-01-15 14:28:01.889 -07:00 [INF] Copied 52 of 52 rows for dbo.teamshalf in 0:00:00.0144138
2025-01-15 14:28:01.891 -07:00 [INF] Copying data for dbo.players
2025-01-15 14:28:02.028 -07:00 [INF] Copied 1800 of 16564 rows for dbo.players in 0:00:00.1383552
2025-01-15 14:28:02.039 -07:00 [INF] Copying data for dbo.batting
2025-01-15 14:28:02.708 -07:00 [INF] Copied 11784 of 96600 rows for dbo.batting in 0:00:00.6695305
2025-01-15 14:28:02.732 -07:00 [INF] Subsetted data copied to target database in 0:00:00.9321905
2025-01-15 14:28:02.734 -07:00 [INF] Cleaning up
2025-01-15 14:28:02.764 -07:00 [INF] Subsetting complete in 0:00:01.4972273
