2025-02-10 14:56:57.044 -07:00 [INF] Subsetter version: 2.1.2.7370
2025-02-10 14:56:57.396 -07:00 [INF] Subsetter started
2025-02-10 14:56:57.631 -07:00 [INF] Building models for DesiredSize
2025-02-10 14:56:58.099 -07:00 [INF] Database: Source, SqlServer, Microsoft SQL Server 2019 (RTM-CU29-GDR) (KB5046860) - 15.0.4410.1 (X64)  	Oct 23 2024 15:50:49  	Copyright (C) 2019 Microsoft Corporation 	Developer Edition (64-bit) on Windows 10 Pro for Workstations 10.0 <X64> (Build 19045: ) (Hypervisor) 
2025-02-10 14:56:58.101 -07:00 [INF] Database: Target, SqlServer, Microsoft SQL Server 2019 (RTM-CU29-GDR) (KB5046860) - 15.0.4410.1 (X64)  	Oct 23 2024 15:50:49  	Copyright (C) 2019 Microsoft Corporation 	Developer Edition (64-bit) on Windows 10 Pro for Workstations 10.0 <X64> (Build 19045: ) (Hypervisor) 
2025-02-10 14:56:58.749 -07:00 [INF] Staging data for copying to target database
2025-02-10 14:57:03.058 -07:00 [INF] Data staged in 0:00:04.3088724
2025-02-10 14:57:03.060 -07:00 [INF] Copying subset to target database
2025-02-10 14:57:03.062 -07:00 [INF] Copying data for dbo.fielding
2025-02-10 14:57:03.824 -07:00 [INF] Copied 14545 of 144409 rows for dbo.fielding in 0:00:00.7641181
2025-02-10 14:57:03.831 -07:00 [INF] Copying data for dbo.teamshalf
2025-02-10 14:57:03.846 -07:00 [INF] Copied 52 of 52 rows for dbo.teamshalf in 0:00:00.0144418
2025-02-10 14:57:03.847 -07:00 [INF] Copying data for dbo.teamsfranchises
2025-02-10 14:57:03.852 -07:00 [INF] Copied 120 of 120 rows for dbo.teamsfranchises in 0:00:00.0057802
2025-02-10 14:57:03.853 -07:00 [INF] Copying data for dbo.managershalf
2025-02-10 14:57:03.859 -07:00 [INF] Copied 93 of 93 rows for dbo.managershalf in 0:00:00.0058899
2025-02-10 14:57:03.860 -07:00 [INF] Copying data for dbo.seriespost
2025-02-10 14:57:03.869 -07:00 [INF] Copied 272 of 272 rows for dbo.seriespost in 0:00:00.0090612
2025-02-10 14:57:03.870 -07:00 [INF] Copying data for dbo.els_teamnames
2025-02-10 14:57:03.876 -07:00 [INF] Copied 37 of 314 rows for dbo.els_teamnames in 0:00:00.00656
2025-02-10 14:57:03.877 -07:00 [INF] Copying data for dbo.awardsmanagers
2025-02-10 14:57:03.883 -07:00 [INF] Copied 156 of 156 rows for dbo.awardsmanagers in 0:00:00.0068962
2025-02-10 14:57:03.884 -07:00 [INF] Copying data for dbo.awardssharemanagers
2025-02-10 14:57:03.890 -07:00 [INF] Copied 34 of 372 rows for dbo.awardssharemanagers in 0:00:00.0062245
2025-02-10 14:57:03.892 -07:00 [INF] Copying data for dbo.schools
2025-02-10 14:57:03.900 -07:00 [INF] Copied 96 of 749 rows for dbo.schools in 0:00:00.0086798
2025-02-10 14:57:03.903 -07:00 [INF] Copying data for dbo.managers
2025-02-10 14:57:03.925 -07:00 [INF] Copied 337 of 3306 rows for dbo.managers in 0:00:00.0229731
2025-02-10 14:57:03.927 -07:00 [INF] Copying data for dbo.halloffame
2025-02-10 14:57:03.952 -07:00 [INF] Copied 356 of 3883 rows for dbo.halloffame in 0:00:00.0250929
2025-02-10 14:57:03.953 -07:00 [INF] Copying data for dbo.allstarfull
2025-02-10 14:57:03.983 -07:00 [INF] Copied 477 of 4834 rows for dbo.allstarfull in 0:00:00.0298853
2025-02-10 14:57:03.984 -07:00 [INF] Copying data for dbo.awardsshareplayers
2025-02-10 14:57:04.022 -07:00 [INF] Copied 624 of 6531 rows for dbo.awardsshareplayers in 0:00:00.0375558
2025-02-10 14:57:04.023 -07:00 [INF] Copying data for dbo.awardsplayers
2025-02-10 14:57:04.056 -07:00 [INF] Copied 602 of 5919 rows for dbo.awardsplayers in 0:00:00.0336005
2025-02-10 14:57:04.058 -07:00 [INF] Copying data for dbo.fieldingof
2025-02-10 14:57:04.113 -07:00 [INF] Copied 1136 of 12028 rows for dbo.fieldingof in 0:00:00.0561544
2025-02-10 14:57:04.116 -07:00 [INF] Copying data for dbo.teams
2025-02-10 14:57:04.142 -07:00 [INF] Copied 263 of 2715 rows for dbo.teams in 0:00:00.0273467
2025-02-10 14:57:04.147 -07:00 [INF] Copying data for dbo.pitchingpost
2025-02-10 14:57:04.180 -07:00 [INF] Copied 481 of 4612 rows for dbo.pitchingpost in 0:00:00.0338239
2025-02-10 14:57:04.182 -07:00 [INF] Copying data for dbo.salaries
2025-02-10 14:57:04.286 -07:00 [INF] Copied 2286 of 23141 rows for dbo.salaries in 0:00:00.104477
2025-02-10 14:57:04.288 -07:00 [INF] Copying data for dbo.schoolsplayers
2025-02-10 14:57:04.325 -07:00 [INF] Copied 652 of 6147 rows for dbo.schoolsplayers in 0:00:00.0379335
2025-02-10 14:57:04.329 -07:00 [INF] Copying data for dbo.fieldingpost
2025-02-10 14:57:04.390 -07:00 [INF] Copied 1114 of 11183 rows for dbo.fieldingpost in 0:00:00.0606091
2025-02-10 14:57:04.391 -07:00 [INF] Copying data for dbo.battingpost
2025-02-10 14:57:04.450 -07:00 [INF] Copied 1094 of 10510 rows for dbo.battingpost in 0:00:00.058864
2025-02-10 14:57:04.452 -07:00 [INF] Copying data for dbo.players
2025-02-10 14:57:04.559 -07:00 [INF] Copied 1644 of 16564 rows for dbo.players in 0:00:00.107836
2025-02-10 14:57:04.569 -07:00 [INF] Copying data for dbo.pitching
2025-02-10 14:57:04.790 -07:00 [INF] Copied 4169 of 41857 rows for dbo.pitching in 0:00:00.2216179
2025-02-10 14:57:04.793 -07:00 [INF] Copying data for dbo.appearances
2025-02-10 14:57:05.268 -07:00 [INF] Copied 9652 of 96737 rows for dbo.appearances in 0:00:00.4758432
2025-02-10 14:57:05.272 -07:00 [INF] Copying data for dbo.batting
2025-02-10 14:57:05.745 -07:00 [INF] Copied 9579 of 96600 rows for dbo.batting in 0:00:00.4742547
2025-02-10 14:57:05.768 -07:00 [INF] Subsetted data copied to target database in 0:00:02.7083354
2025-02-10 14:57:05.768 -07:00 [INF] Cleaning up
2025-02-10 14:57:05.802 -07:00 [INF] Subsetting complete in 0:00:08.4049424
