2025-01-16 11:37:31.548 -07:00 [INF] Subsetter version: 2.1.2.7370
2025-01-16 11:37:31.979 -07:00 [INF] Subsetter started
2025-01-16 11:37:32.035 -07:00 [INF] Building models for StartingTable
2025-01-16 11:37:32.071 -07:00 [INF] Database: Source, SqlServer, Microsoft SQL Server 2019 (RTM-CU29-GDR) (KB5046860) - 15.0.4410.1 (X64)  	Oct 23 2024 15:50:49  	Copyright (C) 2019 Microsoft Corporation 	Developer Edition (64-bit) on Windows 10 Pro for Workstations 10.0 <X64> (Build 19045: ) (Hypervisor) 
2025-01-16 11:37:32.073 -07:00 [INF] Database: Target, SqlServer, Microsoft SQL Server 2019 (RTM-CU29-GDR) (KB5046860) - 15.0.4410.1 (X64)  	Oct 23 2024 15:50:49  	Copyright (C) 2019 Microsoft Corporation 	Developer Edition (64-bit) on Windows 10 Pro for Workstations 10.0 <X64> (Build 19045: ) (Hypervisor) 
2025-01-16 11:37:32.126 -07:00 [INF] Staging data for copying to target database
2025-01-16 11:37:32.511 -07:00 [INF] Data staged in 0:00:00.384455
2025-01-16 11:37:32.512 -07:00 [INF] Copying subset to target database
2025-01-16 11:37:32.515 -07:00 [INF] Copying data for dbo.awardsmanagers
2025-01-16 11:37:32.545 -07:00 [INF] Copied 156 of 156 rows for dbo.awardsmanagers in 0:00:00.0327847
2025-01-16 11:37:32.548 -07:00 [INF] Copying data for dbo.managershalf
2025-01-16 11:37:32.555 -07:00 [INF] Copied 93 of 93 rows for dbo.managershalf in 0:00:00.0065098
2025-01-16 11:37:32.556 -07:00 [INF] Copying data for dbo.seriespost
2025-01-16 11:37:32.566 -07:00 [INF] Copied 272 of 272 rows for dbo.seriespost in 0:00:00.0107952
2025-01-16 11:37:32.567 -07:00 [INF] Copying data for dbo.teamsfranchises
2025-01-16 11:37:32.573 -07:00 [INF] Copied 120 of 120 rows for dbo.teamsfranchises in 0:00:00.0059185
2025-01-16 11:37:32.575 -07:00 [INF] Copying data for dbo.teamshalf
2025-01-16 11:37:32.590 -07:00 [INF] Copied 52 of 52 rows for dbo.teamshalf in 0:00:00.0150968
2025-01-16 11:37:32.592 -07:00 [INF] Copying data for dbo.players
2025-01-16 11:37:32.733 -07:00 [INF] Copied 1800 of 16564 rows for dbo.players in 0:00:00.1423275
2025-01-16 11:37:32.745 -07:00 [INF] Copying data for dbo.batting
2025-01-16 11:37:33.489 -07:00 [INF] Copied 11784 of 96600 rows for dbo.batting in 0:00:00.745522
2025-01-16 11:37:33.513 -07:00 [INF] Copying data for dbo.pitching
2025-01-16 11:37:33.759 -07:00 [INF] Copied 4518 of 41857 rows for dbo.pitching in 0:00:00.246188
2025-01-16 11:37:33.762 -07:00 [INF] Copying data for dbo.fielding
2025-01-16 11:37:34.601 -07:00 [INF] Copied 19539 of 144409 rows for dbo.fielding in 0:00:00.8393468
2025-01-16 11:37:34.609 -07:00 [INF] Copying data for dbo.teams
2025-01-16 11:37:34.652 -07:00 [INF] Copied 2220 of 2715 rows for dbo.teams in 0:00:00.0442097
2025-01-16 11:37:34.663 -07:00 [INF] Copying data for dbo.battingpost
2025-01-16 11:37:34.722 -07:00 [INF] Copied 1573 of 10510 rows for dbo.battingpost in 0:00:00.0594892
2025-01-16 11:37:34.723 -07:00 [INF] Subsetted data copied to target database in 0:00:02.2109839
2025-01-16 11:37:34.725 -07:00 [INF] Cleaning up
2025-01-16 11:37:34.740 -07:00 [INF] Subsetting complete in 0:00:02.7611271
