2025-01-15 14:27:13.708 -07:00 [INF] Subsetter version: 2.1.2.7370
2025-01-15 14:27:14.052 -07:00 [INF] Subsetter started
2025-01-15 14:27:14.278 -07:00 [INF] Building models for StartingTable
2025-01-15 14:27:14.319 -07:00 [INF] Database: Source, SqlServer, Microsoft SQL Server 2019 (RTM-CU29-GDR) (KB5046860) - 15.0.4410.1 (X64)  	Oct 23 2024 15:50:49  	Copyright (C) 2019 Microsoft Corporation 	Developer Edition (64-bit) on Windows 10 Pro for Workstations 10.0 <X64> (Build 19045: ) (Hypervisor) 
2025-01-15 14:27:14.322 -07:00 [INF] Database: Target, SqlServer, Microsoft SQL Server 2019 (RTM-CU29-GDR) (KB5046860) - 15.0.4410.1 (X64)  	Oct 23 2024 15:50:49  	Copyright (C) 2019 Microsoft Corporation 	Developer Edition (64-bit) on Windows 10 Pro for Workstations 10.0 <X64> (Build 19045: ) (Hypervisor) 
2025-01-15 14:27:14.451 -07:00 [INF] Staging data for copying to target database
2025-01-15 14:27:14.578 -07:00 [INF] Data staged in 0:00:00.1261636
2025-01-15 14:27:14.579 -07:00 [INF] Copying subset to target database
2025-01-15 14:27:14.581 -07:00 [INF] Copying data for dbo.awardsmanagers
2025-01-15 14:27:14.627 -07:00 [INF] Copied 156 of 156 rows for dbo.awardsmanagers in 0:00:00.0475858
2025-01-15 14:27:14.629 -07:00 [INF] Copying data for dbo.managershalf
2025-01-15 14:27:14.636 -07:00 [INF] Copied 93 of 93 rows for dbo.managershalf in 0:00:00.0066549
2025-01-15 14:27:14.637 -07:00 [INF] Copying data for dbo.seriespost
2025-01-15 14:27:14.647 -07:00 [INF] Copied 272 of 272 rows for dbo.seriespost in 0:00:00.0104887
2025-01-15 14:27:14.648 -07:00 [INF] Copying data for dbo.teamsfranchises
2025-01-15 14:27:14.654 -07:00 [INF] Copied 120 of 120 rows for dbo.teamsfranchises in 0:00:00.005967
2025-01-15 14:27:14.655 -07:00 [INF] Copying data for dbo.teamshalf
2025-01-15 14:27:14.669 -07:00 [INF] Copied 52 of 52 rows for dbo.teamshalf in 0:00:00.0139512
2025-01-15 14:27:14.670 -07:00 [INF] Copying data for dbo.players
2025-01-15 14:27:14.808 -07:00 [INF] Copied 1800 of 16564 rows for dbo.players in 0:00:00.1389996
2025-01-15 14:27:14.820 -07:00 [INF] Copying data for dbo.batting
2025-01-15 14:27:15.464 -07:00 [INF] Copied 11784 of 96600 rows for dbo.batting in 0:00:00.6449769
2025-01-15 14:27:15.488 -07:00 [INF] Subsetted data copied to target database in 0:00:00.9093597
2025-01-15 14:27:15.490 -07:00 [INF] Cleaning up
2025-01-15 14:27:15.510 -07:00 [INF] Subsetting complete in 0:00:01.4573999
