2025-01-15 13:52:02.787 -07:00 [INF] Subsetter version: 2.1.2.7370
2025-01-15 13:52:03.125 -07:00 [INF] Subsetter started
2025-01-15 13:52:03.374 -07:00 [INF] Building models for StartingTable
2025-01-15 13:52:03.410 -07:00 [INF] Database: Source, SqlServer, Microsoft SQL Server 2019 (RTM-CU29-GDR) (KB5046860) - 15.0.4410.1 (X64)  	Oct 23 2024 15:50:49  	Copyright (C) 2019 Microsoft Corporation 	Developer Edition (64-bit) on Windows 10 Pro for Workstations 10.0 <X64> (Build 19045: ) (Hypervisor) 
2025-01-15 13:52:03.413 -07:00 [INF] Database: Target, SqlServer, Microsoft SQL Server 2019 (RTM-CU29-GDR) (KB5046860) - 15.0.4410.1 (X64)  	Oct 23 2024 15:50:49  	Copyright (C) 2019 Microsoft Corporation 	Developer Edition (64-bit) on Windows 10 Pro for Workstations 10.0 <X64> (Build 19045: ) (Hypervisor) 
2025-01-15 13:52:03.632 -07:00 [INF] Staging data for copying to target database
2025-01-15 13:52:03.664 -07:00 [INF] Data staged in 0:00:00.0317457
2025-01-15 13:52:03.665 -07:00 [INF] Copying subset to target database
2025-01-15 13:52:03.667 -07:00 [INF] Copying data for dbo.awardsmanagers
2025-01-15 13:52:03.719 -07:00 [INF] Copied 156 of 156 rows for dbo.awardsmanagers in 0:00:00.0539237
2025-01-15 13:52:03.722 -07:00 [INF] Copying data for dbo.managershalf
2025-01-15 13:52:03.728 -07:00 [INF] Copied 93 of 93 rows for dbo.managershalf in 0:00:00.0070499
2025-01-15 13:52:03.730 -07:00 [INF] Copying data for dbo.seriespost
2025-01-15 13:52:03.740 -07:00 [INF] Copied 272 of 272 rows for dbo.seriespost in 0:00:00.0111289
2025-01-15 13:52:03.742 -07:00 [INF] Copying data for dbo.teamsfranchises
2025-01-15 13:52:03.748 -07:00 [INF] Copied 120 of 120 rows for dbo.teamsfranchises in 0:00:00.0068593
2025-01-15 13:52:03.750 -07:00 [INF] Copying data for dbo.teamshalf
2025-01-15 13:52:03.765 -07:00 [INF] Copied 52 of 52 rows for dbo.teamshalf in 0:00:00.0152576
2025-01-15 13:52:03.767 -07:00 [INF] Copying data for dbo.players
2025-01-15 13:52:03.912 -07:00 [INF] Copied 1800 of 16564 rows for dbo.players in 0:00:00.1463537
2025-01-15 13:52:03.925 -07:00 [INF] Subsetted data copied to target database in 0:00:00.2602007
2025-01-15 13:52:03.927 -07:00 [INF] Cleaning up
2025-01-15 13:52:03.950 -07:00 [INF] Subsetting complete in 0:00:00.8244098
