2025-01-16 11:37:10.070 -07:00 [INF] Subsetter version: 2.1.2.7370
2025-01-16 11:37:10.412 -07:00 [INF] Subsetter started
2025-01-16 11:37:10.670 -07:00 [INF] Building models for StartingTable
2025-01-16 11:37:10.721 -07:00 [INF] Database: Source, SqlServer, Microsoft SQL Server 2019 (RTM-CU29-GDR) (KB5046860) - 15.0.4410.1 (X64)  	Oct 23 2024 15:50:49  	Copyright (C) 2019 Microsoft Corporation 	Developer Edition (64-bit) on Windows 10 Pro for Workstations 10.0 <X64> (Build 19045: ) (Hypervisor) 
2025-01-16 11:37:10.723 -07:00 [INF] Database: Target, SqlServer, Microsoft SQL Server 2019 (RTM-CU29-GDR) (KB5046860) - 15.0.4410.1 (X64)  	Oct 23 2024 15:50:49  	Copyright (C) 2019 Microsoft Corporation 	Developer Edition (64-bit) on Windows 10 Pro for Workstations 10.0 <X64> (Build 19045: ) (Hypervisor) 
2025-01-16 11:37:10.951 -07:00 [INF] Staging data for copying to target database
2025-01-16 11:37:11.006 -07:00 [INF] Data staged in 0:00:00.0557697
2025-01-16 11:37:11.008 -07:00 [INF] Copying subset to target database
2025-01-16 11:37:11.010 -07:00 [INF] Copying data for dbo.awardsmanagers
2025-01-16 11:37:11.084 -07:00 [INF] Copied 156 of 156 rows for dbo.awardsmanagers in 0:00:00.0757913
2025-01-16 11:37:11.086 -07:00 [INF] Copying data for dbo.managershalf
2025-01-16 11:37:11.092 -07:00 [INF] Copied 93 of 93 rows for dbo.managershalf in 0:00:00.0063477
2025-01-16 11:37:11.093 -07:00 [INF] Copying data for dbo.seriespost
2025-01-16 11:37:11.103 -07:00 [INF] Copied 272 of 272 rows for dbo.seriespost in 0:00:00.0101319
2025-01-16 11:37:11.104 -07:00 [INF] Copying data for dbo.teamsfranchises
2025-01-16 11:37:11.110 -07:00 [INF] Copied 120 of 120 rows for dbo.teamsfranchises in 0:00:00.0058636
2025-01-16 11:37:11.111 -07:00 [INF] Copying data for dbo.teamshalf
2025-01-16 11:37:11.124 -07:00 [INF] Copied 52 of 52 rows for dbo.teamshalf in 0:00:00.0135592
2025-01-16 11:37:11.126 -07:00 [INF] Copying data for dbo.players
2025-01-16 11:37:11.255 -07:00 [INF] Copied 1800 of 16564 rows for dbo.players in 0:00:00.1301549
2025-01-16 11:37:11.266 -07:00 [INF] Subsetted data copied to target database in 0:00:00.2579272
2025-01-16 11:37:11.267 -07:00 [INF] Cleaning up
2025-01-16 11:37:11.287 -07:00 [INF] Subsetting complete in 0:00:00.874078
