2025-01-15 14:39:56.160 -07:00 [INF] Subsetter version: 2.1.2.7370
2025-01-15 14:39:56.495 -07:00 [INF] Subsetter started
2025-01-15 14:39:56.716 -07:00 [INF] Building models for StartingTable
2025-01-15 14:39:56.757 -07:00 [INF] Database: Source, SqlServer, Microsoft SQL Server 2019 (RTM-CU29-GDR) (KB5046860) - 15.0.4410.1 (X64)  	Oct 23 2024 15:50:49  	Copyright (C) 2019 Microsoft Corporation 	Developer Edition (64-bit) on Windows 10 Pro for Workstations 10.0 <X64> (Build 19045: ) (Hypervisor) 
2025-01-15 14:39:56.760 -07:00 [INF] Database: Target, SqlServer, Microsoft SQL Server 2019 (RTM-CU29-GDR) (KB5046860) - 15.0.4410.1 (X64)  	Oct 23 2024 15:50:49  	Copyright (C) 2019 Microsoft Corporation 	Developer Edition (64-bit) on Windows 10 Pro for Workstations 10.0 <X64> (Build 19045: ) (Hypervisor) 
2025-01-15 14:39:56.906 -07:00 [INF] Staging data for copying to target database
2025-01-15 14:39:57.082 -07:00 [INF] Data staged in 0:00:00.1760822
2025-01-15 14:39:57.083 -07:00 [INF] Copying subset to target database
2025-01-15 14:39:57.085 -07:00 [INF] Copying data for dbo.awardsmanagers
2025-01-15 14:39:57.130 -07:00 [INF] Copied 156 of 156 rows for dbo.awardsmanagers in 0:00:00.0469781
2025-01-15 14:39:57.133 -07:00 [INF] Copying data for dbo.managershalf
2025-01-15 14:39:57.140 -07:00 [INF] Copied 93 of 93 rows for dbo.managershalf in 0:00:00.0077497
2025-01-15 14:39:57.142 -07:00 [INF] Copying data for dbo.seriespost
2025-01-15 14:39:57.152 -07:00 [INF] Copied 272 of 272 rows for dbo.seriespost in 0:00:00.0102978
2025-01-15 14:39:57.153 -07:00 [INF] Copying data for dbo.teamsfranchises
2025-01-15 14:39:57.158 -07:00 [INF] Copied 120 of 120 rows for dbo.teamsfranchises in 0:00:00.0056216
2025-01-15 14:39:57.159 -07:00 [INF] Copying data for dbo.teamshalf
2025-01-15 14:39:57.173 -07:00 [INF] Copied 52 of 52 rows for dbo.teamshalf in 0:00:00.0136698
2025-01-15 14:39:57.175 -07:00 [INF] Copying data for dbo.players
2025-01-15 14:39:57.321 -07:00 [INF] Copied 1800 of 16564 rows for dbo.players in 0:00:00.1481441
2025-01-15 14:39:57.333 -07:00 [INF] Copying data for dbo.batting
2025-01-15 14:39:57.991 -07:00 [INF] Copied 11784 of 96600 rows for dbo.batting in 0:00:00.6588749
2025-01-15 14:39:58.015 -07:00 [INF] Copying data for dbo.teams
2025-01-15 14:39:58.095 -07:00 [INF] Copied 2220 of 2715 rows for dbo.teams in 0:00:00.0805081
2025-01-15 14:39:58.107 -07:00 [INF] Subsetted data copied to target database in 0:00:01.0231596
2025-01-15 14:39:58.109 -07:00 [INF] Cleaning up
2025-01-15 14:39:58.132 -07:00 [INF] Subsetting complete in 0:00:01.6366743
