2025-01-14 14:23:45.736 -07:00 [INF] Subsetter version: 2.1.2.7370
2025-01-14 14:23:46.066 -07:00 [INF] Subsetter started
2025-01-14 14:23:46.300 -07:00 [INF] Building models for DesiredSize
2025-01-14 14:23:46.737 -07:00 [INF] Database: Source, SqlServer, Microsoft SQL Server 2019 (RTM-CU29-GDR) (KB5046860) - 15.0.4410.1 (X64)  	Oct 23 2024 15:50:49  	Copyright (C) 2019 Microsoft Corporation 	Developer Edition (64-bit) on Windows 10 Pro for Workstations 10.0 <X64> (Build 19045: ) (Hypervisor) 
2025-01-14 14:23:46.740 -07:00 [INF] Database: Target, SqlServer, Microsoft SQL Server 2019 (RTM-CU29-GDR) (KB5046860) - 15.0.4410.1 (X64)  	Oct 23 2024 15:50:49  	Copyright (C) 2019 Microsoft Corporation 	Developer Edition (64-bit) on Windows 10 Pro for Workstations 10.0 <X64> (Build 19045: ) (Hypervisor) 
2025-01-14 14:23:47.352 -07:00 [INF] Staging data for copying to target database
2025-01-14 14:23:51.467 -07:00 [INF] Data staged in 0:00:04.1155683
2025-01-14 14:23:51.469 -07:00 [INF] Copying subset to target database
2025-01-14 14:23:51.471 -07:00 [INF] Copying data for dbo.fielding
2025-01-14 14:23:52.244 -07:00 [INF] Copied 14545 of 144409 rows for dbo.fielding in 0:00:00.7751096
2025-01-14 14:23:52.252 -07:00 [INF] Copying data for dbo.teamshalf
2025-01-14 14:23:52.266 -07:00 [INF] Copied 52 of 52 rows for dbo.teamshalf in 0:00:00.0139321
2025-01-14 14:23:52.267 -07:00 [INF] Copying data for dbo.teamsfranchises
2025-01-14 14:23:52.273 -07:00 [INF] Copied 120 of 120 rows for dbo.teamsfranchises in 0:00:00.0059167
2025-01-14 14:23:52.274 -07:00 [INF] Copying data for dbo.managershalf
2025-01-14 14:23:52.279 -07:00 [INF] Copied 93 of 93 rows for dbo.managershalf in 0:00:00.0057316
2025-01-14 14:23:52.280 -07:00 [INF] Copying data for dbo.seriespost
2025-01-14 14:23:52.290 -07:00 [INF] Copied 272 of 272 rows for dbo.seriespost in 0:00:00.0096089
2025-01-14 14:23:52.291 -07:00 [INF] Copying data for dbo.els_teamnames
2025-01-14 14:23:52.296 -07:00 [INF] Copied 37 of 314 rows for dbo.els_teamnames in 0:00:00.005819
2025-01-14 14:23:52.297 -07:00 [INF] Copying data for dbo.awardsmanagers
2025-01-14 14:23:52.304 -07:00 [INF] Copied 156 of 156 rows for dbo.awardsmanagers in 0:00:00.0070729
2025-01-14 14:23:52.305 -07:00 [INF] Copying data for dbo.awardssharemanagers
2025-01-14 14:23:52.310 -07:00 [INF] Copied 34 of 372 rows for dbo.awardssharemanagers in 0:00:00.0055921
2025-01-14 14:23:52.312 -07:00 [INF] Copying data for dbo.schools
2025-01-14 14:23:52.320 -07:00 [INF] Copied 96 of 749 rows for dbo.schools in 0:00:00.009056
2025-01-14 14:23:52.323 -07:00 [INF] Copying data for dbo.managers
2025-01-14 14:23:52.345 -07:00 [INF] Copied 337 of 3306 rows for dbo.managers in 0:00:00.0219326
2025-01-14 14:23:52.346 -07:00 [INF] Copying data for dbo.halloffame
2025-01-14 14:23:52.370 -07:00 [INF] Copied 356 of 3883 rows for dbo.halloffame in 0:00:00.0250216
2025-01-14 14:23:52.372 -07:00 [INF] Copying data for dbo.allstarfull
2025-01-14 14:23:52.401 -07:00 [INF] Copied 477 of 4834 rows for dbo.allstarfull in 0:00:00.0291879
2025-01-14 14:23:52.402 -07:00 [INF] Copying data for dbo.awardsshareplayers
2025-01-14 14:23:52.439 -07:00 [INF] Copied 624 of 6531 rows for dbo.awardsshareplayers in 0:00:00.0370009
2025-01-14 14:23:52.440 -07:00 [INF] Copying data for dbo.awardsplayers
2025-01-14 14:23:52.474 -07:00 [INF] Copied 602 of 5919 rows for dbo.awardsplayers in 0:00:00.0341937
2025-01-14 14:23:52.476 -07:00 [INF] Copying data for dbo.fieldingof
2025-01-14 14:23:52.531 -07:00 [INF] Copied 1136 of 12028 rows for dbo.fieldingof in 0:00:00.0561591
2025-01-14 14:23:52.534 -07:00 [INF] Copying data for dbo.teams
2025-01-14 14:23:52.560 -07:00 [INF] Copied 263 of 2715 rows for dbo.teams in 0:00:00.0275964
2025-01-14 14:23:52.565 -07:00 [INF] Copying data for dbo.pitchingpost
2025-01-14 14:23:52.601 -07:00 [INF] Copied 481 of 4612 rows for dbo.pitchingpost in 0:00:00.0365871
2025-01-14 14:23:52.603 -07:00 [INF] Copying data for dbo.salaries
2025-01-14 14:23:52.707 -07:00 [INF] Copied 2286 of 23141 rows for dbo.salaries in 0:00:00.1047299
2025-01-14 14:23:52.710 -07:00 [INF] Copying data for dbo.schoolsplayers
2025-01-14 14:23:52.748 -07:00 [INF] Copied 652 of 6147 rows for dbo.schoolsplayers in 0:00:00.0388008
2025-01-14 14:23:52.752 -07:00 [INF] Copying data for dbo.fieldingpost
2025-01-14 14:23:52.813 -07:00 [INF] Copied 1114 of 11183 rows for dbo.fieldingpost in 0:00:00.0607344
2025-01-14 14:23:52.814 -07:00 [INF] Copying data for dbo.battingpost
2025-01-14 14:23:52.873 -07:00 [INF] Copied 1094 of 10510 rows for dbo.battingpost in 0:00:00.0591662
2025-01-14 14:23:52.876 -07:00 [INF] Copying data for dbo.players
2025-01-14 14:23:52.981 -07:00 [INF] Copied 1644 of 16564 rows for dbo.players in 0:00:00.1060176
2025-01-14 14:23:52.991 -07:00 [INF] Copying data for dbo.pitching
2025-01-14 14:23:53.207 -07:00 [INF] Copied 4169 of 41857 rows for dbo.pitching in 0:00:00.2163247
2025-01-14 14:23:53.210 -07:00 [INF] Copying data for dbo.appearances
2025-01-14 14:23:53.670 -07:00 [INF] Copied 9652 of 96737 rows for dbo.appearances in 0:00:00.4602723
2025-01-14 14:23:53.673 -07:00 [INF] Copying data for dbo.batting
2025-01-14 14:23:54.116 -07:00 [INF] Copied 9579 of 96600 rows for dbo.batting in 0:00:00.4434322
2025-01-14 14:23:54.135 -07:00 [INF] Subsetted data copied to target database in 0:00:02.6663878
2025-01-14 14:23:54.135 -07:00 [INF] Cleaning up
2025-01-14 14:23:54.166 -07:00 [INF] Subsetting complete in 0:00:08.0994601
