2025-01-27 12:21:52.417 -07:00 [INF] Subsetter version: 2.1.2.7370
2025-01-27 12:21:52.710 -07:00 [INF] Subsetter started
2025-01-27 12:21:52.952 -07:00 [INF] Building models for DesiredSize
2025-01-27 12:21:53.489 -07:00 [INF] Database: Source, SqlServer, Microsoft SQL Server 2019 (RTM-CU29-GDR) (KB5046860) - 15.0.4410.1 (X64)  	Oct 23 2024 15:50:49  	Copyright (C) 2019 Microsoft Corporation 	Developer Edition (64-bit) on Windows 10 Pro for Workstations 10.0 <X64> (Build 19045: ) (Hypervisor) 
2025-01-27 12:21:53.492 -07:00 [INF] Database: Target, SqlServer, Microsoft SQL Server 2019 (RTM-CU29-GDR) (KB5046860) - 15.0.4410.1 (X64)  	Oct 23 2024 15:50:49  	Copyright (C) 2019 Microsoft Corporation 	Developer Edition (64-bit) on Windows 10 Pro for Workstations 10.0 <X64> (Build 19045: ) (Hypervisor) 
2025-01-27 12:21:53.756 -07:00 [INF] Staging data for copying to target database
2025-01-27 12:21:54.280 -07:00 [INF] Data staged in 0:00:00.5242951
2025-01-27 12:21:54.282 -07:00 [INF] Copying subset to target database
2025-01-27 12:21:54.286 -07:00 [INF] Copying data for dbo.fielding
2025-01-27 12:21:55.137 -07:00 [INF] Copied 14545 of 144409 rows for dbo.fielding in 0:00:00.8553208
2025-01-27 12:21:55.146 -07:00 [INF] Copying data for dbo.teamshalf
2025-01-27 12:21:55.161 -07:00 [INF] Copied 52 of 52 rows for dbo.teamshalf in 0:00:00.0159916
2025-01-27 12:21:55.162 -07:00 [INF] Copying data for dbo.teamsfranchises
2025-01-27 12:21:55.173 -07:00 [INF] Copied 17 of 120 rows for dbo.teamsfranchises in 0:00:00.0110605
2025-01-27 12:21:55.174 -07:00 [INF] Copying data for dbo.managershalf
2025-01-27 12:21:55.180 -07:00 [INF] Copied 93 of 93 rows for dbo.managershalf in 0:00:00.0059456
2025-01-27 12:21:55.181 -07:00 [INF] Copying data for dbo.seriespost
2025-01-27 12:21:55.187 -07:00 [INF] Copied 30 of 272 rows for dbo.seriespost in 0:00:00.0063847
2025-01-27 12:21:55.188 -07:00 [INF] Copying data for dbo.els_teamnames
2025-01-27 12:21:55.195 -07:00 [INF] Copied 37 of 314 rows for dbo.els_teamnames in 0:00:00.0071981
2025-01-27 12:21:55.196 -07:00 [INF] Copying data for dbo.awardsmanagers
2025-01-27 12:21:55.208 -07:00 [INF] Copied 16 of 156 rows for dbo.awardsmanagers in 0:00:00.0129171
2025-01-27 12:21:55.210 -07:00 [INF] Copying data for dbo.awardssharemanagers
2025-01-27 12:21:55.216 -07:00 [INF] Copied 34 of 372 rows for dbo.awardssharemanagers in 0:00:00.0066376
2025-01-27 12:21:55.217 -07:00 [INF] Copying data for dbo.schools
2025-01-27 12:21:55.225 -07:00 [INF] Copied 96 of 749 rows for dbo.schools in 0:00:00.0079285
2025-01-27 12:21:55.228 -07:00 [INF] Copying data for dbo.managers
2025-01-27 12:21:55.250 -07:00 [INF] Copied 337 of 3306 rows for dbo.managers in 0:00:00.0221358
2025-01-27 12:21:55.251 -07:00 [INF] Copying data for dbo.halloffame
2025-01-27 12:21:55.276 -07:00 [INF] Copied 356 of 3883 rows for dbo.halloffame in 0:00:00.0251622
2025-01-27 12:21:55.277 -07:00 [INF] Copying data for dbo.allstarfull
2025-01-27 12:21:55.308 -07:00 [INF] Copied 477 of 4834 rows for dbo.allstarfull in 0:00:00.0313185
2025-01-27 12:21:55.310 -07:00 [INF] Copying data for dbo.awardsshareplayers
2025-01-27 12:21:55.347 -07:00 [INF] Copied 624 of 6531 rows for dbo.awardsshareplayers in 0:00:00.0371555
2025-01-27 12:21:55.348 -07:00 [INF] Copying data for dbo.awardsplayers
2025-01-27 12:21:55.384 -07:00 [INF] Copied 602 of 5919 rows for dbo.awardsplayers in 0:00:00.0359818
2025-01-27 12:21:55.385 -07:00 [INF] Copying data for dbo.fieldingof
2025-01-27 12:21:55.444 -07:00 [INF] Copied 1136 of 12028 rows for dbo.fieldingof in 0:00:00.0596063
2025-01-27 12:21:55.446 -07:00 [INF] Copying data for dbo.teams
2025-01-27 12:21:55.473 -07:00 [INF] Copied 263 of 2715 rows for dbo.teams in 0:00:00.0274384
2025-01-27 12:21:55.478 -07:00 [INF] Copying data for dbo.pitchingpost
2025-01-27 12:21:55.510 -07:00 [INF] Copied 481 of 4612 rows for dbo.pitchingpost in 0:00:00.0324372
2025-01-27 12:21:55.512 -07:00 [INF] Copying data for dbo.salaries
2025-01-27 12:21:55.636 -07:00 [INF] Copied 2286 of 23141 rows for dbo.salaries in 0:00:00.1247317
2025-01-27 12:21:55.639 -07:00 [INF] Copying data for dbo.schoolsplayers
2025-01-27 12:21:55.683 -07:00 [INF] Copied 652 of 6147 rows for dbo.schoolsplayers in 0:00:00.0456595
2025-01-27 12:21:55.689 -07:00 [INF] Copying data for dbo.fieldingpost
2025-01-27 12:21:55.752 -07:00 [INF] Copied 1114 of 11183 rows for dbo.fieldingpost in 0:00:00.0638367
2025-01-27 12:21:55.754 -07:00 [INF] Copying data for dbo.battingpost
2025-01-27 12:21:55.813 -07:00 [INF] Copied 1094 of 10510 rows for dbo.battingpost in 0:00:00.0590795
2025-01-27 12:21:55.816 -07:00 [INF] Copying data for dbo.players
2025-01-27 12:21:55.942 -07:00 [INF] Copied 1644 of 16564 rows for dbo.players in 0:00:00.1268616
2025-01-27 12:21:55.952 -07:00 [INF] Copying data for dbo.pitching
2025-01-27 12:21:56.201 -07:00 [INF] Copied 4169 of 41857 rows for dbo.pitching in 0:00:00.2495015
2025-01-27 12:21:56.205 -07:00 [INF] Copying data for dbo.appearances
2025-01-27 12:21:56.719 -07:00 [INF] Copied 9652 of 96737 rows for dbo.appearances in 0:00:00.5144304
2025-01-27 12:21:56.722 -07:00 [INF] Copying data for dbo.batting
2025-01-27 12:21:57.196 -07:00 [INF] Copied 9579 of 96600 rows for dbo.batting in 0:00:00.4748262
2025-01-27 12:21:57.216 -07:00 [INF] Subsetted data copied to target database in 0:00:02.934339
2025-01-27 12:21:57.216 -07:00 [INF] Cleaning up
2025-01-27 12:21:57.246 -07:00 [INF] Subsetting complete in 0:00:04.5354381
