2025-01-15 13:54:59.829 -07:00 [INF] Subsetter version: 2.1.2.7370
2025-01-15 13:55:00.150 -07:00 [INF] Subsetter started
2025-01-15 13:55:00.375 -07:00 [INF] Building models for StartingTable
2025-01-15 13:55:00.407 -07:00 [INF] Database: Source, SqlServer, Microsoft SQL Server 2019 (RTM-CU29-GDR) (KB5046860) - 15.0.4410.1 (X64)  	Oct 23 2024 15:50:49  	Copyright (C) 2019 Microsoft Corporation 	Developer Edition (64-bit) on Windows 10 Pro for Workstations 10.0 <X64> (Build 19045: ) (Hypervisor) 
2025-01-15 13:55:00.410 -07:00 [INF] Database: Target, SqlServer, Microsoft SQL Server 2019 (RTM-CU29-GDR) (KB5046860) - 15.0.4410.1 (X64)  	Oct 23 2024 15:50:49  	Copyright (C) 2019 Microsoft Corporation 	Developer Edition (64-bit) on Windows 10 Pro for Workstations 10.0 <X64> (Build 19045: ) (Hypervisor) 
2025-01-15 13:55:00.537 -07:00 [INF] Staging data for copying to target database
2025-01-15 13:55:00.578 -07:00 [INF] Data staged in 0:00:00.0418064
2025-01-15 13:55:00.580 -07:00 [INF] Copying subset to target database
2025-01-15 13:55:00.582 -07:00 [INF] Copying data for dbo.awardsmanagers
2025-01-15 13:55:00.627 -07:00 [INF] Copied 156 of 156 rows for dbo.awardsmanagers in 0:00:00.0468022
2025-01-15 13:55:00.629 -07:00 [INF] Copying data for dbo.managershalf
2025-01-15 13:55:00.636 -07:00 [INF] Copied 93 of 93 rows for dbo.managershalf in 0:00:00.0066922
2025-01-15 13:55:00.637 -07:00 [INF] Copying data for dbo.seriespost
2025-01-15 13:55:00.647 -07:00 [INF] Copied 272 of 272 rows for dbo.seriespost in 0:00:00.0104934
2025-01-15 13:55:00.648 -07:00 [INF] Copying data for dbo.teamsfranchises
2025-01-15 13:55:00.654 -07:00 [INF] Copied 120 of 120 rows for dbo.teamsfranchises in 0:00:00.0061013
2025-01-15 13:55:00.655 -07:00 [INF] Copying data for dbo.teamshalf
2025-01-15 13:55:00.669 -07:00 [INF] Copied 52 of 52 rows for dbo.teamshalf in 0:00:00.0144316
2025-01-15 13:55:00.672 -07:00 [INF] Copying data for dbo.players
2025-01-15 13:55:00.805 -07:00 [INF] Copied 1800 of 16564 rows for dbo.players in 0:00:00.1349523
2025-01-15 13:55:00.817 -07:00 [INF] Copying data for dbo.teams
2025-01-15 13:55:00.911 -07:00 [INF] Copied 2715 of 2715 rows for dbo.teams in 0:00:00.0946806
2025-01-15 13:55:00.925 -07:00 [INF] Subsetted data copied to target database in 0:00:00.3452672
2025-01-15 13:55:00.927 -07:00 [INF] Cleaning up
2025-01-15 13:55:00.948 -07:00 [INF] Subsetting complete in 0:00:00.7977825
