{"@t":"2025-02-10T22:05:54.8823095Z","@mt":"Subsetter version: {Version}","Version":"2.1.2.7370"}
{"@t":"2025-02-10T22:05:55.2132184Z","@mt":"Subsetter started"}
{"@t":"2025-02-10T22:05:55.2613176Z","@mt":"Building models for {SubsetSpecifierType}","SubsetSpecifierType":"StartingTable"}
{"@t":"2025-02-10T22:05:55.2873331Z","@mt":"Database: {Location}, {Type}, {Version}","Location":"Source","Type":"SqlServer","Version":"Microsoft SQL Server 2019 (RTM-CU29-GDR) (KB5046860) - 15.0.4410.1 (X64)  \tOct 23 2024 15:50:49  \tCopyright (C) 2019 Microsoft Corporation \tDeveloper Edition (64-bit) on Windows 10 Pro for Workstations 10.0 <X64> (Build 19045: ) (Hypervisor) "}
{"@t":"2025-02-10T22:05:55.2902431Z","@mt":"Database: {Location}, {Type}, {Version}","Location":"Target","Type":"SqlServer","Version":"Microsoft SQL Server 2019 (RTM-CU29-GDR) (KB5046860) - 15.0.4410.1 (X64)  \tOct 23 2024 15:50:49  \tCopyright (C) 2019 Microsoft Corporation \tDeveloper Edition (64-bit) on Windows 10 Pro for Workstations 10.0 <X64> (Build 19045: ) (Hypervisor) "}
{"@t":"2025-02-10T22:05:55.3425762Z","@mt":"Staging data for copying to target database"}
{"@t":"2025-02-10T22:05:55.3736629Z","@mt":"Data staged in {Duration}","Duration":"0:00:00.0310826"}
{"@t":"2025-02-10T22:05:55.3747344Z","@mt":"Copying subset to target database"}
{"@t":"2025-02-10T22:05:55.3767082Z","@mt":"Copying data for {TableName}","TableName":"dbo.awardsmanagers"}
{"@t":"2025-02-10T22:05:55.4055617Z","@mt":"Copied {TargetRowCount} of {SourceRowCount} rows for {TableName} in {Duration}","TargetRowCount":156,"SourceRowCount":156,"TableName":"dbo.awardsmanagers","Duration":"0:00:00.0307236"}
{"@t":"2025-02-10T22:05:55.4081318Z","@mt":"Copying data for {TableName}","TableName":"dbo.managershalf"}
{"@t":"2025-02-10T22:05:55.4138213Z","@mt":"Copied {TargetRowCount} of {SourceRowCount} rows for {TableName} in {Duration}","TargetRowCount":93,"SourceRowCount":93,"TableName":"dbo.managershalf","Duration":"0:00:00.0060382"}
{"@t":"2025-02-10T22:05:55.4149411Z","@mt":"Copying data for {TableName}","TableName":"dbo.seriespost"}
{"@t":"2025-02-10T22:05:55.4257338Z","@mt":"Copied {TargetRowCount} of {SourceRowCount} rows for {TableName} in {Duration}","TargetRowCount":272,"SourceRowCount":272,"TableName":"dbo.seriespost","Duration":"0:00:00.0111133"}
{"@t":"2025-02-10T22:05:55.4271002Z","@mt":"Copying data for {TableName}","TableName":"dbo.teamsfranchises"}
{"@t":"2025-02-10T22:05:55.4322612Z","@mt":"Copied {TargetRowCount} of {SourceRowCount} rows for {TableName} in {Duration}","TargetRowCount":120,"SourceRowCount":120,"TableName":"dbo.teamsfranchises","Duration":"0:00:00.005506"}
{"@t":"2025-02-10T22:05:55.4333605Z","@mt":"Copying data for {TableName}","TableName":"dbo.teamshalf"}
{"@t":"2025-02-10T22:05:55.4474151Z","@mt":"Copied {TargetRowCount} of {SourceRowCount} rows for {TableName} in {Duration}","TargetRowCount":52,"SourceRowCount":52,"TableName":"dbo.teamshalf","Duration":"0:00:00.0143601"}
{"@t":"2025-02-10T22:05:55.4497012Z","@mt":"Copying data for {TableName}","TableName":"dbo.players"}
{"@t":"2025-02-10T22:05:55.5864577Z","@mt":"Copied {TargetRowCount} of {SourceRowCount} rows for {TableName} in {Duration}","TargetRowCount":1800,"SourceRowCount":16564,"TableName":"dbo.players","Duration":"0:00:00.1381227"}
{"@t":"2025-02-10T22:05:55.5987690Z","@mt":"Copying data for {TableName}","TableName":"dbo.teams"}
{"@t":"2025-02-10T22:05:55.6330732Z","@mt":"Copied {TargetRowCount} of {SourceRowCount} rows for {TableName} in {Duration}","TargetRowCount":360,"SourceRowCount":2715,"TableName":"dbo.teams","Duration":"0:00:00.0352114"}
{"@t":"2025-02-10T22:05:55.6378069Z","@mt":"Subsetted data copied to target database in {Duration}","Duration":"0:00:00.2630378"}
{"@t":"2025-02-10T22:05:55.6394187Z","@mt":"Cleaning up"}
{"@t":"2025-02-10T22:05:55.6523261Z","@mt":"Subsetting complete in {Duration}","Duration":"0:00:00.4387551"}
