2025-01-15 14:22:47.696 -07:00 [INF] Subsetter version: 2.1.2.7370
2025-01-15 14:22:48.037 -07:00 [INF] Subsetter started
2025-01-15 14:22:48.085 -07:00 [INF] Building models for StartingTable
2025-01-15 14:22:48.109 -07:00 [INF] Database: Source, SqlServer, Microsoft SQL Server 2019 (RTM-CU29-GDR) (KB5046860) - 15.0.4410.1 (X64)  	Oct 23 2024 15:50:49  	Copyright (C) 2019 Microsoft Corporation 	Developer Edition (64-bit) on Windows 10 Pro for Workstations 10.0 <X64> (Build 19045: ) (Hypervisor) 
2025-01-15 14:22:48.112 -07:00 [INF] Database: Target, SqlServer, Microsoft SQL Server 2019 (RTM-CU29-GDR) (KB5046860) - 15.0.4410.1 (X64)  	Oct 23 2024 15:50:49  	Copyright (C) 2019 Microsoft Corporation 	Developer Edition (64-bit) on Windows 10 Pro for Workstations 10.0 <X64> (Build 19045: ) (Hypervisor) 
2025-01-15 14:22:48.199 -07:00 [INF] Staging data for copying to target database
2025-01-15 14:22:48.234 -07:00 [INF] Data staged in 0:00:00.0353619
2025-01-15 14:22:48.235 -07:00 [INF] Copying subset to target database
2025-01-15 14:22:48.237 -07:00 [INF] Copying data for dbo.awardsmanagers
2025-01-15 14:22:48.267 -07:00 [INF] Copied 156 of 156 rows for dbo.awardsmanagers in 0:00:00.0318076
2025-01-15 14:22:48.270 -07:00 [INF] Copying data for dbo.managershalf
2025-01-15 14:22:48.276 -07:00 [INF] Copied 93 of 93 rows for dbo.managershalf in 0:00:00.0061271
2025-01-15 14:22:48.277 -07:00 [INF] Copying data for dbo.seriespost
2025-01-15 14:22:48.287 -07:00 [INF] Copied 272 of 272 rows for dbo.seriespost in 0:00:00.0096499
2025-01-15 14:22:48.288 -07:00 [INF] Copying data for dbo.teamsfranchises
2025-01-15 14:22:48.294 -07:00 [INF] Copied 120 of 120 rows for dbo.teamsfranchises in 0:00:00.0060226
2025-01-15 14:22:48.295 -07:00 [INF] Copying data for dbo.teamshalf
2025-01-15 14:22:48.308 -07:00 [INF] Copied 52 of 52 rows for dbo.teamshalf in 0:00:00.0137872
2025-01-15 14:22:48.311 -07:00 [INF] Copying data for dbo.players
2025-01-15 14:22:48.461 -07:00 [INF] Copied 1800 of 16564 rows for dbo.players in 0:00:00.1511211
2025-01-15 14:22:48.472 -07:00 [INF] Copying data for dbo.teams
2025-01-15 14:22:48.501 -07:00 [INF] Copied 360 of 2715 rows for dbo.teams in 0:00:00.0297574
2025-01-15 14:22:48.506 -07:00 [INF] Subsetted data copied to target database in 0:00:00.2701946
2025-01-15 14:22:48.507 -07:00 [INF] Cleaning up
2025-01-15 14:22:48.521 -07:00 [INF] Subsetting complete in 0:00:00.4835211
