2025-01-15 14:12:49.286 -07:00 [INF] Subsetter version: 2.1.2.7370
2025-01-15 14:12:49.628 -07:00 [INF] Subsetter started
2025-01-15 14:12:49.873 -07:00 [INF] Building models for DesiredSize
2025-01-15 14:12:50.387 -07:00 [INF] Database: Source, SqlServer, Microsoft SQL Server 2019 (RTM-CU29-GDR) (KB5046860) - 15.0.4410.1 (X64)  	Oct 23 2024 15:50:49  	Copyright (C) 2019 Microsoft Corporation 	Developer Edition (64-bit) on Windows 10 Pro for Workstations 10.0 <X64> (Build 19045: ) (Hypervisor) 
2025-01-15 14:12:50.390 -07:00 [INF] Database: Target, SqlServer, Microsoft SQL Server 2019 (RTM-CU29-GDR) (KB5046860) - 15.0.4410.1 (X64)  	Oct 23 2024 15:50:49  	Copyright (C) 2019 Microsoft Corporation 	Developer Edition (64-bit) on Windows 10 Pro for Workstations 10.0 <X64> (Build 19045: ) (Hypervisor) 
2025-01-15 14:12:51.060 -07:00 [INF] Staging data for copying to target database
2025-01-15 14:12:56.338 -07:00 [INF] Data staged in 0:00:05.2779178
2025-01-15 14:12:56.340 -07:00 [INF] Copying subset to target database
2025-01-15 14:12:56.342 -07:00 [INF] Copying data for dbo.fielding
2025-01-15 14:12:57.289 -07:00 [INF] Copied 14545 of 144409 rows for dbo.fielding in 0:00:00.9487555
2025-01-15 14:12:57.297 -07:00 [INF] Copying data for dbo.teamshalf
2025-01-15 14:12:57.315 -07:00 [INF] Copied 52 of 52 rows for dbo.teamshalf in 0:00:00.018494
2025-01-15 14:12:57.317 -07:00 [INF] Copying data for dbo.teamsfranchises
2025-01-15 14:12:57.323 -07:00 [INF] Copied 120 of 120 rows for dbo.teamsfranchises in 0:00:00.0066728
2025-01-15 14:12:57.324 -07:00 [INF] Copying data for dbo.managershalf
2025-01-15 14:12:57.331 -07:00 [INF] Copied 93 of 93 rows for dbo.managershalf in 0:00:00.0065994
2025-01-15 14:12:57.332 -07:00 [INF] Copying data for dbo.seriespost
2025-01-15 14:12:57.343 -07:00 [INF] Copied 272 of 272 rows for dbo.seriespost in 0:00:00.0108001
2025-01-15 14:12:57.344 -07:00 [INF] Copying data for dbo.els_teamnames
2025-01-15 14:12:57.350 -07:00 [INF] Copied 37 of 314 rows for dbo.els_teamnames in 0:00:00.0068538
2025-01-15 14:12:57.351 -07:00 [INF] Copying data for dbo.awardsmanagers
2025-01-15 14:12:57.359 -07:00 [INF] Copied 156 of 156 rows for dbo.awardsmanagers in 0:00:00.0078957
2025-01-15 14:12:57.360 -07:00 [INF] Copying data for dbo.awardssharemanagers
2025-01-15 14:12:57.368 -07:00 [INF] Copied 34 of 372 rows for dbo.awardssharemanagers in 0:00:00.007866
2025-01-15 14:12:57.369 -07:00 [INF] Copying data for dbo.schools
2025-01-15 14:12:57.379 -07:00 [INF] Copied 96 of 749 rows for dbo.schools in 0:00:00.0102649
2025-01-15 14:12:57.382 -07:00 [INF] Copying data for dbo.managers
2025-01-15 14:12:57.406 -07:00 [INF] Copied 337 of 3306 rows for dbo.managers in 0:00:00.0241953
2025-01-15 14:12:57.407 -07:00 [INF] Copying data for dbo.halloffame
2025-01-15 14:12:57.437 -07:00 [INF] Copied 356 of 3883 rows for dbo.halloffame in 0:00:00.0298503
2025-01-15 14:12:57.439 -07:00 [INF] Copying data for dbo.allstarfull
2025-01-15 14:12:57.480 -07:00 [INF] Copied 477 of 4834 rows for dbo.allstarfull in 0:00:00.0418174
2025-01-15 14:12:57.482 -07:00 [INF] Copying data for dbo.awardsshareplayers
2025-01-15 14:12:57.520 -07:00 [INF] Copied 624 of 6531 rows for dbo.awardsshareplayers in 0:00:00.0385541
2025-01-15 14:12:57.521 -07:00 [INF] Copying data for dbo.awardsplayers
2025-01-15 14:12:57.558 -07:00 [INF] Copied 602 of 5919 rows for dbo.awardsplayers in 0:00:00.0366548
2025-01-15 14:12:57.559 -07:00 [INF] Copying data for dbo.fieldingof
2025-01-15 14:12:57.622 -07:00 [INF] Copied 1136 of 12028 rows for dbo.fieldingof in 0:00:00.0630834
2025-01-15 14:12:57.624 -07:00 [INF] Copying data for dbo.teams
2025-01-15 14:12:57.652 -07:00 [INF] Copied 263 of 2715 rows for dbo.teams in 0:00:00.0291003
2025-01-15 14:12:57.658 -07:00 [INF] Copying data for dbo.pitchingpost
2025-01-15 14:12:57.693 -07:00 [INF] Copied 481 of 4612 rows for dbo.pitchingpost in 0:00:00.035128
2025-01-15 14:12:57.695 -07:00 [INF] Copying data for dbo.salaries
2025-01-15 14:12:57.804 -07:00 [INF] Copied 2286 of 23141 rows for dbo.salaries in 0:00:00.1100985
2025-01-15 14:12:57.807 -07:00 [INF] Copying data for dbo.schoolsplayers
2025-01-15 14:12:57.848 -07:00 [INF] Copied 652 of 6147 rows for dbo.schoolsplayers in 0:00:00.041888
2025-01-15 14:12:57.852 -07:00 [INF] Copying data for dbo.fieldingpost
2025-01-15 14:12:57.915 -07:00 [INF] Copied 1114 of 11183 rows for dbo.fieldingpost in 0:00:00.0626687
2025-01-15 14:12:57.917 -07:00 [INF] Copying data for dbo.battingpost
2025-01-15 14:12:57.976 -07:00 [INF] Copied 1094 of 10510 rows for dbo.battingpost in 0:00:00.0592871
2025-01-15 14:12:57.978 -07:00 [INF] Copying data for dbo.players
2025-01-15 14:12:58.086 -07:00 [INF] Copied 1644 of 16564 rows for dbo.players in 0:00:00.108684
2025-01-15 14:12:58.097 -07:00 [INF] Copying data for dbo.pitching
2025-01-15 14:12:58.321 -07:00 [INF] Copied 4169 of 41857 rows for dbo.pitching in 0:00:00.2245175
2025-01-15 14:12:58.324 -07:00 [INF] Copying data for dbo.appearances
2025-01-15 14:12:58.798 -07:00 [INF] Copied 9652 of 96737 rows for dbo.appearances in 0:00:00.4739615
2025-01-15 14:12:58.801 -07:00 [INF] Copying data for dbo.batting
2025-01-15 14:12:59.259 -07:00 [INF] Copied 9579 of 96600 rows for dbo.batting in 0:00:00.4585187
2025-01-15 14:12:59.279 -07:00 [INF] Subsetted data copied to target database in 0:00:02.9393939
2025-01-15 14:12:59.280 -07:00 [INF] Cleaning up
2025-01-15 14:12:59.312 -07:00 [INF] Subsetting complete in 0:00:09.6843354
