2025-01-15 14:16:59.475 -07:00 [INF] Subsetter version: 2.1.2.7370
2025-01-15 14:16:59.806 -07:00 [INF] Subsetter started
2025-01-15 14:17:00.027 -07:00 [INF] Building models for StartingTable
2025-01-15 14:17:00.061 -07:00 [INF] Database: Source, SqlServer, Microsoft SQL Server 2019 (RTM-CU29-GDR) (KB5046860) - 15.0.4410.1 (X64)  	Oct 23 2024 15:50:49  	Copyright (C) 2019 Microsoft Corporation 	Developer Edition (64-bit) on Windows 10 Pro for Workstations 10.0 <X64> (Build 19045: ) (Hypervisor) 
2025-01-15 14:17:00.063 -07:00 [INF] Database: Target, SqlServer, Microsoft SQL Server 2019 (RTM-CU29-GDR) (KB5046860) - 15.0.4410.1 (X64)  	Oct 23 2024 15:50:49  	Copyright (C) 2019 Microsoft Corporation 	Developer Edition (64-bit) on Windows 10 Pro for Workstations 10.0 <X64> (Build 19045: ) (Hypervisor) 
2025-01-15 14:17:00.195 -07:00 [INF] Staging data for copying to target database
2025-01-15 14:17:00.225 -07:00 [INF] Data staged in 0:00:00.0299044
2025-01-15 14:17:00.226 -07:00 [INF] Copying subset to target database
2025-01-15 14:17:00.229 -07:00 [INF] Copying data for dbo.awardsmanagers
2025-01-15 14:17:00.274 -07:00 [INF] Copied 156 of 156 rows for dbo.awardsmanagers in 0:00:00.0476169
2025-01-15 14:17:00.277 -07:00 [INF] Copying data for dbo.managershalf
2025-01-15 14:17:00.283 -07:00 [INF] Copied 93 of 93 rows for dbo.managershalf in 0:00:00.0066552
2025-01-15 14:17:00.284 -07:00 [INF] Copying data for dbo.seriespost
2025-01-15 14:17:00.295 -07:00 [INF] Copied 272 of 272 rows for dbo.seriespost in 0:00:00.0109928
2025-01-15 14:17:00.296 -07:00 [INF] Copying data for dbo.teamsfranchises
2025-01-15 14:17:00.302 -07:00 [INF] Copied 120 of 120 rows for dbo.teamsfranchises in 0:00:00.0065501
2025-01-15 14:17:00.304 -07:00 [INF] Copying data for dbo.teamshalf
2025-01-15 14:17:00.317 -07:00 [INF] Copied 52 of 52 rows for dbo.teamshalf in 0:00:00.0142644
2025-01-15 14:17:00.319 -07:00 [INF] Copying data for dbo.players
2025-01-15 14:17:00.460 -07:00 [INF] Copied 1800 of 16564 rows for dbo.players in 0:00:00.1413831
2025-01-15 14:17:00.472 -07:00 [INF] Copying data for dbo.teams
2025-01-15 14:17:00.501 -07:00 [INF] Copied 360 of 2715 rows for dbo.teams in 0:00:00.0307782
2025-01-15 14:17:00.506 -07:00 [INF] Subsetted data copied to target database in 0:00:00.2797685
2025-01-15 14:17:00.508 -07:00 [INF] Cleaning up
2025-01-15 14:17:00.526 -07:00 [INF] Subsetting complete in 0:00:00.72049
