2025-01-27 12:15:53.401 -07:00 [INF] Subsetter version: 2.1.2.7370
2025-01-27 12:15:53.734 -07:00 [INF] Subsetter started
2025-01-27 12:15:54.539 -07:00 [INF] Building models for DesiredSize
2025-01-27 12:15:54.636 -07:00 [INF] Database: Source, PostgreSql, PostgreSQL 15.1 (Debian 15.1-1.pgdg110+1) on x86_64-pc-linux-gnu, compiled by gcc (Debian 10.2.1-6) 10.2.1 20210110, 64-bit
2025-01-27 12:15:54.642 -07:00 [INF] Database: Target, PostgreSql, PostgreSQL 15.1 (Debian 15.1-1.pgdg110+1) on x86_64-pc-linux-gnu, compiled by gcc (Debian 10.2.1-6) 10.2.1 20210110, 64-bit
2025-01-27 12:15:54.870 -07:00 [INF] Staging data for copying to target database
2025-01-27 12:15:55.099 -07:00 [INF] Cleaning up
2025-01-27 12:15:55.116 -07:00 [INF] Subsetting complete in 0:00:01.3807337
2025-01-27 12:15:55.116 -07:00 [ERR] Subsetting failed
Npgsql.PostgresException (0x80004005): 42703: column "Fielding" does not exist

POSITION: 137
   at Npgsql.Internal.NpgsqlConnector.ReadMessageLong(Boolean async, DataRowLoadingMode dataRowLoadingMode, Boolean readingNotifications, Boolean isReadingPrependedMessage)
   at System.Runtime.CompilerServices.PoolingAsyncValueTaskMethodBuilder`1.StateMachineBox`1.System.Threading.Tasks.Sources.IValueTaskSource<TResult>.GetResult(Int16 token)
   at Npgsql.NpgsqlDataReader.NextResult(Boolean async, Boolean isConsuming, CancellationToken cancellationToken)
   at Npgsql.NpgsqlDataReader.NextResult(Boolean async, Boolean isConsuming, CancellationToken cancellationToken)
   at Npgsql.NpgsqlCommand.ExecuteReader(Boolean async, CommandBehavior behavior, CancellationToken cancellationToken)
   at Npgsql.NpgsqlCommand.ExecuteReader(Boolean async, CommandBehavior behavior, CancellationToken cancellationToken)
   at Npgsql.NpgsqlCommand.ExecuteNonQuery(Boolean async, CancellationToken cancellationToken)
   at RedGate.Subsetting.Subsetter.Migration.Queries.Query.ExecuteNonQueryAsync(DbConnection connection, Action`1 commandCallback, CancellationToken cancellationToken)
   at RedGate.Subsetting.Subsetter.Migration.Queries.Query.ExecuteNonQueryAsync(DbConnection connection, Action`1 commandCallback, CancellationToken cancellationToken)
   at RedGate.Subsetting.Subsetter.Migration.Queries.Query.ExecuteNonQueryAsync(DbConnection connection, CancellationToken cancellationToken)
   at RedGate.Subsetting.Subsetter.Migration.WorkingTables.WorkingTableCreator.CreateTables(DbConnection sourceConnection, MigrationModel migrationModel, Boolean useTemporaryTables, CancellationToken cancellationToken)
   at RedGate.Subsetting.Subsetter.Subsetter.PopulateWorkingTables(DbConnection sourceConnection, MigrationModels migrationModels, Boolean useTemporaryTables, CancellationToken cancellationToken)
   at RedGate.Subsetting.Subsetter.Subsetter.Subset(IDatabase source, IDatabase target, ValidatedOptions options, MigrationModels migrationModels, TargetDatabaseWriteMode targetDatabaseWriteMode, CancellationToken cancellationToken)
   at RedGate.Subsetting.Subsetter.Subsetter.Subset(IDatabase source, IDatabase target, ValidatedOptions options, MigrationModels migrationModels, TargetDatabaseWriteMode targetDatabaseWriteMode, CancellationToken cancellationToken)
   at RedGate.Subsetting.Subsetter.Subsetter.Subset(IDatabase source, IDatabase target, ValidatedOptions options, MigrationModels migrationModels, TargetDatabaseWriteMode targetDatabaseWriteMode, CancellationToken cancellationToken)
   at RedGate.Subsetting.Subsetter.Subsetter.Subset(IDatabase source, IDatabase target, ValidatedOptions options, MigrationModels migrationModels, TargetDatabaseWriteMode targetDatabaseWriteMode, CancellationToken cancellationToken)
   at RedGate.Subsetting.Subsetter.Subsetter.Run(IDatabase source, IDatabase target, Options options, TargetDatabaseWriteMode targetDatabaseWriteMode, CancellationToken cancellationToken)
  Exception data:
    Severity: ERROR
    SqlState: 42703
    MessageText: column "Fielding" does not exist
    Position: 137
    File: parse_relation.c
    Line: 3651
    Routine: errorMissingColumn
