2025-01-15 14:41:37.155 -07:00 [INF] Subsetter version: 2.1.2.7370
2025-01-15 14:41:37.495 -07:00 [INF] Subsetter started
2025-01-15 14:41:37.650 -07:00 [INF] Building models for StartingTable
2025-01-15 14:41:37.714 -07:00 [INF] Database: Source, SqlServer, Microsoft SQL Server 2019 (RTM-CU29-GDR) (KB5046860) - 15.0.4410.1 (X64)  	Oct 23 2024 15:50:49  	Copyright (C) 2019 Microsoft Corporation 	Developer Edition (64-bit) on Windows 10 Pro for Workstations 10.0 <X64> (Build 19045: ) (Hypervisor) 
2025-01-15 14:41:37.716 -07:00 [INF] Database: Target, SqlServer, Microsoft SQL Server 2019 (RTM-CU29-GDR) (KB5046860) - 15.0.4410.1 (X64)  	Oct 23 2024 15:50:49  	Copyright (C) 2019 Microsoft Corporation 	Developer Edition (64-bit) on Windows 10 Pro for Workstations 10.0 <X64> (Build 19045: ) (Hypervisor) 
2025-01-15 14:41:37.869 -07:00 [INF] Staging data for copying to target database
2025-01-15 14:41:38.120 -07:00 [INF] Data staged in 0:00:00.251532
2025-01-15 14:41:38.121 -07:00 [INF] Copying subset to target database
2025-01-15 14:41:38.123 -07:00 [INF] Copying data for dbo.awardsmanagers
2025-01-15 14:41:38.168 -07:00 [INF] Copied 156 of 156 rows for dbo.awardsmanagers in 0:00:00.0470323
2025-01-15 14:41:38.171 -07:00 [INF] Copying data for dbo.managershalf
2025-01-15 14:41:38.178 -07:00 [INF] Copied 93 of 93 rows for dbo.managershalf in 0:00:00.0070225
2025-01-15 14:41:38.179 -07:00 [INF] Copying data for dbo.seriespost
2025-01-15 14:41:38.191 -07:00 [INF] Copied 272 of 272 rows for dbo.seriespost in 0:00:00.012028
2025-01-15 14:41:38.192 -07:00 [INF] Copying data for dbo.teamsfranchises
2025-01-15 14:41:38.199 -07:00 [INF] Copied 120 of 120 rows for dbo.teamsfranchises in 0:00:00.007008
2025-01-15 14:41:38.200 -07:00 [INF] Copying data for dbo.teamshalf
2025-01-15 14:41:38.215 -07:00 [INF] Copied 52 of 52 rows for dbo.teamshalf in 0:00:00.0153116
2025-01-15 14:41:38.217 -07:00 [INF] Copying data for dbo.players
2025-01-15 14:41:38.366 -07:00 [INF] Copied 1800 of 16564 rows for dbo.players in 0:00:00.1501475
2025-01-15 14:41:38.378 -07:00 [INF] Copying data for dbo.batting
2025-01-15 14:41:39.063 -07:00 [INF] Copied 11784 of 96600 rows for dbo.batting in 0:00:00.6857501
2025-01-15 14:41:39.088 -07:00 [INF] Copying data for dbo.battingpost
2025-01-15 14:41:39.170 -07:00 [INF] Copied 1573 of 10510 rows for dbo.battingpost in 0:00:00.0825201
2025-01-15 14:41:39.172 -07:00 [INF] Copying data for dbo.teams
2025-01-15 14:41:39.263 -07:00 [INF] Copied 2220 of 2715 rows for dbo.teams in 0:00:00.0923794
2025-01-15 14:41:39.276 -07:00 [INF] Copying data for dbo.pitching
2025-01-15 14:41:39.532 -07:00 [INF] Copied 4518 of 41857 rows for dbo.pitching in 0:00:00.2567515
2025-01-15 14:41:39.535 -07:00 [INF] Subsetted data copied to target database in 0:00:01.4134048
2025-01-15 14:41:39.537 -07:00 [INF] Cleaning up
2025-01-15 14:41:39.563 -07:00 [INF] Subsetting complete in 0:00:02.0677279
