2024-12-20 13:37:52.465 -07:00 [INF] Subsetter version: 2.1.2.7370
2024-12-20 13:37:52.789 -07:00 [INF] Subsetter started
2024-12-20 13:37:53.048 -07:00 [INF] Building models for DesiredSize
2024-12-20 13:37:53.547 -07:00 [INF] Database: Source, SqlServer, Microsoft SQL Server 2019 (RTM-CU29-GDR) (KB5046860) - 15.0.4410.1 (X64)  	Oct 23 2024 15:50:49  	Copyright (C) 2019 Microsoft Corporation 	Developer Edition (64-bit) on Windows 10 Pro for Workstations 10.0 <X64> (Build 19045: ) (Hypervisor) 
2024-12-20 13:37:53.550 -07:00 [INF] Database: Target, SqlServer, Microsoft SQL Server 2019 (RTM-CU29-GDR) (KB5046860) - 15.0.4410.1 (X64)  	Oct 23 2024 15:50:49  	Copyright (C) 2019 Microsoft Corporation 	Developer Edition (64-bit) on Windows 10 Pro for Workstations 10.0 <X64> (Build 19045: ) (Hypervisor) 
2024-12-20 13:37:54.216 -07:00 [INF] Staging data for copying to target database
2024-12-20 13:38:01.058 -07:00 [INF] Data staged in 0:00:06.8419862
2024-12-20 13:38:01.059 -07:00 [INF] Copying subset to target database
2024-12-20 13:38:01.061 -07:00 [INF] Copying data for dbo.fielding
2024-12-20 13:38:03.179 -07:00 [INF] Copied 135390 of 144409 rows for dbo.fielding in 0:00:02.1200434
2024-12-20 13:38:03.259 -07:00 [INF] Copying data for dbo.teamshalf
2024-12-20 13:38:03.273 -07:00 [INF] Copied 52 of 52 rows for dbo.teamshalf in 0:00:00.014893
2024-12-20 13:38:03.275 -07:00 [INF] Copying data for dbo.batting
2024-12-20 13:38:04.325 -07:00 [INF] Copied 90504 of 96600 rows for dbo.batting in 0:00:01.0505844
2024-12-20 13:38:04.573 -07:00 [INF] Copying data for dbo.teamsfranchises
2024-12-20 13:38:04.579 -07:00 [INF] Copied 120 of 120 rows for dbo.teamsfranchises in 0:00:00.0057676
2024-12-20 13:38:04.580 -07:00 [INF] Copying data for dbo.fieldingpost
2024-12-20 13:38:04.714 -07:00 [INF] Copied 10473 of 11183 rows for dbo.fieldingpost in 0:00:00.1343229
2024-12-20 13:38:04.719 -07:00 [INF] Copying data for dbo.seriespost
2024-12-20 13:38:04.728 -07:00 [INF] Copied 272 of 272 rows for dbo.seriespost in 0:00:00.0096708
2024-12-20 13:38:04.730 -07:00 [INF] Copying data for dbo.els_teamnames
2024-12-20 13:38:04.737 -07:00 [INF] Copied 292 of 314 rows for dbo.els_teamnames in 0:00:00.0080277
2024-12-20 13:38:04.738 -07:00 [INF] Copying data for dbo.awardsmanagers
2024-12-20 13:38:04.745 -07:00 [INF] Copied 156 of 156 rows for dbo.awardsmanagers in 0:00:00.0072027
2024-12-20 13:38:04.746 -07:00 [INF] Copying data for dbo.awardssharemanagers
2024-12-20 13:38:04.756 -07:00 [INF] Copied 355 of 372 rows for dbo.awardssharemanagers in 0:00:00.0100455
2024-12-20 13:38:04.758 -07:00 [INF] Copying data for dbo.schools
2024-12-20 13:38:04.773 -07:00 [INF] Copied 709 of 749 rows for dbo.schools in 0:00:00.0155506
2024-12-20 13:38:04.777 -07:00 [INF] Copying data for dbo.managers
2024-12-20 13:38:04.815 -07:00 [INF] Copied 3095 of 3306 rows for dbo.managers in 0:00:00.0380336
2024-12-20 13:38:04.817 -07:00 [INF] Copying data for dbo.halloffame
2024-12-20 13:38:04.860 -07:00 [INF] Copied 3644 of 3883 rows for dbo.halloffame in 0:00:00.0436532
2024-12-20 13:38:04.862 -07:00 [INF] Copying data for dbo.allstarfull
2024-12-20 13:38:04.914 -07:00 [INF] Copied 4548 of 4834 rows for dbo.allstarfull in 0:00:00.0524243
2024-12-20 13:38:04.917 -07:00 [INF] Copying data for dbo.awardsshareplayers
2024-12-20 13:38:04.986 -07:00 [INF] Copied 6129 of 6531 rows for dbo.awardsshareplayers in 0:00:00.0690257
2024-12-20 13:38:04.989 -07:00 [INF] Copying data for dbo.awardsplayers
2024-12-20 13:38:05.054 -07:00 [INF] Copied 5548 of 5919 rows for dbo.awardsplayers in 0:00:00.06528
2024-12-20 13:38:05.057 -07:00 [INF] Copying data for dbo.fieldingof
2024-12-20 13:38:05.169 -07:00 [INF] Copied 11312 of 12028 rows for dbo.fieldingof in 0:00:00.1124907
2024-12-20 13:38:05.175 -07:00 [INF] Copying data for dbo.teams
2024-12-20 13:38:05.219 -07:00 [INF] Copied 2549 of 2715 rows for dbo.teams in 0:00:00.0450517
2024-12-20 13:38:05.230 -07:00 [INF] Copying data for dbo.pitchingpost
2024-12-20 13:38:05.297 -07:00 [INF] Copied 4322 of 4612 rows for dbo.pitchingpost in 0:00:00.0669832
2024-12-20 13:38:05.300 -07:00 [INF] Copying data for dbo.salaries
2024-12-20 13:38:05.524 -07:00 [INF] Copied 21718 of 23141 rows for dbo.salaries in 0:00:00.2243045
2024-12-20 13:38:05.531 -07:00 [INF] Copying data for dbo.schoolsplayers
2024-12-20 13:38:05.612 -07:00 [INF] Copied 5762 of 6147 rows for dbo.schoolsplayers in 0:00:00.0827637
2024-12-20 13:38:05.622 -07:00 [INF] Copying data for dbo.managershalf
2024-12-20 13:38:05.628 -07:00 [INF] Copied 93 of 93 rows for dbo.managershalf in 0:00:00.0056028
2024-12-20 13:38:05.629 -07:00 [INF] Copying data for dbo.battingpost
2024-12-20 13:38:05.743 -07:00 [INF] Copied 9872 of 10510 rows for dbo.battingpost in 0:00:00.1142188
2024-12-20 13:38:05.746 -07:00 [INF] Copying data for dbo.pitching
2024-12-20 13:38:06.216 -07:00 [INF] Copied 39216 of 41857 rows for dbo.pitching in 0:00:00.4703677
2024-12-20 13:38:06.229 -07:00 [INF] Copying data for dbo.appearances
2024-12-20 13:38:07.393 -07:00 [INF] Copied 90655 of 96737 rows for dbo.appearances in 0:00:01.1651595
2024-12-20 13:38:07.442 -07:00 [INF] Copying data for dbo.players
2024-12-20 13:38:07.650 -07:00 [INF] Copied 13800 of 16564 rows for dbo.players in 0:00:00.2099938
2024-12-20 13:38:07.696 -07:00 [INF] Subsetted data copied to target database in 0:00:06.6371968
2024-12-20 13:38:07.697 -07:00 [INF] Cleaning up
2024-12-20 13:38:07.729 -07:00 [INF] Subsetting complete in 0:00:14.939602
