{"@t":"2024-12-20T20:27:05.5181416Z","@mt":"Subsetter version: {Version}","Version":"2.1.2.7370"}
{"@t":"2024-12-20T20:27:05.8696154Z","@mt":"Subsetter started"}
{"@t":"2024-12-20T20:27:06.1309310Z","@mt":"Building models for {SubsetSpecifierType}","SubsetSpecifierType":"DesiredSize"}
{"@t":"2024-12-20T20:27:06.7059338Z","@mt":"Database: {Location}, {Type}, {Version}","Location":"Source","Type":"SqlServer","Version":"Microsoft SQL Server 2019 (RTM-CU29-GDR) (KB5046860) - 15.0.4410.1 (X64)  \tOct 23 2024 15:50:49  \tCopyright (C) 2019 Microsoft Corporation \tDeveloper Edition (64-bit) on Windows 10 Pro for Workstations 10.0 <X64> (Build 19045: ) (Hypervisor) "}
{"@t":"2024-12-20T20:27:06.7082752Z","@mt":"Database: {Location}, {Type}, {Version}","Location":"Target","Type":"SqlServer","Version":"Microsoft SQL Server 2019 (RTM-CU29-GDR) (KB5046860) - 15.0.4410.1 (X64)  \tOct 23 2024 15:50:49  \tCopyright (C) 2019 Microsoft Corporation \tDeveloper Edition (64-bit) on Windows 10 Pro for Workstations 10.0 <X64> (Build 19045: ) (Hypervisor) "}
{"@t":"2024-12-20T20:27:07.3638084Z","@mt":"Staging data for copying to target database"}
{"@t":"2024-12-20T20:27:14.3294637Z","@mt":"Data staged in {Duration}","Duration":"0:00:06.9657554"}
{"@t":"2024-12-20T20:27:14.3307121Z","@mt":"Copying subset to target database"}
{"@t":"2024-12-20T20:27:14.3330512Z","@mt":"Copying data for {TableName}","TableName":"dbo.fielding"}
{"@t":"2024-12-20T20:27:16.6437499Z","@mt":"Copied {TargetRowCount} of {SourceRowCount} rows for {TableName} in {Duration}","TargetRowCount":135390,"SourceRowCount":144409,"TableName":"dbo.fielding","Duration":"0:00:02.3128802"}
{"@t":"2024-12-20T20:27:16.7287276Z","@mt":"Copying data for {TableName}","TableName":"dbo.teamshalf"}
{"@t":"2024-12-20T20:27:16.7433026Z","@mt":"Copied {TargetRowCount} of {SourceRowCount} rows for {TableName} in {Duration}","TargetRowCount":52,"SourceRowCount":52,"TableName":"dbo.teamshalf","Duration":"0:00:00.0150723"}
{"@t":"2024-12-20T20:27:16.7445513Z","@mt":"Copying data for {TableName}","TableName":"dbo.teamsfranchises"}
{"@t":"2024-12-20T20:27:16.7498684Z","@mt":"Copied {TargetRowCount} of {SourceRowCount} rows for {TableName} in {Duration}","TargetRowCount":120,"SourceRowCount":120,"TableName":"dbo.teamsfranchises","Duration":"0:00:00.0056416"}
{"@t":"2024-12-20T20:27:16.7510897Z","@mt":"Copying data for {TableName}","TableName":"dbo.managershalf"}
{"@t":"2024-12-20T20:27:16.7561868Z","@mt":"Copied {TargetRowCount} of {SourceRowCount} rows for {TableName} in {Duration}","TargetRowCount":93,"SourceRowCount":93,"TableName":"dbo.managershalf","Duration":"0:00:00.0054131"}
{"@t":"2024-12-20T20:27:16.7572086Z","@mt":"Copying data for {TableName}","TableName":"dbo.seriespost"}
{"@t":"2024-12-20T20:27:16.7647487Z","@mt":"Copied {TargetRowCount} of {SourceRowCount} rows for {TableName} in {Duration}","TargetRowCount":272,"SourceRowCount":272,"TableName":"dbo.seriespost","Duration":"0:00:00.0078162"}
{"@t":"2024-12-20T20:27:16.7658617Z","@mt":"Copying data for {TableName}","TableName":"dbo.els_teamnames"}
{"@t":"2024-12-20T20:27:16.7733235Z","@mt":"Copied {TargetRowCount} of {SourceRowCount} rows for {TableName} in {Duration}","TargetRowCount":292,"SourceRowCount":314,"TableName":"dbo.els_teamnames","Duration":"0:00:00.0077735"}
{"@t":"2024-12-20T20:27:16.7739714Z","@mt":"Copying data for {TableName}","TableName":"dbo.awardsmanagers"}
{"@t":"2024-12-20T20:27:16.7799583Z","@mt":"Copied {TargetRowCount} of {SourceRowCount} rows for {TableName} in {Duration}","TargetRowCount":156,"SourceRowCount":156,"TableName":"dbo.awardsmanagers","Duration":"0:00:00.0062741"}
{"@t":"2024-12-20T20:27:16.7809402Z","@mt":"Copying data for {TableName}","TableName":"dbo.awardssharemanagers"}
{"@t":"2024-12-20T20:27:16.7902103Z","@mt":"Copied {TargetRowCount} of {SourceRowCount} rows for {TableName} in {Duration}","TargetRowCount":355,"SourceRowCount":372,"TableName":"dbo.awardssharemanagers","Duration":"0:00:00.0095364"}
{"@t":"2024-12-20T20:27:16.7919705Z","@mt":"Copying data for {TableName}","TableName":"dbo.schools"}
{"@t":"2024-12-20T20:27:16.8076803Z","@mt":"Copied {TargetRowCount} of {SourceRowCount} rows for {TableName} in {Duration}","TargetRowCount":709,"SourceRowCount":749,"TableName":"dbo.schools","Duration":"0:00:00.0164993"}
{"@t":"2024-12-20T20:27:16.8121307Z","@mt":"Copying data for {TableName}","TableName":"dbo.managers"}
{"@t":"2024-12-20T20:27:16.8543533Z","@mt":"Copied {TargetRowCount} of {SourceRowCount} rows for {TableName} in {Duration}","TargetRowCount":3095,"SourceRowCount":3306,"TableName":"dbo.managers","Duration":"0:00:00.0425551"}
{"@t":"2024-12-20T20:27:16.8560670Z","@mt":"Copying data for {TableName}","TableName":"dbo.halloffame"}
{"@t":"2024-12-20T20:27:16.9023228Z","@mt":"Copied {TargetRowCount} of {SourceRowCount} rows for {TableName} in {Duration}","TargetRowCount":3644,"SourceRowCount":3883,"TableName":"dbo.halloffame","Duration":"0:00:00.046605"}
{"@t":"2024-12-20T20:27:16.9048770Z","@mt":"Copying data for {TableName}","TableName":"dbo.allstarfull"}
{"@t":"2024-12-20T20:27:16.9633836Z","@mt":"Copied {TargetRowCount} of {SourceRowCount} rows for {TableName} in {Duration}","TargetRowCount":4548,"SourceRowCount":4834,"TableName":"dbo.allstarfull","Duration":"0:00:00.0588381"}
{"@t":"2024-12-20T20:27:16.9663136Z","@mt":"Copying data for {TableName}","TableName":"dbo.awardsshareplayers"}
{"@t":"2024-12-20T20:27:17.0424347Z","@mt":"Copied {TargetRowCount} of {SourceRowCount} rows for {TableName} in {Duration}","TargetRowCount":6129,"SourceRowCount":6531,"TableName":"dbo.awardsshareplayers","Duration":"0:00:00.0764954"}
{"@t":"2024-12-20T20:27:17.0453018Z","@mt":"Copying data for {TableName}","TableName":"dbo.awardsplayers"}
{"@t":"2024-12-20T20:27:17.1139329Z","@mt":"Copied {TargetRowCount} of {SourceRowCount} rows for {TableName} in {Duration}","TargetRowCount":5548,"SourceRowCount":5919,"TableName":"dbo.awardsplayers","Duration":"0:00:00.0689139"}
{"@t":"2024-12-20T20:27:17.1166582Z","@mt":"Copying data for {TableName}","TableName":"dbo.fieldingof"}
{"@t":"2024-12-20T20:27:17.2291556Z","@mt":"Copied {TargetRowCount} of {SourceRowCount} rows for {TableName} in {Duration}","TargetRowCount":11312,"SourceRowCount":12028,"TableName":"dbo.fieldingof","Duration":"0:00:00.1128706"}
{"@t":"2024-12-20T20:27:17.2352498Z","@mt":"Copying data for {TableName}","TableName":"dbo.teams"}
{"@t":"2024-12-20T20:27:17.2858980Z","@mt":"Copied {TargetRowCount} of {SourceRowCount} rows for {TableName} in {Duration}","TargetRowCount":2549,"SourceRowCount":2715,"TableName":"dbo.teams","Duration":"0:00:00.0517635"}
{"@t":"2024-12-20T20:27:17.2979687Z","@mt":"Copying data for {TableName}","TableName":"dbo.pitchingpost"}
{"@t":"2024-12-20T20:27:17.3740333Z","@mt":"Copied {TargetRowCount} of {SourceRowCount} rows for {TableName} in {Duration}","TargetRowCount":4322,"SourceRowCount":4612,"TableName":"dbo.pitchingpost","Duration":"0:00:00.0765257"}
{"@t":"2024-12-20T20:27:17.3770968Z","@mt":"Copying data for {TableName}","TableName":"dbo.salaries"}
{"@t":"2024-12-20T20:27:17.6211688Z","@mt":"Copied {TargetRowCount} of {SourceRowCount} rows for {TableName} in {Duration}","TargetRowCount":21718,"SourceRowCount":23141,"TableName":"dbo.salaries","Duration":"0:00:00.2444501"}
{"@t":"2024-12-20T20:27:17.6284051Z","@mt":"Copying data for {TableName}","TableName":"dbo.schoolsplayers"}
{"@t":"2024-12-20T20:27:17.7120733Z","@mt":"Copied {TargetRowCount} of {SourceRowCount} rows for {TableName} in {Duration}","TargetRowCount":5762,"SourceRowCount":6147,"TableName":"dbo.schoolsplayers","Duration":"0:00:00.0846004"}
{"@t":"2024-12-20T20:27:17.7230170Z","@mt":"Copying data for {TableName}","TableName":"dbo.fieldingpost"}
{"@t":"2024-12-20T20:27:17.8364727Z","@mt":"Copied {TargetRowCount} of {SourceRowCount} rows for {TableName} in {Duration}","TargetRowCount":10473,"SourceRowCount":11183,"TableName":"dbo.fieldingpost","Duration":"0:00:00.1138355"}
{"@t":"2024-12-20T20:27:17.8414620Z","@mt":"Copying data for {TableName}","TableName":"dbo.battingpost"}
{"@t":"2024-12-20T20:27:17.9519081Z","@mt":"Copied {TargetRowCount} of {SourceRowCount} rows for {TableName} in {Duration}","TargetRowCount":9872,"SourceRowCount":10510,"TableName":"dbo.battingpost","Duration":"0:00:00.1107708"}
{"@t":"2024-12-20T20:27:17.9559928Z","@mt":"Copying data for {TableName}","TableName":"dbo.players"}
{"@t":"2024-12-20T20:27:18.1756992Z","@mt":"Copied {TargetRowCount} of {SourceRowCount} rows for {TableName} in {Duration}","TargetRowCount":15554,"SourceRowCount":16564,"TableName":"dbo.players","Duration":"0:00:00.2208748"}
{"@t":"2024-12-20T20:27:18.2334708Z","@mt":"Copying data for {TableName}","TableName":"dbo.pitching"}
{"@t":"2024-12-20T20:27:18.7107037Z","@mt":"Copied {TargetRowCount} of {SourceRowCount} rows for {TableName} in {Duration}","TargetRowCount":39216,"SourceRowCount":41857,"TableName":"dbo.pitching","Duration":"0:00:00.4776612"}
{"@t":"2024-12-20T20:27:18.7236592Z","@mt":"Copying data for {TableName}","TableName":"dbo.appearances"}
{"@t":"2024-12-20T20:27:19.7988922Z","@mt":"Copied {TargetRowCount} of {SourceRowCount} rows for {TableName} in {Duration}","TargetRowCount":90655,"SourceRowCount":96737,"TableName":"dbo.appearances","Duration":"0:00:01.0755985"}
{"@t":"2024-12-20T20:27:19.8455041Z","@mt":"Copying data for {TableName}","TableName":"dbo.batting"}
{"@t":"2024-12-20T20:27:20.9498209Z","@mt":"Copied {TargetRowCount} of {SourceRowCount} rows for {TableName} in {Duration}","TargetRowCount":90504,"SourceRowCount":96600,"TableName":"dbo.batting","Duration":"0:00:01.1051902"}
{"@t":"2024-12-20T20:27:21.2236195Z","@mt":"Subsetted data copied to target database in {Duration}","Duration":"0:00:06.8928314"}
{"@t":"2024-12-20T20:27:21.2241668Z","@mt":"Cleaning up"}
{"@t":"2024-12-20T20:27:21.2589630Z","@mt":"Subsetting complete in {Duration}","Duration":"0:00:15.3888975"}
