{"@t":"2025-01-15T21:41:37.1558160Z","@mt":"Subsetter version: {Version}","Version":"2.1.2.7370"}
{"@t":"2025-01-15T21:41:37.4951252Z","@mt":"Subsetter started"}
{"@t":"2025-01-15T21:41:37.6506425Z","@mt":"Building models for {SubsetSpecifierType}","SubsetSpecifierType":"StartingTable"}
{"@t":"2025-01-15T21:41:37.7143895Z","@mt":"Database: {Location}, {Type}, {Version}","Location":"Source","Type":"SqlServer","Version":"Microsoft SQL Server 2019 (RTM-CU29-GDR) (KB5046860) - 15.0.4410.1 (X64)  \tOct 23 2024 15:50:49  \tCopyright (C) 2019 Microsoft Corporation \tDeveloper Edition (64-bit) on Windows 10 Pro for Workstations 10.0 <X64> (Build 19045: ) (Hypervisor) "}
{"@t":"2025-01-15T21:41:37.7168012Z","@mt":"Database: {Location}, {Type}, {Version}","Location":"Target","Type":"SqlServer","Version":"Microsoft SQL Server 2019 (RTM-CU29-GDR) (KB5046860) - 15.0.4410.1 (X64)  \tOct 23 2024 15:50:49  \tCopyright (C) 2019 Microsoft Corporation \tDeveloper Edition (64-bit) on Windows 10 Pro for Workstations 10.0 <X64> (Build 19045: ) (Hypervisor) "}
{"@t":"2025-01-15T21:41:37.8690068Z","@mt":"Staging data for copying to target database"}
{"@t":"2025-01-15T21:41:38.1205426Z","@mt":"Data staged in {Duration}","Duration":"0:00:00.251532"}
{"@t":"2025-01-15T21:41:38.1217736Z","@mt":"Copying subset to target database"}
{"@t":"2025-01-15T21:41:38.1238408Z","@mt":"Copying data for {TableName}","TableName":"dbo.awardsmanagers"}
{"@t":"2025-01-15T21:41:38.1689362Z","@mt":"Copied {TargetRowCount} of {SourceRowCount} rows for {TableName} in {Duration}","TargetRowCount":156,"SourceRowCount":156,"TableName":"dbo.awardsmanagers","Duration":"0:00:00.0470323"}
{"@t":"2025-01-15T21:41:38.1716133Z","@mt":"Copying data for {TableName}","TableName":"dbo.managershalf"}
{"@t":"2025-01-15T21:41:38.1782879Z","@mt":"Copied {TargetRowCount} of {SourceRowCount} rows for {TableName} in {Duration}","TargetRowCount":93,"SourceRowCount":93,"TableName":"dbo.managershalf","Duration":"0:00:00.0070225"}
{"@t":"2025-01-15T21:41:38.1795310Z","@mt":"Copying data for {TableName}","TableName":"dbo.seriespost"}
{"@t":"2025-01-15T21:41:38.1912359Z","@mt":"Copied {TargetRowCount} of {SourceRowCount} rows for {TableName} in {Duration}","TargetRowCount":272,"SourceRowCount":272,"TableName":"dbo.seriespost","Duration":"0:00:00.012028"}
{"@t":"2025-01-15T21:41:38.1926611Z","@mt":"Copying data for {TableName}","TableName":"dbo.teamsfranchises"}
{"@t":"2025-01-15T21:41:38.1992905Z","@mt":"Copied {TargetRowCount} of {SourceRowCount} rows for {TableName} in {Duration}","TargetRowCount":120,"SourceRowCount":120,"TableName":"dbo.teamsfranchises","Duration":"0:00:00.007008"}
{"@t":"2025-01-15T21:41:38.2006910Z","@mt":"Copying data for {TableName}","TableName":"dbo.teamshalf"}
{"@t":"2025-01-15T21:41:38.2156262Z","@mt":"Copied {TargetRowCount} of {SourceRowCount} rows for {TableName} in {Duration}","TargetRowCount":52,"SourceRowCount":52,"TableName":"dbo.teamshalf","Duration":"0:00:00.0153116"}
{"@t":"2025-01-15T21:41:38.2176998Z","@mt":"Copying data for {TableName}","TableName":"dbo.players"}
{"@t":"2025-01-15T21:41:38.3666809Z","@mt":"Copied {TargetRowCount} of {SourceRowCount} rows for {TableName} in {Duration}","TargetRowCount":1800,"SourceRowCount":16564,"TableName":"dbo.players","Duration":"0:00:00.1501475"}
{"@t":"2025-01-15T21:41:38.3781351Z","@mt":"Copying data for {TableName}","TableName":"dbo.batting"}
{"@t":"2025-01-15T21:41:39.0630554Z","@mt":"Copied {TargetRowCount} of {SourceRowCount} rows for {TableName} in {Duration}","TargetRowCount":11784,"SourceRowCount":96600,"TableName":"dbo.batting","Duration":"0:00:00.6857501"}
{"@t":"2025-01-15T21:41:39.0883770Z","@mt":"Copying data for {TableName}","TableName":"dbo.battingpost"}
{"@t":"2025-01-15T21:41:39.1703899Z","@mt":"Copied {TargetRowCount} of {SourceRowCount} rows for {TableName} in {Duration}","TargetRowCount":1573,"SourceRowCount":10510,"TableName":"dbo.battingpost","Duration":"0:00:00.0825201"}
{"@t":"2025-01-15T21:41:39.1725029Z","@mt":"Copying data for {TableName}","TableName":"dbo.teams"}
{"@t":"2025-01-15T21:41:39.2639977Z","@mt":"Copied {TargetRowCount} of {SourceRowCount} rows for {TableName} in {Duration}","TargetRowCount":2220,"SourceRowCount":2715,"TableName":"dbo.teams","Duration":"0:00:00.0923794"}
{"@t":"2025-01-15T21:41:39.2763896Z","@mt":"Copying data for {TableName}","TableName":"dbo.pitching"}
{"@t":"2025-01-15T21:41:39.5323850Z","@mt":"Copied {TargetRowCount} of {SourceRowCount} rows for {TableName} in {Duration}","TargetRowCount":4518,"SourceRowCount":41857,"TableName":"dbo.pitching","Duration":"0:00:00.2567515"}
{"@t":"2025-01-15T21:41:39.5352463Z","@mt":"Subsetted data copied to target database in {Duration}","Duration":"0:00:01.4134048"}
{"@t":"2025-01-15T21:41:39.5372014Z","@mt":"Cleaning up"}
{"@t":"2025-01-15T21:41:39.5632506Z","@mt":"Subsetting complete in {Duration}","Duration":"0:00:02.0677279"}
