2025-01-15 14:38:16.219 -07:00 [INF] Subsetter version: 2.1.2.7370
2025-01-15 14:38:16.549 -07:00 [INF] Subsetter started
2025-01-15 14:38:16.774 -07:00 [INF] Building models for StartingTable
2025-01-15 14:38:16.821 -07:00 [INF] Database: Source, SqlServer, Microsoft SQL Server 2019 (RTM-CU29-GDR) (KB5046860) - 15.0.4410.1 (X64)  	Oct 23 2024 15:50:49  	Copyright (C) 2019 Microsoft Corporation 	Developer Edition (64-bit) on Windows 10 Pro for Workstations 10.0 <X64> (Build 19045: ) (Hypervisor) 
2025-01-15 14:38:16.824 -07:00 [INF] Database: Target, SqlServer, Microsoft SQL Server 2019 (RTM-CU29-GDR) (KB5046860) - 15.0.4410.1 (X64)  	Oct 23 2024 15:50:49  	Copyright (C) 2019 Microsoft Corporation 	Developer Edition (64-bit) on Windows 10 Pro for Workstations 10.0 <X64> (Build 19045: ) (Hypervisor) 
2025-01-15 14:38:16.958 -07:00 [INF] Staging data for copying to target database
2025-01-15 14:38:17.099 -07:00 [INF] Data staged in 0:00:00.140652
2025-01-15 14:38:17.100 -07:00 [INF] Copying subset to target database
2025-01-15 14:38:17.102 -07:00 [INF] Copying data for dbo.awardsmanagers
2025-01-15 14:38:17.152 -07:00 [INF] Copied 156 of 156 rows for dbo.awardsmanagers in 0:00:00.0521391
2025-01-15 14:38:17.155 -07:00 [INF] Copying data for dbo.managershalf
2025-01-15 14:38:17.161 -07:00 [INF] Copied 93 of 93 rows for dbo.managershalf in 0:00:00.0066574
2025-01-15 14:38:17.163 -07:00 [INF] Copying data for dbo.seriespost
2025-01-15 14:38:17.173 -07:00 [INF] Copied 272 of 272 rows for dbo.seriespost in 0:00:00.0108423
2025-01-15 14:38:17.174 -07:00 [INF] Copying data for dbo.teamsfranchises
2025-01-15 14:38:17.180 -07:00 [INF] Copied 120 of 120 rows for dbo.teamsfranchises in 0:00:00.0061266
2025-01-15 14:38:17.181 -07:00 [INF] Copying data for dbo.teamshalf
2025-01-15 14:38:17.196 -07:00 [INF] Copied 52 of 52 rows for dbo.teamshalf in 0:00:00.0147268
2025-01-15 14:38:17.198 -07:00 [INF] Copying data for dbo.players
2025-01-15 14:38:17.336 -07:00 [INF] Copied 1800 of 16564 rows for dbo.players in 0:00:00.1392078
2025-01-15 14:38:17.347 -07:00 [INF] Copying data for dbo.batting
2025-01-15 14:38:17.970 -07:00 [INF] Copied 11784 of 96600 rows for dbo.batting in 0:00:00.6232024
2025-01-15 14:38:17.995 -07:00 [INF] Subsetted data copied to target database in 0:00:00.8946562
2025-01-15 14:38:17.996 -07:00 [INF] Cleaning up
2025-01-15 14:38:18.015 -07:00 [INF] Subsetting complete in 0:00:01.4653131
