{"@t":"2025-01-14T21:07:13.2210001Z","@mt":"Subsetter version: {Version}","Version":"2.1.2.7370"}
{"@t":"2025-01-14T21:07:13.5792021Z","@mt":"Subsetter started"}
{"@t":"2025-01-14T21:07:13.8135319Z","@mt":"Building models for {SubsetSpecifierType}","SubsetSpecifierType":"DesiredSize"}
{"@t":"2025-01-14T21:07:14.2435109Z","@mt":"Database: {Location}, {Type}, {Version}","Location":"Source","Type":"SqlServer","Version":"Microsoft SQL Server 2019 (RTM-CU29-GDR) (KB5046860) - 15.0.4410.1 (X64)  \tOct 23 2024 15:50:49  \tCopyright (C) 2019 Microsoft Corporation \tDeveloper Edition (64-bit) on Windows 10 Pro for Workstations 10.0 <X64> (Build 19045: ) (Hypervisor) "}
{"@t":"2025-01-14T21:07:14.2463841Z","@mt":"Database: {Location}, {Type}, {Version}","Location":"Target","Type":"SqlServer","Version":"Microsoft SQL Server 2019 (RTM-CU29-GDR) (KB5046860) - 15.0.4410.1 (X64)  \tOct 23 2024 15:50:49  \tCopyright (C) 2019 Microsoft Corporation \tDeveloper Edition (64-bit) on Windows 10 Pro for Workstations 10.0 <X64> (Build 19045: ) (Hypervisor) "}
{"@t":"2025-01-14T21:07:14.8668219Z","@mt":"Staging data for copying to target database"}
{"@t":"2025-01-14T21:07:19.0821097Z","@mt":"Data staged in {Duration}","Duration":"0:00:04.2152843"}
{"@t":"2025-01-14T21:07:19.0832760Z","@mt":"Copying subset to target database"}
{"@t":"2025-01-14T21:07:19.0861020Z","@mt":"Copying data for {TableName}","TableName":"dbo.fielding"}
{"@t":"2025-01-14T21:07:19.8175944Z","@mt":"Copied {TargetRowCount} of {SourceRowCount} rows for {TableName} in {Duration}","TargetRowCount":14545,"SourceRowCount":144409,"TableName":"dbo.fielding","Duration":"0:00:00.7341947"}
{"@t":"2025-01-14T21:07:19.8256726Z","@mt":"Copying data for {TableName}","TableName":"dbo.teamshalf"}
{"@t":"2025-01-14T21:07:19.8396739Z","@mt":"Copied {TargetRowCount} of {SourceRowCount} rows for {TableName} in {Duration}","TargetRowCount":52,"SourceRowCount":52,"TableName":"dbo.teamshalf","Duration":"0:00:00.0143827"}
{"@t":"2025-01-14T21:07:19.8408576Z","@mt":"Copying data for {TableName}","TableName":"dbo.teamsfranchises"}
{"@t":"2025-01-14T21:07:19.8460282Z","@mt":"Copied {TargetRowCount} of {SourceRowCount} rows for {TableName} in {Duration}","TargetRowCount":120,"SourceRowCount":120,"TableName":"dbo.teamsfranchises","Duration":"0:00:00.0055173"}
{"@t":"2025-01-14T21:07:19.8470843Z","@mt":"Copying data for {TableName}","TableName":"dbo.managershalf"}
{"@t":"2025-01-14T21:07:19.8523379Z","@mt":"Copied {TargetRowCount} of {SourceRowCount} rows for {TableName} in {Duration}","TargetRowCount":93,"SourceRowCount":93,"TableName":"dbo.managershalf","Duration":"0:00:00.0055848"}
{"@t":"2025-01-14T21:07:19.8533921Z","@mt":"Copying data for {TableName}","TableName":"dbo.seriespost"}
{"@t":"2025-01-14T21:07:19.8623300Z","@mt":"Copied {TargetRowCount} of {SourceRowCount} rows for {TableName} in {Duration}","TargetRowCount":272,"SourceRowCount":272,"TableName":"dbo.seriespost","Duration":"0:00:00.0092327"}
{"@t":"2025-01-14T21:07:19.8634690Z","@mt":"Copying data for {TableName}","TableName":"dbo.els_teamnames"}
{"@t":"2025-01-14T21:07:19.8688763Z","@mt":"Copied {TargetRowCount} of {SourceRowCount} rows for {TableName} in {Duration}","TargetRowCount":37,"SourceRowCount":314,"TableName":"dbo.els_teamnames","Duration":"0:00:00.0057"}
{"@t":"2025-01-14T21:07:19.8695527Z","@mt":"Copying data for {TableName}","TableName":"dbo.awardsmanagers"}
{"@t":"2025-01-14T21:07:19.8761840Z","@mt":"Copied {TargetRowCount} of {SourceRowCount} rows for {TableName} in {Duration}","TargetRowCount":156,"SourceRowCount":156,"TableName":"dbo.awardsmanagers","Duration":"0:00:00.0069457"}
{"@t":"2025-01-14T21:07:19.8773878Z","@mt":"Copying data for {TableName}","TableName":"dbo.awardssharemanagers"}
{"@t":"2025-01-14T21:07:19.8828751Z","@mt":"Copied {TargetRowCount} of {SourceRowCount} rows for {TableName} in {Duration}","TargetRowCount":34,"SourceRowCount":372,"TableName":"dbo.awardssharemanagers","Duration":"0:00:00.0057932"}
{"@t":"2025-01-14T21:07:19.8843619Z","@mt":"Copying data for {TableName}","TableName":"dbo.schools"}
{"@t":"2025-01-14T21:07:19.8925685Z","@mt":"Copied {TargetRowCount} of {SourceRowCount} rows for {TableName} in {Duration}","TargetRowCount":96,"SourceRowCount":749,"TableName":"dbo.schools","Duration":"0:00:00.0089422"}
{"@t":"2025-01-14T21:07:19.8956356Z","@mt":"Copying data for {TableName}","TableName":"dbo.managers"}
{"@t":"2025-01-14T21:07:19.9161639Z","@mt":"Copied {TargetRowCount} of {SourceRowCount} rows for {TableName} in {Duration}","TargetRowCount":337,"SourceRowCount":3306,"TableName":"dbo.managers","Duration":"0:00:00.0208356"}
{"@t":"2025-01-14T21:07:19.9173018Z","@mt":"Copying data for {TableName}","TableName":"dbo.halloffame"}
{"@t":"2025-01-14T21:07:19.9412714Z","@mt":"Copied {TargetRowCount} of {SourceRowCount} rows for {TableName} in {Duration}","TargetRowCount":356,"SourceRowCount":3883,"TableName":"dbo.halloffame","Duration":"0:00:00.024307"}
{"@t":"2025-01-14T21:07:19.9429682Z","@mt":"Copying data for {TableName}","TableName":"dbo.allstarfull"}
{"@t":"2025-01-14T21:07:19.9705471Z","@mt":"Copied {TargetRowCount} of {SourceRowCount} rows for {TableName} in {Duration}","TargetRowCount":477,"SourceRowCount":4834,"TableName":"dbo.allstarfull","Duration":"0:00:00.0279138"}
{"@t":"2025-01-14T21:07:19.9720489Z","@mt":"Copying data for {TableName}","TableName":"dbo.awardsshareplayers"}
{"@t":"2025-01-14T21:07:20.0080873Z","@mt":"Copied {TargetRowCount} of {SourceRowCount} rows for {TableName} in {Duration}","TargetRowCount":624,"SourceRowCount":6531,"TableName":"dbo.awardsshareplayers","Duration":"0:00:00.0363531"}
{"@t":"2025-01-14T21:07:20.0094709Z","@mt":"Copying data for {TableName}","TableName":"dbo.awardsplayers"}
{"@t":"2025-01-14T21:07:20.0415764Z","@mt":"Copied {TargetRowCount} of {SourceRowCount} rows for {TableName} in {Duration}","TargetRowCount":602,"SourceRowCount":5919,"TableName":"dbo.awardsplayers","Duration":"0:00:00.0324278"}
{"@t":"2025-01-14T21:07:20.0430072Z","@mt":"Copying data for {TableName}","TableName":"dbo.fieldingof"}
{"@t":"2025-01-14T21:07:20.0972958Z","@mt":"Copied {TargetRowCount} of {SourceRowCount} rows for {TableName} in {Duration}","TargetRowCount":1136,"SourceRowCount":12028,"TableName":"dbo.fieldingof","Duration":"0:00:00.0546517"}
{"@t":"2025-01-14T21:07:20.0995677Z","@mt":"Copying data for {TableName}","TableName":"dbo.teams"}
{"@t":"2025-01-14T21:07:20.1241680Z","@mt":"Copied {TargetRowCount} of {SourceRowCount} rows for {TableName} in {Duration}","TargetRowCount":263,"SourceRowCount":2715,"TableName":"dbo.teams","Duration":"0:00:00.0255021"}
{"@t":"2025-01-14T21:07:20.1296095Z","@mt":"Copying data for {TableName}","TableName":"dbo.pitchingpost"}
{"@t":"2025-01-14T21:07:20.1623954Z","@mt":"Copied {TargetRowCount} of {SourceRowCount} rows for {TableName} in {Duration}","TargetRowCount":481,"SourceRowCount":4612,"TableName":"dbo.pitchingpost","Duration":"0:00:00.0332805"}
{"@t":"2025-01-14T21:07:20.1638503Z","@mt":"Copying data for {TableName}","TableName":"dbo.salaries"}
{"@t":"2025-01-14T21:07:20.2647787Z","@mt":"Copied {TargetRowCount} of {SourceRowCount} rows for {TableName} in {Duration}","TargetRowCount":2286,"SourceRowCount":23141,"TableName":"dbo.salaries","Duration":"0:00:00.1012357"}
{"@t":"2025-01-14T21:07:20.2670699Z","@mt":"Copying data for {TableName}","TableName":"dbo.schoolsplayers"}
{"@t":"2025-01-14T21:07:20.3040001Z","@mt":"Copied {TargetRowCount} of {SourceRowCount} rows for {TableName} in {Duration}","TargetRowCount":652,"SourceRowCount":6147,"TableName":"dbo.schoolsplayers","Duration":"0:00:00.037804"}
{"@t":"2025-01-14T21:07:20.3081671Z","@mt":"Copying data for {TableName}","TableName":"dbo.fieldingpost"}
{"@t":"2025-01-14T21:07:20.3645096Z","@mt":"Copied {TargetRowCount} of {SourceRowCount} rows for {TableName} in {Duration}","TargetRowCount":1114,"SourceRowCount":11183,"TableName":"dbo.fieldingpost","Duration":"0:00:00.0567006"}
{"@t":"2025-01-14T21:07:20.3662500Z","@mt":"Copying data for {TableName}","TableName":"dbo.battingpost"}
{"@t":"2025-01-14T21:07:20.4207705Z","@mt":"Copied {TargetRowCount} of {SourceRowCount} rows for {TableName} in {Duration}","TargetRowCount":1094,"SourceRowCount":10510,"TableName":"dbo.battingpost","Duration":"0:00:00.0548003"}
{"@t":"2025-01-14T21:07:20.4232260Z","@mt":"Copying data for {TableName}","TableName":"dbo.players"}
{"@t":"2025-01-14T21:07:20.5237008Z","@mt":"Copied {TargetRowCount} of {SourceRowCount} rows for {TableName} in {Duration}","TargetRowCount":1644,"SourceRowCount":16564,"TableName":"dbo.players","Duration":"0:00:00.1016101"}
{"@t":"2025-01-14T21:07:20.5349793Z","@mt":"Copying data for {TableName}","TableName":"dbo.pitching"}
{"@t":"2025-01-14T21:07:20.7463325Z","@mt":"Copied {TargetRowCount} of {SourceRowCount} rows for {TableName} in {Duration}","TargetRowCount":4169,"SourceRowCount":41857,"TableName":"dbo.pitching","Duration":"0:00:00.2117225"}
{"@t":"2025-01-14T21:07:20.7491983Z","@mt":"Copying data for {TableName}","TableName":"dbo.appearances"}
{"@t":"2025-01-14T21:07:21.2129769Z","@mt":"Copied {TargetRowCount} of {SourceRowCount} rows for {TableName} in {Duration}","TargetRowCount":9652,"SourceRowCount":96737,"TableName":"dbo.appearances","Duration":"0:00:00.4641049"}
{"@t":"2025-01-14T21:07:21.2166662Z","@mt":"Copying data for {TableName}","TableName":"dbo.batting"}
{"@t":"2025-01-14T21:07:21.6853836Z","@mt":"Copied {TargetRowCount} of {SourceRowCount} rows for {TableName} in {Duration}","TargetRowCount":9579,"SourceRowCount":96600,"TableName":"dbo.batting","Duration":"0:00:00.4695955"}
{"@t":"2025-01-14T21:07:21.7048229Z","@mt":"Subsetted data copied to target database in {Duration}","Duration":"0:00:02.6214961"}
{"@t":"2025-01-14T21:07:21.7051041Z","@mt":"Cleaning up"}
{"@t":"2025-01-14T21:07:21.7372808Z","@mt":"Subsetting complete in {Duration}","Duration":"0:00:08.1576243"}
