{"@t":"2025-01-15T20:50:54.7806262Z","@mt":"Subsetter version: {Version}","Version":"2.1.2.7370"}
{"@t":"2025-01-15T20:50:55.1631086Z","@mt":"Subsetter started"}
{"@t":"2025-01-15T20:50:55.4329468Z","@mt":"Building models for {SubsetSpecifierType}","SubsetSpecifierType":"StartingTable"}
{"@t":"2025-01-15T20:50:55.5307788Z","@mt":"Database: {Location}, {Type}, {Version}","Location":"Source","Type":"SqlServer","Version":"Microsoft SQL Server 2019 (RTM-CU29-GDR) (KB5046860) - 15.0.4410.1 (X64)  \tOct 23 2024 15:50:49  \tCopyright (C) 2019 Microsoft Corporation \tDeveloper Edition (64-bit) on Windows 10 Pro for Workstations 10.0 <X64> (Build 19045: ) (Hypervisor) "}
{"@t":"2025-01-15T20:50:55.5332642Z","@mt":"Database: {Location}, {Type}, {Version}","Location":"Target","Type":"SqlServer","Version":"Microsoft SQL Server 2019 (RTM-CU29-GDR) (KB5046860) - 15.0.4410.1 (X64)  \tOct 23 2024 15:50:49  \tCopyright (C) 2019 Microsoft Corporation \tDeveloper Edition (64-bit) on Windows 10 Pro for Workstations 10.0 <X64> (Build 19045: ) (Hypervisor) "}
{"@t":"2025-01-15T20:50:55.7727545Z","@mt":"Staging data for copying to target database"}
{"@t":"2025-01-15T20:50:55.8357026Z","@mt":"Data staged in {Duration}","Duration":"0:00:00.0629572"}
{"@t":"2025-01-15T20:50:55.8368700Z","@mt":"Copying subset to target database"}
{"@t":"2025-01-15T20:50:55.8392420Z","@mt":"Copying data for {TableName}","TableName":"dbo.awardsmanagers"}
{"@t":"2025-01-15T20:50:55.8925215Z","@mt":"Copied {TargetRowCount} of {SourceRowCount} rows for {TableName} in {Duration}","TargetRowCount":156,"SourceRowCount":156,"TableName":"dbo.awardsmanagers","Duration":"0:00:00.0555199"}
{"@t":"2025-01-15T20:50:55.8957883Z","@mt":"Copying data for {TableName}","TableName":"dbo.managershalf"}
{"@t":"2025-01-15T20:50:55.9028228Z","@mt":"Copied {TargetRowCount} of {SourceRowCount} rows for {TableName} in {Duration}","TargetRowCount":93,"SourceRowCount":93,"TableName":"dbo.managershalf","Duration":"0:00:00.0075588"}
{"@t":"2025-01-15T20:50:55.9041486Z","@mt":"Copying data for {TableName}","TableName":"dbo.seriespost"}
{"@t":"2025-01-15T20:50:55.9160098Z","@mt":"Copied {TargetRowCount} of {SourceRowCount} rows for {TableName} in {Duration}","TargetRowCount":272,"SourceRowCount":272,"TableName":"dbo.seriespost","Duration":"0:00:00.0122693"}
{"@t":"2025-01-15T20:50:55.9174825Z","@mt":"Copying data for {TableName}","TableName":"dbo.teamsfranchises"}
{"@t":"2025-01-15T20:50:55.9241584Z","@mt":"Copied {TargetRowCount} of {SourceRowCount} rows for {TableName} in {Duration}","TargetRowCount":120,"SourceRowCount":120,"TableName":"dbo.teamsfranchises","Duration":"0:00:00.0070793"}
{"@t":"2025-01-15T20:50:55.9257673Z","@mt":"Copying data for {TableName}","TableName":"dbo.teamshalf"}
{"@t":"2025-01-15T20:50:55.9401709Z","@mt":"Copied {TargetRowCount} of {SourceRowCount} rows for {TableName} in {Duration}","TargetRowCount":52,"SourceRowCount":52,"TableName":"dbo.teamshalf","Duration":"0:00:00.0148807"}
{"@t":"2025-01-15T20:50:55.9427623Z","@mt":"Copying data for {TableName}","TableName":"dbo.players"}
{"@t":"2025-01-15T20:50:56.2152197Z","@mt":"Copied {TargetRowCount} of {SourceRowCount} rows for {TableName} in {Duration}","TargetRowCount":8114,"SourceRowCount":16564,"TableName":"dbo.players","Duration":"0:00:00.2740067"}
{"@t":"2025-01-15T20:50:56.2434963Z","@mt":"Subsetted data copied to target database in {Duration}","Duration":"0:00:00.4065544"}
{"@t":"2025-01-15T20:50:56.2452604Z","@mt":"Cleaning up"}
{"@t":"2025-01-15T20:50:56.2643585Z","@mt":"Subsetting complete in {Duration}","Duration":"0:00:01.1009506"}
