{"@t":"2025-01-14T22:32:20.1243131Z","@mt":"Subsetter version: {Version}","Version":"2.1.2.7370"}
{"@t":"2025-01-14T22:32:20.4437871Z","@mt":"Subsetter started"}
{"@t":"2025-01-14T22:32:20.5864983Z","@mt":"Building models for {SubsetSpecifierType}","SubsetSpecifierType":"StartingTable"}
{"@t":"2025-01-14T22:32:20.6203178Z","@mt":"Database: {Location}, {Type}, {Version}","Location":"Source","Type":"SqlServer","Version":"Microsoft SQL Server 2019 (RTM-CU29-GDR) (KB5046860) - 15.0.4410.1 (X64)  \tOct 23 2024 15:50:49  \tCopyright (C) 2019 Microsoft Corporation \tDeveloper Edition (64-bit) on Windows 10 Pro for Workstations 10.0 <X64> (Build 19045: ) (Hypervisor) "}
{"@t":"2025-01-14T22:32:20.6226217Z","@mt":"Database: {Location}, {Type}, {Version}","Location":"Target","Type":"SqlServer","Version":"Microsoft SQL Server 2019 (RTM-CU29-GDR) (KB5046860) - 15.0.4410.1 (X64)  \tOct 23 2024 15:50:49  \tCopyright (C) 2019 Microsoft Corporation \tDeveloper Edition (64-bit) on Windows 10 Pro for Workstations 10.0 <X64> (Build 19045: ) (Hypervisor) "}
{"@t":"2025-01-14T22:32:20.8114962Z","@mt":"Staging data for copying to target database"}
{"@t":"2025-01-14T22:32:20.8995619Z","@mt":"Data staged in {Duration}","Duration":"0:00:00.0880599"}
{"@t":"2025-01-14T22:32:20.9008139Z","@mt":"Copying subset to target database"}
{"@t":"2025-01-14T22:32:20.9028551Z","@mt":"Copying data for {TableName}","TableName":"dbo.awardsmanagers"}
{"@t":"2025-01-14T22:32:20.9498560Z","@mt":"Copied {TargetRowCount} of {SourceRowCount} rows for {TableName} in {Duration}","TargetRowCount":156,"SourceRowCount":156,"TableName":"dbo.awardsmanagers","Duration":"0:00:00.0489118"}
{"@t":"2025-01-14T22:32:20.9527127Z","@mt":"Copying data for {TableName}","TableName":"dbo.managershalf"}
{"@t":"2025-01-14T22:32:20.9593217Z","@mt":"Copied {TargetRowCount} of {SourceRowCount} rows for {TableName} in {Duration}","TargetRowCount":93,"SourceRowCount":93,"TableName":"dbo.managershalf","Duration":"0:00:00.0069905"}
{"@t":"2025-01-14T22:32:20.9605078Z","@mt":"Copying data for {TableName}","TableName":"dbo.seriespost"}
{"@t":"2025-01-14T22:32:20.9713882Z","@mt":"Copied {TargetRowCount} of {SourceRowCount} rows for {TableName} in {Duration}","TargetRowCount":272,"SourceRowCount":272,"TableName":"dbo.seriespost","Duration":"0:00:00.0112177"}
{"@t":"2025-01-14T22:32:20.9726012Z","@mt":"Copying data for {TableName}","TableName":"dbo.teamsfranchises"}
{"@t":"2025-01-14T22:32:20.9788578Z","@mt":"Copied {TargetRowCount} of {SourceRowCount} rows for {TableName} in {Duration}","TargetRowCount":120,"SourceRowCount":120,"TableName":"dbo.teamsfranchises","Duration":"0:00:00.0066308"}
{"@t":"2025-01-14T22:32:20.9799917Z","@mt":"Copying data for {TableName}","TableName":"dbo.teamshalf"}
{"@t":"2025-01-14T22:32:20.9943433Z","@mt":"Copied {TargetRowCount} of {SourceRowCount} rows for {TableName} in {Duration}","TargetRowCount":52,"SourceRowCount":52,"TableName":"dbo.teamshalf","Duration":"0:00:00.0146506"}
{"@t":"2025-01-14T22:32:20.9963453Z","@mt":"Copying data for {TableName}","TableName":"dbo.players"}
{"@t":"2025-01-14T22:32:21.4834193Z","@mt":"Copied {TargetRowCount} of {SourceRowCount} rows for {TableName} in {Duration}","TargetRowCount":16564,"SourceRowCount":16564,"TableName":"dbo.players","Duration":"0:00:00.4882339"}
{"@t":"2025-01-14T22:32:21.5398841Z","@mt":"Subsetted data copied to target database in {Duration}","Duration":"0:00:00.6390097"}
{"@t":"2025-01-14T22:32:21.5416626Z","@mt":"Cleaning up"}
{"@t":"2025-01-14T22:32:21.5604784Z","@mt":"Subsetting complete in {Duration}","Duration":"0:00:01.1162579"}
