2025-02-10 15:18:11.821 -07:00 [INF] Subsetter version: 2.1.2.7370
2025-02-10 15:18:12.160 -07:00 [INF] Subsetter started
2025-02-10 15:18:12.206 -07:00 [INF] Building models for StartingTable
2025-02-10 15:18:12.230 -07:00 [INF] Database: Source, SqlServer, Microsoft SQL Server 2019 (RTM-CU29-GDR) (KB5046860) - 15.0.4410.1 (X64)  	Oct 23 2024 15:50:49  	Copyright (C) 2019 Microsoft Corporation 	Developer Edition (64-bit) on Windows 10 Pro for Workstations 10.0 <X64> (Build 19045: ) (Hypervisor) 
2025-02-10 15:18:12.233 -07:00 [INF] Database: Target, SqlServer, Microsoft SQL Server 2019 (RTM-CU29-GDR) (KB5046860) - 15.0.4410.1 (X64)  	Oct 23 2024 15:50:49  	Copyright (C) 2019 Microsoft Corporation 	Developer Edition (64-bit) on Windows 10 Pro for Workstations 10.0 <X64> (Build 19045: ) (Hypervisor) 
2025-02-10 15:18:12.282 -07:00 [INF] Staging data for copying to target database
2025-02-10 15:18:12.312 -07:00 [INF] Data staged in 0:00:00.0305647
2025-02-10 15:18:12.313 -07:00 [INF] Copying subset to target database
2025-02-10 15:18:12.315 -07:00 [INF] Copying data for dbo.awardsmanagers
2025-02-10 15:18:12.346 -07:00 [INF] Copied 156 of 156 rows for dbo.awardsmanagers in 0:00:00.0327396
2025-02-10 15:18:12.349 -07:00 [INF] Copying data for dbo.managershalf
2025-02-10 15:18:12.355 -07:00 [INF] Copied 93 of 93 rows for dbo.managershalf in 0:00:00.0058919
2025-02-10 15:18:12.356 -07:00 [INF] Copying data for dbo.seriespost
2025-02-10 15:18:12.365 -07:00 [INF] Copied 272 of 272 rows for dbo.seriespost in 0:00:00.0098079
2025-02-10 15:18:12.366 -07:00 [INF] Copying data for dbo.teamsfranchises
2025-02-10 15:18:12.371 -07:00 [INF] Copied 120 of 120 rows for dbo.teamsfranchises in 0:00:00.0051515
2025-02-10 15:18:12.372 -07:00 [INF] Copying data for dbo.teamshalf
2025-02-10 15:18:12.385 -07:00 [INF] Copied 52 of 52 rows for dbo.teamshalf in 0:00:00.0132183
2025-02-10 15:18:12.387 -07:00 [INF] Copying data for dbo.players
2025-02-10 15:18:12.526 -07:00 [INF] Copied 1800 of 16564 rows for dbo.players in 0:00:00.1395034
2025-02-10 15:18:12.538 -07:00 [INF] Copying data for dbo.teams
2025-02-10 15:18:12.567 -07:00 [INF] Copied 360 of 2715 rows for dbo.teams in 0:00:00.0297833
2025-02-10 15:18:12.571 -07:00 [INF] Subsetted data copied to target database in 0:00:00.2577666
2025-02-10 15:18:12.573 -07:00 [INF] Cleaning up
2025-02-10 15:18:12.586 -07:00 [INF] Subsetting complete in 0:00:00.4257967
