{"@t":"2025-01-14T21:23:45.7362006Z","@mt":"Subsetter version: {Version}","Version":"2.1.2.7370"}
{"@t":"2025-01-14T21:23:46.0662002Z","@mt":"Subsetter started"}
{"@t":"2025-01-14T21:23:46.3006414Z","@mt":"Building models for {SubsetSpecifierType}","SubsetSpecifierType":"DesiredSize"}
{"@t":"2025-01-14T21:23:46.7372406Z","@mt":"Database: {Location}, {Type}, {Version}","Location":"Source","Type":"SqlServer","Version":"Microsoft SQL Server 2019 (RTM-CU29-GDR) (KB5046860) - 15.0.4410.1 (X64)  \tOct 23 2024 15:50:49  \tCopyright (C) 2019 Microsoft Corporation \tDeveloper Edition (64-bit) on Windows 10 Pro for Workstations 10.0 <X64> (Build 19045: ) (Hypervisor) "}
{"@t":"2025-01-14T21:23:46.7400789Z","@mt":"Database: {Location}, {Type}, {Version}","Location":"Target","Type":"SqlServer","Version":"Microsoft SQL Server 2019 (RTM-CU29-GDR) (KB5046860) - 15.0.4410.1 (X64)  \tOct 23 2024 15:50:49  \tCopyright (C) 2019 Microsoft Corporation \tDeveloper Edition (64-bit) on Windows 10 Pro for Workstations 10.0 <X64> (Build 19045: ) (Hypervisor) "}
{"@t":"2025-01-14T21:23:47.3523318Z","@mt":"Staging data for copying to target database"}
{"@t":"2025-01-14T21:23:51.4679057Z","@mt":"Data staged in {Duration}","Duration":"0:00:04.1155683"}
{"@t":"2025-01-14T21:23:51.4692102Z","@mt":"Copying subset to target database"}
{"@t":"2025-01-14T21:23:51.4712260Z","@mt":"Copying data for {TableName}","TableName":"dbo.fielding"}
{"@t":"2025-01-14T21:23:52.2444465Z","@mt":"Copied {TargetRowCount} of {SourceRowCount} rows for {TableName} in {Duration}","TargetRowCount":14545,"SourceRowCount":144409,"TableName":"dbo.fielding","Duration":"0:00:00.7751096"}
{"@t":"2025-01-14T21:23:52.2528745Z","@mt":"Copying data for {TableName}","TableName":"dbo.teamshalf"}
{"@t":"2025-01-14T21:23:52.2664312Z","@mt":"Copied {TargetRowCount} of {SourceRowCount} rows for {TableName} in {Duration}","TargetRowCount":52,"SourceRowCount":52,"TableName":"dbo.teamshalf","Duration":"0:00:00.0139321"}
{"@t":"2025-01-14T21:23:52.2675895Z","@mt":"Copying data for {TableName}","TableName":"dbo.teamsfranchises"}
{"@t":"2025-01-14T21:23:52.2731580Z","@mt":"Copied {TargetRowCount} of {SourceRowCount} rows for {TableName} in {Duration}","TargetRowCount":120,"SourceRowCount":120,"TableName":"dbo.teamsfranchises","Duration":"0:00:00.0059167"}
{"@t":"2025-01-14T21:23:52.2743036Z","@mt":"Copying data for {TableName}","TableName":"dbo.managershalf"}
{"@t":"2025-01-14T21:23:52.2797270Z","@mt":"Copied {TargetRowCount} of {SourceRowCount} rows for {TableName} in {Duration}","TargetRowCount":93,"SourceRowCount":93,"TableName":"dbo.managershalf","Duration":"0:00:00.0057316"}
{"@t":"2025-01-14T21:23:52.2809200Z","@mt":"Copying data for {TableName}","TableName":"dbo.seriespost"}
{"@t":"2025-01-14T21:23:52.2901921Z","@mt":"Copied {TargetRowCount} of {SourceRowCount} rows for {TableName} in {Duration}","TargetRowCount":272,"SourceRowCount":272,"TableName":"dbo.seriespost","Duration":"0:00:00.0096089"}
{"@t":"2025-01-14T21:23:52.2913202Z","@mt":"Copying data for {TableName}","TableName":"dbo.els_teamnames"}
{"@t":"2025-01-14T21:23:52.2968085Z","@mt":"Copied {TargetRowCount} of {SourceRowCount} rows for {TableName} in {Duration}","TargetRowCount":37,"SourceRowCount":314,"TableName":"dbo.els_teamnames","Duration":"0:00:00.005819"}
{"@t":"2025-01-14T21:23:52.2975920Z","@mt":"Copying data for {TableName}","TableName":"dbo.awardsmanagers"}
{"@t":"2025-01-14T21:23:52.3043436Z","@mt":"Copied {TargetRowCount} of {SourceRowCount} rows for {TableName} in {Duration}","TargetRowCount":156,"SourceRowCount":156,"TableName":"dbo.awardsmanagers","Duration":"0:00:00.0070729"}
{"@t":"2025-01-14T21:23:52.3054894Z","@mt":"Copying data for {TableName}","TableName":"dbo.awardssharemanagers"}
{"@t":"2025-01-14T21:23:52.3107767Z","@mt":"Copied {TargetRowCount} of {SourceRowCount} rows for {TableName} in {Duration}","TargetRowCount":34,"SourceRowCount":372,"TableName":"dbo.awardssharemanagers","Duration":"0:00:00.0055921"}
{"@t":"2025-01-14T21:23:52.3123556Z","@mt":"Copying data for {TableName}","TableName":"dbo.schools"}
{"@t":"2025-01-14T21:23:52.3205460Z","@mt":"Copied {TargetRowCount} of {SourceRowCount} rows for {TableName} in {Duration}","TargetRowCount":96,"SourceRowCount":749,"TableName":"dbo.schools","Duration":"0:00:00.009056"}
{"@t":"2025-01-14T21:23:52.3234514Z","@mt":"Copying data for {TableName}","TableName":"dbo.managers"}
{"@t":"2025-01-14T21:23:52.3450690Z","@mt":"Copied {TargetRowCount} of {SourceRowCount} rows for {TableName} in {Duration}","TargetRowCount":337,"SourceRowCount":3306,"TableName":"dbo.managers","Duration":"0:00:00.0219326"}
{"@t":"2025-01-14T21:23:52.3463488Z","@mt":"Copying data for {TableName}","TableName":"dbo.halloffame"}
{"@t":"2025-01-14T21:23:52.3709715Z","@mt":"Copied {TargetRowCount} of {SourceRowCount} rows for {TableName} in {Duration}","TargetRowCount":356,"SourceRowCount":3883,"TableName":"dbo.halloffame","Duration":"0:00:00.0250216"}
{"@t":"2025-01-14T21:23:52.3723959Z","@mt":"Copying data for {TableName}","TableName":"dbo.allstarfull"}
{"@t":"2025-01-14T21:23:52.4011971Z","@mt":"Copied {TargetRowCount} of {SourceRowCount} rows for {TableName} in {Duration}","TargetRowCount":477,"SourceRowCount":4834,"TableName":"dbo.allstarfull","Duration":"0:00:00.0291879"}
{"@t":"2025-01-14T21:23:52.4027179Z","@mt":"Copying data for {TableName}","TableName":"dbo.awardsshareplayers"}
{"@t":"2025-01-14T21:23:52.4393983Z","@mt":"Copied {TargetRowCount} of {SourceRowCount} rows for {TableName} in {Duration}","TargetRowCount":624,"SourceRowCount":6531,"TableName":"dbo.awardsshareplayers","Duration":"0:00:00.0370009"}
{"@t":"2025-01-14T21:23:52.4407280Z","@mt":"Copying data for {TableName}","TableName":"dbo.awardsplayers"}
{"@t":"2025-01-14T21:23:52.4746074Z","@mt":"Copied {TargetRowCount} of {SourceRowCount} rows for {TableName} in {Duration}","TargetRowCount":602,"SourceRowCount":5919,"TableName":"dbo.awardsplayers","Duration":"0:00:00.0341937"}
{"@t":"2025-01-14T21:23:52.4760429Z","@mt":"Copying data for {TableName}","TableName":"dbo.fieldingof"}
{"@t":"2025-01-14T21:23:52.5318139Z","@mt":"Copied {TargetRowCount} of {SourceRowCount} rows for {TableName} in {Duration}","TargetRowCount":1136,"SourceRowCount":12028,"TableName":"dbo.fieldingof","Duration":"0:00:00.0561591"}
{"@t":"2025-01-14T21:23:52.5341440Z","@mt":"Copying data for {TableName}","TableName":"dbo.teams"}
{"@t":"2025-01-14T21:23:52.5608092Z","@mt":"Copied {TargetRowCount} of {SourceRowCount} rows for {TableName} in {Duration}","TargetRowCount":263,"SourceRowCount":2715,"TableName":"dbo.teams","Duration":"0:00:00.0275964"}
{"@t":"2025-01-14T21:23:52.5657336Z","@mt":"Copying data for {TableName}","TableName":"dbo.pitchingpost"}
{"@t":"2025-01-14T21:23:52.6019322Z","@mt":"Copied {TargetRowCount} of {SourceRowCount} rows for {TableName} in {Duration}","TargetRowCount":481,"SourceRowCount":4612,"TableName":"dbo.pitchingpost","Duration":"0:00:00.0365871"}
{"@t":"2025-01-14T21:23:52.6033624Z","@mt":"Copying data for {TableName}","TableName":"dbo.salaries"}
{"@t":"2025-01-14T21:23:52.7077998Z","@mt":"Copied {TargetRowCount} of {SourceRowCount} rows for {TableName} in {Duration}","TargetRowCount":2286,"SourceRowCount":23141,"TableName":"dbo.salaries","Duration":"0:00:00.1047299"}
{"@t":"2025-01-14T21:23:52.7101941Z","@mt":"Copying data for {TableName}","TableName":"dbo.schoolsplayers"}
{"@t":"2025-01-14T21:23:52.7481735Z","@mt":"Copied {TargetRowCount} of {SourceRowCount} rows for {TableName} in {Duration}","TargetRowCount":652,"SourceRowCount":6147,"TableName":"dbo.schoolsplayers","Duration":"0:00:00.0388008"}
{"@t":"2025-01-14T21:23:52.7528286Z","@mt":"Copying data for {TableName}","TableName":"dbo.fieldingpost"}
{"@t":"2025-01-14T21:23:52.8131887Z","@mt":"Copied {TargetRowCount} of {SourceRowCount} rows for {TableName} in {Duration}","TargetRowCount":1114,"SourceRowCount":11183,"TableName":"dbo.fieldingpost","Duration":"0:00:00.0607344"}
{"@t":"2025-01-14T21:23:52.8149469Z","@mt":"Copying data for {TableName}","TableName":"dbo.battingpost"}
{"@t":"2025-01-14T21:23:52.8737857Z","@mt":"Copied {TargetRowCount} of {SourceRowCount} rows for {TableName} in {Duration}","TargetRowCount":1094,"SourceRowCount":10510,"TableName":"dbo.battingpost","Duration":"0:00:00.0591662"}
{"@t":"2025-01-14T21:23:52.8763021Z","@mt":"Copying data for {TableName}","TableName":"dbo.players"}
{"@t":"2025-01-14T21:23:52.9810517Z","@mt":"Copied {TargetRowCount} of {SourceRowCount} rows for {TableName} in {Duration}","TargetRowCount":1644,"SourceRowCount":16564,"TableName":"dbo.players","Duration":"0:00:00.1060176"}
{"@t":"2025-01-14T21:23:52.9912378Z","@mt":"Copying data for {TableName}","TableName":"dbo.pitching"}
{"@t":"2025-01-14T21:23:53.2071957Z","@mt":"Copied {TargetRowCount} of {SourceRowCount} rows for {TableName} in {Duration}","TargetRowCount":4169,"SourceRowCount":41857,"TableName":"dbo.pitching","Duration":"0:00:00.2163247"}
{"@t":"2025-01-14T21:23:53.2103726Z","@mt":"Copying data for {TableName}","TableName":"dbo.appearances"}
{"@t":"2025-01-14T21:23:53.6702903Z","@mt":"Copied {TargetRowCount} of {SourceRowCount} rows for {TableName} in {Duration}","TargetRowCount":9652,"SourceRowCount":96737,"TableName":"dbo.appearances","Duration":"0:00:00.4602723"}
{"@t":"2025-01-14T21:23:53.6739436Z","@mt":"Copying data for {TableName}","TableName":"dbo.batting"}
{"@t":"2025-01-14T21:23:54.1164607Z","@mt":"Copied {TargetRowCount} of {SourceRowCount} rows for {TableName} in {Duration}","TargetRowCount":9579,"SourceRowCount":96600,"TableName":"dbo.batting","Duration":"0:00:00.4434322"}
{"@t":"2025-01-14T21:23:54.1356660Z","@mt":"Subsetted data copied to target database in {Duration}","Duration":"0:00:02.6663878"}
{"@t":"2025-01-14T21:23:54.1359514Z","@mt":"Cleaning up"}
{"@t":"2025-01-14T21:23:54.1661308Z","@mt":"Subsetting complete in {Duration}","Duration":"0:00:08.0994601"}
