{"@t":"2025-01-16T18:42:02.0210565Z","@mt":"Subsetter version: {Version}","Version":"2.1.2.7370"}
{"@t":"2025-01-16T18:42:02.3627040Z","@mt":"Subsetter started"}
{"@t":"2025-01-16T18:42:02.5951097Z","@mt":"Building models for {SubsetSpecifierType}","SubsetSpecifierType":"DesiredSize"}
{"@t":"2025-01-16T18:42:03.0726368Z","@mt":"Database: {Location}, {Type}, {Version}","Location":"Source","Type":"SqlServer","Version":"Microsoft SQL Server 2019 (RTM-CU29-GDR) (KB5046860) - 15.0.4410.1 (X64)  \tOct 23 2024 15:50:49  \tCopyright (C) 2019 Microsoft Corporation \tDeveloper Edition (64-bit) on Windows 10 Pro for Workstations 10.0 <X64> (Build 19045: ) (Hypervisor) "}
{"@t":"2025-01-16T18:42:03.0754387Z","@mt":"Database: {Location}, {Type}, {Version}","Location":"Target","Type":"SqlServer","Version":"Microsoft SQL Server 2019 (RTM-CU29-GDR) (KB5046860) - 15.0.4410.1 (X64)  \tOct 23 2024 15:50:49  \tCopyright (C) 2019 Microsoft Corporation \tDeveloper Edition (64-bit) on Windows 10 Pro for Workstations 10.0 <X64> (Build 19045: ) (Hypervisor) "}
{"@t":"2025-01-16T18:42:03.7420666Z","@mt":"Staging data for copying to target database"}
{"@t":"2025-01-16T18:42:08.0316999Z","@mt":"Data staged in {Duration}","Duration":"0:00:04.2896478"}
{"@t":"2025-01-16T18:42:08.0329050Z","@mt":"Copying subset to target database"}
{"@t":"2025-01-16T18:42:08.0349602Z","@mt":"Copying data for {TableName}","TableName":"dbo.fielding"}
{"@t":"2025-01-16T18:42:08.8075937Z","@mt":"Copied {TargetRowCount} of {SourceRowCount} rows for {TableName} in {Duration}","TargetRowCount":14545,"SourceRowCount":144409,"TableName":"dbo.fielding","Duration":"0:00:00.7745705"}
{"@t":"2025-01-16T18:42:08.8166508Z","@mt":"Copying data for {TableName}","TableName":"dbo.teamshalf"}
{"@t":"2025-01-16T18:42:08.8301889Z","@mt":"Copied {TargetRowCount} of {SourceRowCount} rows for {TableName} in {Duration}","TargetRowCount":52,"SourceRowCount":52,"TableName":"dbo.teamshalf","Duration":"0:00:00.0139338"}
{"@t":"2025-01-16T18:42:08.8313893Z","@mt":"Copying data for {TableName}","TableName":"dbo.teamsfranchises"}
{"@t":"2025-01-16T18:42:08.8365775Z","@mt":"Copied {TargetRowCount} of {SourceRowCount} rows for {TableName} in {Duration}","TargetRowCount":120,"SourceRowCount":120,"TableName":"dbo.teamsfranchises","Duration":"0:00:00.005535"}
{"@t":"2025-01-16T18:42:08.8376438Z","@mt":"Copying data for {TableName}","TableName":"dbo.managershalf"}
{"@t":"2025-01-16T18:42:08.8439604Z","@mt":"Copied {TargetRowCount} of {SourceRowCount} rows for {TableName} in {Duration}","TargetRowCount":93,"SourceRowCount":93,"TableName":"dbo.managershalf","Duration":"0:00:00.0066114"}
{"@t":"2025-01-16T18:42:08.8455474Z","@mt":"Copying data for {TableName}","TableName":"dbo.seriespost"}
{"@t":"2025-01-16T18:42:08.8554459Z","@mt":"Copied {TargetRowCount} of {SourceRowCount} rows for {TableName} in {Duration}","TargetRowCount":272,"SourceRowCount":272,"TableName":"dbo.seriespost","Duration":"0:00:00.0102226"}
{"@t":"2025-01-16T18:42:08.8565779Z","@mt":"Copying data for {TableName}","TableName":"dbo.els_teamnames"}
{"@t":"2025-01-16T18:42:08.8623197Z","@mt":"Copied {TargetRowCount} of {SourceRowCount} rows for {TableName} in {Duration}","TargetRowCount":37,"SourceRowCount":314,"TableName":"dbo.els_teamnames","Duration":"0:00:00.0060038"}
{"@t":"2025-01-16T18:42:08.8629795Z","@mt":"Copying data for {TableName}","TableName":"dbo.awardsmanagers"}
{"@t":"2025-01-16T18:42:08.8698448Z","@mt":"Copied {TargetRowCount} of {SourceRowCount} rows for {TableName} in {Duration}","TargetRowCount":156,"SourceRowCount":156,"TableName":"dbo.awardsmanagers","Duration":"0:00:00.0071707"}
{"@t":"2025-01-16T18:42:08.8709123Z","@mt":"Copying data for {TableName}","TableName":"dbo.awardssharemanagers"}
{"@t":"2025-01-16T18:42:08.8775288Z","@mt":"Copied {TargetRowCount} of {SourceRowCount} rows for {TableName} in {Duration}","TargetRowCount":34,"SourceRowCount":372,"TableName":"dbo.awardssharemanagers","Duration":"0:00:00.0069036"}
{"@t":"2025-01-16T18:42:08.8791811Z","@mt":"Copying data for {TableName}","TableName":"dbo.schools"}
{"@t":"2025-01-16T18:42:08.8869607Z","@mt":"Copied {TargetRowCount} of {SourceRowCount} rows for {TableName} in {Duration}","TargetRowCount":96,"SourceRowCount":749,"TableName":"dbo.schools","Duration":"0:00:00.0085339"}
{"@t":"2025-01-16T18:42:08.8902188Z","@mt":"Copying data for {TableName}","TableName":"dbo.managers"}
{"@t":"2025-01-16T18:42:08.9141720Z","@mt":"Copied {TargetRowCount} of {SourceRowCount} rows for {TableName} in {Duration}","TargetRowCount":337,"SourceRowCount":3306,"TableName":"dbo.managers","Duration":"0:00:00.0242723"}
{"@t":"2025-01-16T18:42:08.9156218Z","@mt":"Copying data for {TableName}","TableName":"dbo.halloffame"}
{"@t":"2025-01-16T18:42:08.9419486Z","@mt":"Copied {TargetRowCount} of {SourceRowCount} rows for {TableName} in {Duration}","TargetRowCount":356,"SourceRowCount":3883,"TableName":"dbo.halloffame","Duration":"0:00:00.0266643"}
{"@t":"2025-01-16T18:42:08.9435261Z","@mt":"Copying data for {TableName}","TableName":"dbo.allstarfull"}
{"@t":"2025-01-16T18:42:08.9750676Z","@mt":"Copied {TargetRowCount} of {SourceRowCount} rows for {TableName} in {Duration}","TargetRowCount":477,"SourceRowCount":4834,"TableName":"dbo.allstarfull","Duration":"0:00:00.0318873"}
{"@t":"2025-01-16T18:42:08.9768545Z","@mt":"Copying data for {TableName}","TableName":"dbo.awardsshareplayers"}
{"@t":"2025-01-16T18:42:09.0191382Z","@mt":"Copied {TargetRowCount} of {SourceRowCount} rows for {TableName} in {Duration}","TargetRowCount":624,"SourceRowCount":6531,"TableName":"dbo.awardsshareplayers","Duration":"0:00:00.0426081"}
{"@t":"2025-01-16T18:42:09.0208915Z","@mt":"Copying data for {TableName}","TableName":"dbo.awardsplayers"}
{"@t":"2025-01-16T18:42:09.0600605Z","@mt":"Copied {TargetRowCount} of {SourceRowCount} rows for {TableName} in {Duration}","TargetRowCount":602,"SourceRowCount":5919,"TableName":"dbo.awardsplayers","Duration":"0:00:00.0394938"}
{"@t":"2025-01-16T18:42:09.0616240Z","@mt":"Copying data for {TableName}","TableName":"dbo.fieldingof"}
{"@t":"2025-01-16T18:42:09.1227517Z","@mt":"Copied {TargetRowCount} of {SourceRowCount} rows for {TableName} in {Duration}","TargetRowCount":1136,"SourceRowCount":12028,"TableName":"dbo.fieldingof","Duration":"0:00:00.0614787"}
{"@t":"2025-01-16T18:42:09.1252976Z","@mt":"Copying data for {TableName}","TableName":"dbo.teams"}
{"@t":"2025-01-16T18:42:09.1501270Z","@mt":"Copied {TargetRowCount} of {SourceRowCount} rows for {TableName} in {Duration}","TargetRowCount":263,"SourceRowCount":2715,"TableName":"dbo.teams","Duration":"0:00:00.0257826"}
{"@t":"2025-01-16T18:42:09.1558586Z","@mt":"Copying data for {TableName}","TableName":"dbo.pitchingpost"}
{"@t":"2025-01-16T18:42:09.1914659Z","@mt":"Copied {TargetRowCount} of {SourceRowCount} rows for {TableName} in {Duration}","TargetRowCount":481,"SourceRowCount":4612,"TableName":"dbo.pitchingpost","Duration":"0:00:00.03596"}
{"@t":"2025-01-16T18:42:09.1929997Z","@mt":"Copying data for {TableName}","TableName":"dbo.salaries"}
{"@t":"2025-01-16T18:42:09.2999825Z","@mt":"Copied {TargetRowCount} of {SourceRowCount} rows for {TableName} in {Duration}","TargetRowCount":2286,"SourceRowCount":23141,"TableName":"dbo.salaries","Duration":"0:00:00.1072745"}
{"@t":"2025-01-16T18:42:09.3022834Z","@mt":"Copying data for {TableName}","TableName":"dbo.schoolsplayers"}
{"@t":"2025-01-16T18:42:09.3434176Z","@mt":"Copied {TargetRowCount} of {SourceRowCount} rows for {TableName} in {Duration}","TargetRowCount":652,"SourceRowCount":6147,"TableName":"dbo.schoolsplayers","Duration":"0:00:00.0419636"}
{"@t":"2025-01-16T18:42:09.3479931Z","@mt":"Copying data for {TableName}","TableName":"dbo.fieldingpost"}
{"@t":"2025-01-16T18:42:09.4083478Z","@mt":"Copied {TargetRowCount} of {SourceRowCount} rows for {TableName} in {Duration}","TargetRowCount":1114,"SourceRowCount":11183,"TableName":"dbo.fieldingpost","Duration":"0:00:00.0607201"}
{"@t":"2025-01-16T18:42:09.4103212Z","@mt":"Copying data for {TableName}","TableName":"dbo.battingpost"}
{"@t":"2025-01-16T18:42:09.4738043Z","@mt":"Copied {TargetRowCount} of {SourceRowCount} rows for {TableName} in {Duration}","TargetRowCount":1094,"SourceRowCount":10510,"TableName":"dbo.battingpost","Duration":"0:00:00.0638045"}
{"@t":"2025-01-16T18:42:09.4762849Z","@mt":"Copying data for {TableName}","TableName":"dbo.players"}
{"@t":"2025-01-16T18:42:09.5904104Z","@mt":"Copied {TargetRowCount} of {SourceRowCount} rows for {TableName} in {Duration}","TargetRowCount":1644,"SourceRowCount":16564,"TableName":"dbo.players","Duration":"0:00:00.1153203"}
{"@t":"2025-01-16T18:42:09.6021033Z","@mt":"Copying data for {TableName}","TableName":"dbo.pitching"}
{"@t":"2025-01-16T18:42:09.8377856Z","@mt":"Copied {TargetRowCount} of {SourceRowCount} rows for {TableName} in {Duration}","TargetRowCount":4169,"SourceRowCount":41857,"TableName":"dbo.pitching","Duration":"0:00:00.2361011"}
{"@t":"2025-01-16T18:42:09.8419683Z","@mt":"Copying data for {TableName}","TableName":"dbo.appearances"}
{"@t":"2025-01-16T18:42:10.3257505Z","@mt":"Copied {TargetRowCount} of {SourceRowCount} rows for {TableName} in {Duration}","TargetRowCount":9652,"SourceRowCount":96737,"TableName":"dbo.appearances","Duration":"0:00:00.4841629"}
{"@t":"2025-01-16T18:42:10.3299724Z","@mt":"Copying data for {TableName}","TableName":"dbo.batting"}
{"@t":"2025-01-16T18:42:10.8497009Z","@mt":"Copied {TargetRowCount} of {SourceRowCount} rows for {TableName} in {Duration}","TargetRowCount":9579,"SourceRowCount":96600,"TableName":"dbo.batting","Duration":"0:00:00.5206879"}
{"@t":"2025-01-16T18:42:10.8715537Z","@mt":"Subsetted data copied to target database in {Duration}","Duration":"0:00:02.8385882"}
{"@t":"2025-01-16T18:42:10.8719758Z","@mt":"Cleaning up"}
{"@t":"2025-01-16T18:42:10.9063983Z","@mt":"Subsetting complete in {Duration}","Duration":"0:00:08.5433333"}
