2025-02-10 14:57:48.627 -07:00 [INF] Subsetter version: 2.1.2.7370
2025-02-10 14:57:48.953 -07:00 [INF] Subsetter started
2025-02-10 14:57:48.997 -07:00 [INF] Building models for StartingTable
2025-02-10 14:57:49.019 -07:00 [INF] Database: Source, SqlServer, Microsoft SQL Server 2019 (RTM-CU29-GDR) (KB5046860) - 15.0.4410.1 (X64)  	Oct 23 2024 15:50:49  	Copyright (C) 2019 Microsoft Corporation 	Developer Edition (64-bit) on Windows 10 Pro for Workstations 10.0 <X64> (Build 19045: ) (Hypervisor) 
2025-02-10 14:57:49.022 -07:00 [INF] Database: Target, SqlServer, Microsoft SQL Server 2019 (RTM-CU29-GDR) (KB5046860) - 15.0.4410.1 (X64)  	Oct 23 2024 15:50:49  	Copyright (C) 2019 Microsoft Corporation 	Developer Edition (64-bit) on Windows 10 Pro for Workstations 10.0 <X64> (Build 19045: ) (Hypervisor) 
2025-02-10 14:57:49.102 -07:00 [INF] Staging data for copying to target database
2025-02-10 14:57:49.130 -07:00 [INF] Data staged in 0:00:00.0277449
2025-02-10 14:57:49.131 -07:00 [INF] Copying subset to target database
2025-02-10 14:57:49.133 -07:00 [INF] Copying data for dbo.awardsmanagers
2025-02-10 14:57:49.163 -07:00 [INF] Copied 156 of 156 rows for dbo.awardsmanagers in 0:00:00.0314641
2025-02-10 14:57:49.166 -07:00 [INF] Copying data for dbo.managershalf
2025-02-10 14:57:49.172 -07:00 [INF] Copied 93 of 93 rows for dbo.managershalf in 0:00:00.0065245
2025-02-10 14:57:49.173 -07:00 [INF] Copying data for dbo.seriespost
2025-02-10 14:57:49.183 -07:00 [INF] Copied 272 of 272 rows for dbo.seriespost in 0:00:00.0100655
2025-02-10 14:57:49.184 -07:00 [INF] Copying data for dbo.teamsfranchises
2025-02-10 14:57:49.190 -07:00 [INF] Copied 120 of 120 rows for dbo.teamsfranchises in 0:00:00.006062
2025-02-10 14:57:49.191 -07:00 [INF] Copying data for dbo.teamshalf
2025-02-10 14:57:49.204 -07:00 [INF] Copied 52 of 52 rows for dbo.teamshalf in 0:00:00.0132092
2025-02-10 14:57:49.206 -07:00 [INF] Copying data for dbo.players
2025-02-10 14:57:49.340 -07:00 [INF] Copied 1800 of 16564 rows for dbo.players in 0:00:00.1355108
2025-02-10 14:57:49.352 -07:00 [INF] Subsetted data copied to target database in 0:00:00.2203383
2025-02-10 14:57:49.353 -07:00 [INF] Cleaning up
2025-02-10 14:57:49.365 -07:00 [INF] Subsetting complete in 0:00:00.4122563
