{"@t":"2025-01-15T21:28:00.9306666Z","@mt":"Subsetter version: {Version}","Version":"2.1.2.7370"}
{"@t":"2025-01-15T21:28:01.2666163Z","@mt":"Subsetter started"}
{"@t":"2025-01-15T21:28:01.4888102Z","@mt":"Building models for {SubsetSpecifierType}","SubsetSpecifierType":"StartingTable"}
{"@t":"2025-01-15T21:28:01.5300370Z","@mt":"Database: {Location}, {Type}, {Version}","Location":"Source","Type":"SqlServer","Version":"Microsoft SQL Server 2019 (RTM-CU29-GDR) (KB5046860) - 15.0.4410.1 (X64)  \tOct 23 2024 15:50:49  \tCopyright (C) 2019 Microsoft Corporation \tDeveloper Edition (64-bit) on Windows 10 Pro for Workstations 10.0 <X64> (Build 19045: ) (Hypervisor) "}
{"@t":"2025-01-15T21:28:01.5326615Z","@mt":"Database: {Location}, {Type}, {Version}","Location":"Target","Type":"SqlServer","Version":"Microsoft SQL Server 2019 (RTM-CU29-GDR) (KB5046860) - 15.0.4410.1 (X64)  \tOct 23 2024 15:50:49  \tCopyright (C) 2019 Microsoft Corporation \tDeveloper Edition (64-bit) on Windows 10 Pro for Workstations 10.0 <X64> (Build 19045: ) (Hypervisor) "}
{"@t":"2025-01-15T21:28:01.6752890Z","@mt":"Staging data for copying to target database"}
{"@t":"2025-01-15T21:28:01.7992271Z","@mt":"Data staged in {Duration}","Duration":"0:00:00.1239381"}
{"@t":"2025-01-15T21:28:01.8003962Z","@mt":"Copying subset to target database"}
{"@t":"2025-01-15T21:28:01.8023643Z","@mt":"Copying data for {TableName}","TableName":"dbo.awardsmanagers"}
{"@t":"2025-01-15T21:28:01.8471962Z","@mt":"Copied {TargetRowCount} of {SourceRowCount} rows for {TableName} in {Duration}","TargetRowCount":156,"SourceRowCount":156,"TableName":"dbo.awardsmanagers","Duration":"0:00:00.0466756"}
{"@t":"2025-01-15T21:28:01.8498632Z","@mt":"Copying data for {TableName}","TableName":"dbo.managershalf"}
{"@t":"2025-01-15T21:28:01.8557776Z","@mt":"Copied {TargetRowCount} of {SourceRowCount} rows for {TableName} in {Duration}","TargetRowCount":93,"SourceRowCount":93,"TableName":"dbo.managershalf","Duration":"0:00:00.0062646"}
{"@t":"2025-01-15T21:28:01.8568560Z","@mt":"Copying data for {TableName}","TableName":"dbo.seriespost"}
{"@t":"2025-01-15T21:28:01.8678715Z","@mt":"Copied {TargetRowCount} of {SourceRowCount} rows for {TableName} in {Duration}","TargetRowCount":272,"SourceRowCount":272,"TableName":"dbo.seriespost","Duration":"0:00:00.0113423"}
{"@t":"2025-01-15T21:28:01.8690124Z","@mt":"Copying data for {TableName}","TableName":"dbo.teamsfranchises"}
{"@t":"2025-01-15T21:28:01.8743449Z","@mt":"Copied {TargetRowCount} of {SourceRowCount} rows for {TableName} in {Duration}","TargetRowCount":120,"SourceRowCount":120,"TableName":"dbo.teamsfranchises","Duration":"0:00:00.0056232"}
{"@t":"2025-01-15T21:28:01.8756986Z","@mt":"Copying data for {TableName}","TableName":"dbo.teamshalf"}
{"@t":"2025-01-15T21:28:01.8897454Z","@mt":"Copied {TargetRowCount} of {SourceRowCount} rows for {TableName} in {Duration}","TargetRowCount":52,"SourceRowCount":52,"TableName":"dbo.teamshalf","Duration":"0:00:00.0144138"}
{"@t":"2025-01-15T21:28:01.8919149Z","@mt":"Copying data for {TableName}","TableName":"dbo.players"}
{"@t":"2025-01-15T21:28:02.0289509Z","@mt":"Copied {TargetRowCount} of {SourceRowCount} rows for {TableName} in {Duration}","TargetRowCount":1800,"SourceRowCount":16564,"TableName":"dbo.players","Duration":"0:00:00.1383552"}
{"@t":"2025-01-15T21:28:02.0398586Z","@mt":"Copying data for {TableName}","TableName":"dbo.batting"}
{"@t":"2025-01-15T21:28:02.7085713Z","@mt":"Copied {TargetRowCount} of {SourceRowCount} rows for {TableName} in {Duration}","TargetRowCount":11784,"SourceRowCount":96600,"TableName":"dbo.batting","Duration":"0:00:00.6695305"}
{"@t":"2025-01-15T21:28:02.7326513Z","@mt":"Subsetted data copied to target database in {Duration}","Duration":"0:00:00.9321905"}
{"@t":"2025-01-15T21:28:02.7344332Z","@mt":"Cleaning up"}
{"@t":"2025-01-15T21:28:02.7642480Z","@mt":"Subsetting complete in {Duration}","Duration":"0:00:01.4972273"}
