2024-12-23 12:07:39.817 -07:00 [INF] Subsetter version: 2.1.2.7370
2024-12-23 12:07:40.147 -07:00 [INF] Subsetter started
2024-12-23 12:07:40.386 -07:00 [INF] Building models for DesiredSize
2024-12-23 12:07:40.851 -07:00 [INF] Database: Source, SqlServer, Microsoft SQL Server 2019 (RTM-CU29-GDR) (KB5046860) - 15.0.4410.1 (X64)  	Oct 23 2024 15:50:49  	Copyright (C) 2019 Microsoft Corporation 	Developer Edition (64-bit) on Windows 10 Pro for Workstations 10.0 <X64> (Build 19045: ) (Hypervisor) 
2024-12-23 12:07:40.853 -07:00 [INF] Database: Target, SqlServer, Microsoft SQL Server 2019 (RTM-CU29-GDR) (KB5046860) - 15.0.4410.1 (X64)  	Oct 23 2024 15:50:49  	Copyright (C) 2019 Microsoft Corporation 	Developer Edition (64-bit) on Windows 10 Pro for Workstations 10.0 <X64> (Build 19045: ) (Hypervisor) 
2024-12-23 12:07:41.470 -07:00 [INF] Staging data for copying to target database
2024-12-23 12:07:47.581 -07:00 [INF] Data staged in 0:00:06.1102934
2024-12-23 12:07:47.582 -07:00 [INF] Copying subset to target database
2024-12-23 12:07:47.584 -07:00 [INF] Copying data for dbo.fielding
2024-12-23 12:07:49.544 -07:00 [INF] Copied 135390 of 144409 rows for dbo.fielding in 0:00:01.9617759
2024-12-23 12:07:49.623 -07:00 [INF] Copying data for dbo.teamshalf
2024-12-23 12:07:49.638 -07:00 [INF] Copied 52 of 52 rows for dbo.teamshalf in 0:00:00.0150933
2024-12-23 12:07:49.639 -07:00 [INF] Copying data for dbo.teamsfranchises
2024-12-23 12:07:49.644 -07:00 [INF] Copied 120 of 120 rows for dbo.teamsfranchises in 0:00:00.0052625
2024-12-23 12:07:49.645 -07:00 [INF] Copying data for dbo.managershalf
2024-12-23 12:07:49.650 -07:00 [INF] Copied 93 of 93 rows for dbo.managershalf in 0:00:00.0049369
2024-12-23 12:07:49.651 -07:00 [INF] Copying data for dbo.seriespost
2024-12-23 12:07:49.660 -07:00 [INF] Copied 272 of 272 rows for dbo.seriespost in 0:00:00.008914
2024-12-23 12:07:49.661 -07:00 [INF] Copying data for dbo.els_teamnames
2024-12-23 12:07:49.668 -07:00 [INF] Copied 292 of 314 rows for dbo.els_teamnames in 0:00:00.007264
2024-12-23 12:07:49.668 -07:00 [INF] Copying data for dbo.awardsmanagers
2024-12-23 12:07:49.675 -07:00 [INF] Copied 156 of 156 rows for dbo.awardsmanagers in 0:00:00.0069102
2024-12-23 12:07:49.676 -07:00 [INF] Copying data for dbo.awardssharemanagers
2024-12-23 12:07:49.684 -07:00 [INF] Copied 355 of 372 rows for dbo.awardssharemanagers in 0:00:00.0083645
2024-12-23 12:07:49.686 -07:00 [INF] Copying data for dbo.schools
2024-12-23 12:07:49.704 -07:00 [INF] Copied 709 of 749 rows for dbo.schools in 0:00:00.0183665
2024-12-23 12:07:49.708 -07:00 [INF] Copying data for dbo.managers
2024-12-23 12:07:49.764 -07:00 [INF] Copied 3095 of 3306 rows for dbo.managers in 0:00:00.0560291
2024-12-23 12:07:49.766 -07:00 [INF] Copying data for dbo.halloffame
2024-12-23 12:07:49.833 -07:00 [INF] Copied 3644 of 3883 rows for dbo.halloffame in 0:00:00.0671298
2024-12-23 12:07:49.835 -07:00 [INF] Copying data for dbo.allstarfull
2024-12-23 12:07:49.886 -07:00 [INF] Copied 4548 of 4834 rows for dbo.allstarfull in 0:00:00.0507992
2024-12-23 12:07:49.888 -07:00 [INF] Copying data for dbo.awardsshareplayers
2024-12-23 12:07:49.957 -07:00 [INF] Copied 6129 of 6531 rows for dbo.awardsshareplayers in 0:00:00.0692021
2024-12-23 12:07:49.960 -07:00 [INF] Copying data for dbo.awardsplayers
2024-12-23 12:07:50.022 -07:00 [INF] Copied 5548 of 5919 rows for dbo.awardsplayers in 0:00:00.0617946
2024-12-23 12:07:50.025 -07:00 [INF] Copying data for dbo.fieldingof
2024-12-23 12:07:50.188 -07:00 [INF] Copied 11312 of 12028 rows for dbo.fieldingof in 0:00:00.1638792
2024-12-23 12:07:50.194 -07:00 [INF] Copying data for dbo.teams
2024-12-23 12:07:50.241 -07:00 [INF] Copied 2549 of 2715 rows for dbo.teams in 0:00:00.0479907
2024-12-23 12:07:50.252 -07:00 [INF] Copying data for dbo.pitchingpost
2024-12-23 12:07:50.321 -07:00 [INF] Copied 4322 of 4612 rows for dbo.pitchingpost in 0:00:00.0690524
2024-12-23 12:07:50.324 -07:00 [INF] Copying data for dbo.salaries
2024-12-23 12:07:50.659 -07:00 [INF] Copied 21718 of 23141 rows for dbo.salaries in 0:00:00.335169
2024-12-23 12:07:50.666 -07:00 [INF] Copying data for dbo.schoolsplayers
2024-12-23 12:07:50.791 -07:00 [INF] Copied 5762 of 6147 rows for dbo.schoolsplayers in 0:00:00.1260705
2024-12-23 12:07:50.803 -07:00 [INF] Copying data for dbo.fieldingpost
2024-12-23 12:07:50.950 -07:00 [INF] Copied 10473 of 11183 rows for dbo.fieldingpost in 0:00:00.1480445
2024-12-23 12:07:50.955 -07:00 [INF] Copying data for dbo.battingpost
2024-12-23 12:07:51.088 -07:00 [INF] Copied 9872 of 10510 rows for dbo.battingpost in 0:00:00.1329088
2024-12-23 12:07:51.092 -07:00 [INF] Copying data for dbo.players
2024-12-23 12:07:51.307 -07:00 [INF] Copied 15554 of 16564 rows for dbo.players in 0:00:00.2162314
2024-12-23 12:07:51.358 -07:00 [INF] Copying data for dbo.pitching
2024-12-23 12:07:51.893 -07:00 [INF] Copied 39216 of 41857 rows for dbo.pitching in 0:00:00.5355201
2024-12-23 12:07:51.908 -07:00 [INF] Copying data for dbo.appearances
2024-12-23 12:07:53.026 -07:00 [INF] Copied 90655 of 96737 rows for dbo.appearances in 0:00:01.1181255
2024-12-23 12:07:53.072 -07:00 [INF] Copying data for dbo.batting
2024-12-23 12:07:54.174 -07:00 [INF] Copied 90504 of 96600 rows for dbo.batting in 0:00:01.102371
2024-12-23 12:07:54.406 -07:00 [INF] Subsetted data copied to target database in 0:00:06.8245875
2024-12-23 12:07:54.407 -07:00 [INF] Cleaning up
2024-12-23 12:07:54.442 -07:00 [INF] Subsetting complete in 0:00:14.2947708
