2025-01-15 14:53:29.182 -07:00 [INF] Subsetter version: 2.1.2.7370
2025-01-15 14:53:29.538 -07:00 [INF] Subsetter started
2025-01-15 14:53:29.761 -07:00 [INF] Building models for StartingTable
2025-01-15 14:53:29.805 -07:00 [INF] Database: Source, SqlServer, Microsoft SQL Server 2019 (RTM-CU29-GDR) (KB5046860) - 15.0.4410.1 (X64)  	Oct 23 2024 15:50:49  	Copyright (C) 2019 Microsoft Corporation 	Developer Edition (64-bit) on Windows 10 Pro for Workstations 10.0 <X64> (Build 19045: ) (Hypervisor) 
2025-01-15 14:53:29.807 -07:00 [INF] Database: Target, SqlServer, Microsoft SQL Server 2019 (RTM-CU29-GDR) (KB5046860) - 15.0.4410.1 (X64)  	Oct 23 2024 15:50:49  	Copyright (C) 2019 Microsoft Corporation 	Developer Edition (64-bit) on Windows 10 Pro for Workstations 10.0 <X64> (Build 19045: ) (Hypervisor) 
2025-01-15 14:53:29.955 -07:00 [INF] Staging data for copying to target database
2025-01-15 14:53:30.133 -07:00 [INF] Data staged in 0:00:00.1770953
2025-01-15 14:53:30.134 -07:00 [INF] Copying subset to target database
2025-01-15 14:53:30.136 -07:00 [INF] Copying data for dbo.awardsmanagers
2025-01-15 14:53:30.181 -07:00 [INF] Copied 156 of 156 rows for dbo.awardsmanagers in 0:00:00.0467505
2025-01-15 14:53:30.183 -07:00 [INF] Copying data for dbo.managershalf
2025-01-15 14:53:30.190 -07:00 [INF] Copied 93 of 93 rows for dbo.managershalf in 0:00:00.0071606
2025-01-15 14:53:30.191 -07:00 [INF] Copying data for dbo.seriespost
2025-01-15 14:53:30.203 -07:00 [INF] Copied 272 of 272 rows for dbo.seriespost in 0:00:00.0117941
2025-01-15 14:53:30.204 -07:00 [INF] Copying data for dbo.teamsfranchises
2025-01-15 14:53:30.210 -07:00 [INF] Copied 120 of 120 rows for dbo.teamsfranchises in 0:00:00.0065942
2025-01-15 14:53:30.212 -07:00 [INF] Copying data for dbo.teamshalf
2025-01-15 14:53:30.225 -07:00 [INF] Copied 52 of 52 rows for dbo.teamshalf in 0:00:00.0140998
2025-01-15 14:53:30.227 -07:00 [INF] Copying data for dbo.players
2025-01-15 14:53:30.370 -07:00 [INF] Copied 1800 of 16564 rows for dbo.players in 0:00:00.1439511
2025-01-15 14:53:30.381 -07:00 [INF] Copying data for dbo.batting
2025-01-15 14:53:31.028 -07:00 [INF] Copied 11784 of 96600 rows for dbo.batting in 0:00:00.6481136
2025-01-15 14:53:31.052 -07:00 [INF] Copying data for dbo.teams
2025-01-15 14:53:31.137 -07:00 [INF] Copied 2220 of 2715 rows for dbo.teams in 0:00:00.0860994
2025-01-15 14:53:31.147 -07:00 [INF] Subsetted data copied to target database in 0:00:01.013228
2025-01-15 14:53:31.149 -07:00 [INF] Cleaning up
2025-01-15 14:53:31.169 -07:00 [INF] Subsetting complete in 0:00:01.6301392
