2024-12-23 12:08:30.933 -07:00 [INF] Subsetter version: 2.1.2.7370
2024-12-23 12:08:31.269 -07:00 [INF] Subsetter started
2024-12-23 12:08:31.408 -07:00 [INF] Building models for StartingTable
2024-12-23 12:08:31.442 -07:00 [INF] Database: Source, SqlServer, Microsoft SQL Server 2019 (RTM-CU29-GDR) (KB5046860) - 15.0.4410.1 (X64)  	Oct 23 2024 15:50:49  	Copyright (C) 2019 Microsoft Corporation 	Developer Edition (64-bit) on Windows 10 Pro for Workstations 10.0 <X64> (Build 19045: ) (Hypervisor) 
2024-12-23 12:08:31.445 -07:00 [INF] Database: Target, SqlServer, Microsoft SQL Server 2019 (RTM-CU29-GDR) (KB5046860) - 15.0.4410.1 (X64)  	Oct 23 2024 15:50:49  	Copyright (C) 2019 Microsoft Corporation 	Developer Edition (64-bit) on Windows 10 Pro for Workstations 10.0 <X64> (Build 19045: ) (Hypervisor) 
2024-12-23 12:08:31.976 -07:00 [INF] Staging data for copying to target database
2024-12-23 12:08:32.093 -07:00 [INF] Data staged in 0:00:00.1174295
2024-12-23 12:08:32.094 -07:00 [INF] Copying subset to target database
2024-12-23 12:08:32.096 -07:00 [INF] Copying data for dbo.awardsmanagers
2024-12-23 12:08:32.126 -07:00 [INF] Copied 156 of 156 rows for dbo.awardsmanagers in 0:00:00.032142
2024-12-23 12:08:32.130 -07:00 [INF] Copying data for dbo.managershalf
2024-12-23 12:08:32.135 -07:00 [INF] Copied 93 of 93 rows for dbo.managershalf in 0:00:00.0063787
2024-12-23 12:08:32.138 -07:00 [INF] Copying data for dbo.seriespost
2024-12-23 12:08:32.149 -07:00 [INF] Copied 272 of 272 rows for dbo.seriespost in 0:00:00.011876
2024-12-23 12:08:32.150 -07:00 [INF] Copying data for dbo.teamsfranchises
2024-12-23 12:08:32.155 -07:00 [INF] Copied 120 of 120 rows for dbo.teamsfranchises in 0:00:00.0057539
2024-12-23 12:08:32.157 -07:00 [INF] Copying data for dbo.teamshalf
2024-12-23 12:08:32.171 -07:00 [INF] Copied 52 of 52 rows for dbo.teamshalf in 0:00:00.0144951
2024-12-23 12:08:32.173 -07:00 [INF] Copying data for dbo.players
2024-12-23 12:08:32.232 -07:00 [INF] Copied 181 of 16564 rows for dbo.players in 0:00:00.060442
2024-12-23 12:08:32.240 -07:00 [INF] Copying data for dbo.batting
2024-12-23 12:08:32.652 -07:00 [INF] Copied 1004 of 96600 rows for dbo.batting in 0:00:00.4128614
2024-12-23 12:08:32.658 -07:00 [INF] Copying data for dbo.allstarfull
2024-12-23 12:08:32.683 -07:00 [INF] Copied 47 of 4834 rows for dbo.allstarfull in 0:00:00.0251158
2024-12-23 12:08:32.685 -07:00 [INF] Copying data for dbo.battingpost
2024-12-23 12:08:32.726 -07:00 [INF] Copied 110 of 10510 rows for dbo.battingpost in 0:00:00.0410316
2024-12-23 12:08:32.727 -07:00 [INF] Copying data for dbo.fieldingpost
2024-12-23 12:08:32.771 -07:00 [INF] Copied 122 of 11183 rows for dbo.fieldingpost in 0:00:00.0437489
2024-12-23 12:08:32.772 -07:00 [INF] Copying data for dbo.fielding
2024-12-23 12:08:33.378 -07:00 [INF] Copied 1328 of 144409 rows for dbo.fielding in 0:00:00.6059271
2024-12-23 12:08:33.380 -07:00 [INF] Copying data for dbo.appearances
2024-12-23 12:08:33.772 -07:00 [INF] Copied 1004 of 96737 rows for dbo.appearances in 0:00:00.3924745
2024-12-23 12:08:33.773 -07:00 [INF] Subsetted data copied to target database in 0:00:01.6790553
2024-12-23 12:08:33.775 -07:00 [INF] Cleaning up
2024-12-23 12:08:33.792 -07:00 [INF] Subsetting complete in 0:00:02.522786
