{"@t":"2025-01-15T21:32:52.9413654Z","@mt":"Subsetter version: {Version}","Version":"2.1.2.7370"}
{"@t":"2025-01-15T21:32:53.2862176Z","@mt":"Subsetter started"}
{"@t":"2025-01-15T21:32:53.5255276Z","@mt":"Building models for {SubsetSpecifierType}","SubsetSpecifierType":"StartingTable"}
{"@t":"2025-01-15T21:32:53.5673763Z","@mt":"Database: {Location}, {Type}, {Version}","Location":"Source","Type":"SqlServer","Version":"Microsoft SQL Server 2019 (RTM-CU29-GDR) (KB5046860) - 15.0.4410.1 (X64)  \tOct 23 2024 15:50:49  \tCopyright (C) 2019 Microsoft Corporation \tDeveloper Edition (64-bit) on Windows 10 Pro for Workstations 10.0 <X64> (Build 19045: ) (Hypervisor) "}
{"@t":"2025-01-15T21:32:53.5700738Z","@mt":"Database: {Location}, {Type}, {Version}","Location":"Target","Type":"SqlServer","Version":"Microsoft SQL Server 2019 (RTM-CU29-GDR) (KB5046860) - 15.0.4410.1 (X64)  \tOct 23 2024 15:50:49  \tCopyright (C) 2019 Microsoft Corporation \tDeveloper Edition (64-bit) on Windows 10 Pro for Workstations 10.0 <X64> (Build 19045: ) (Hypervisor) "}
{"@t":"2025-01-15T21:32:53.7204057Z","@mt":"Staging data for copying to target database"}
{"@t":"2025-01-15T21:32:53.9635167Z","@mt":"Data staged in {Duration}","Duration":"0:00:00.243106"}
{"@t":"2025-01-15T21:32:53.9647267Z","@mt":"Copying subset to target database"}
{"@t":"2025-01-15T21:32:53.9667984Z","@mt":"Copying data for {TableName}","TableName":"dbo.awardsmanagers"}
{"@t":"2025-01-15T21:32:54.0124504Z","@mt":"Copied {TargetRowCount} of {SourceRowCount} rows for {TableName} in {Duration}","TargetRowCount":156,"SourceRowCount":156,"TableName":"dbo.awardsmanagers","Duration":"0:00:00.0476022"}
{"@t":"2025-01-15T21:32:54.0151964Z","@mt":"Copying data for {TableName}","TableName":"dbo.managershalf"}
{"@t":"2025-01-15T21:32:54.0214987Z","@mt":"Copied {TargetRowCount} of {SourceRowCount} rows for {TableName} in {Duration}","TargetRowCount":93,"SourceRowCount":93,"TableName":"dbo.managershalf","Duration":"0:00:00.0066885"}
{"@t":"2025-01-15T21:32:54.0226239Z","@mt":"Copying data for {TableName}","TableName":"dbo.seriespost"}
{"@t":"2025-01-15T21:32:54.0326184Z","@mt":"Copied {TargetRowCount} of {SourceRowCount} rows for {TableName} in {Duration}","TargetRowCount":272,"SourceRowCount":272,"TableName":"dbo.seriespost","Duration":"0:00:00.0102899"}
{"@t":"2025-01-15T21:32:54.0339528Z","@mt":"Copying data for {TableName}","TableName":"dbo.teamsfranchises"}
{"@t":"2025-01-15T21:32:54.0398196Z","@mt":"Copied {TargetRowCount} of {SourceRowCount} rows for {TableName} in {Duration}","TargetRowCount":120,"SourceRowCount":120,"TableName":"dbo.teamsfranchises","Duration":"0:00:00.0062796"}
{"@t":"2025-01-15T21:32:54.0409661Z","@mt":"Copying data for {TableName}","TableName":"dbo.teamshalf"}
{"@t":"2025-01-15T21:32:54.0548304Z","@mt":"Copied {TargetRowCount} of {SourceRowCount} rows for {TableName} in {Duration}","TargetRowCount":52,"SourceRowCount":52,"TableName":"dbo.teamshalf","Duration":"0:00:00.0142221"}
{"@t":"2025-01-15T21:32:54.0570759Z","@mt":"Copying data for {TableName}","TableName":"dbo.players"}
{"@t":"2025-01-15T21:32:54.1978083Z","@mt":"Copied {TargetRowCount} of {SourceRowCount} rows for {TableName} in {Duration}","TargetRowCount":1800,"SourceRowCount":16564,"TableName":"dbo.players","Duration":"0:00:00.142066"}
{"@t":"2025-01-15T21:32:54.2102403Z","@mt":"Copying data for {TableName}","TableName":"dbo.batting"}
{"@t":"2025-01-15T21:32:54.8698639Z","@mt":"Copied {TargetRowCount} of {SourceRowCount} rows for {TableName} in {Duration}","TargetRowCount":11784,"SourceRowCount":96600,"TableName":"dbo.batting","Duration":"0:00:00.6605706"}
{"@t":"2025-01-15T21:32:54.8967042Z","@mt":"Copying data for {TableName}","TableName":"dbo.battingpost"}
{"@t":"2025-01-15T21:32:54.9834574Z","@mt":"Copied {TargetRowCount} of {SourceRowCount} rows for {TableName} in {Duration}","TargetRowCount":1573,"SourceRowCount":10510,"TableName":"dbo.battingpost","Duration":"0:00:00.0872312"}
{"@t":"2025-01-15T21:32:54.9858539Z","@mt":"Copying data for {TableName}","TableName":"dbo.teams"}
{"@t":"2025-01-15T21:32:55.0872848Z","@mt":"Copied {TargetRowCount} of {SourceRowCount} rows for {TableName} in {Duration}","TargetRowCount":2220,"SourceRowCount":2715,"TableName":"dbo.teams","Duration":"0:00:00.1024211"}
{"@t":"2025-01-15T21:32:55.0998478Z","@mt":"Copying data for {TableName}","TableName":"dbo.pitching"}
{"@t":"2025-01-15T21:32:55.3470167Z","@mt":"Copied {TargetRowCount} of {SourceRowCount} rows for {TableName} in {Duration}","TargetRowCount":4518,"SourceRowCount":41857,"TableName":"dbo.pitching","Duration":"0:00:00.2477211"}
{"@t":"2025-01-15T21:32:55.3497813Z","@mt":"Subsetted data copied to target database in {Duration}","Duration":"0:00:01.3849947"}
{"@t":"2025-01-15T21:32:55.3517495Z","@mt":"Cleaning up"}
{"@t":"2025-01-15T21:32:55.3766758Z","@mt":"Subsetting complete in {Duration}","Duration":"0:00:02.0900715"}
