{"@t":"2025-01-27T19:21:52.4177234Z","@mt":"Subsetter version: {Version}","Version":"2.1.2.7370"}
{"@t":"2025-01-27T19:21:52.7102748Z","@mt":"Subsetter started"}
{"@t":"2025-01-27T19:21:52.9524785Z","@mt":"Building models for {SubsetSpecifierType}","SubsetSpecifierType":"DesiredSize"}
{"@t":"2025-01-27T19:21:53.4896771Z","@mt":"Database: {Location}, {Type}, {Version}","Location":"Source","Type":"SqlServer","Version":"Microsoft SQL Server 2019 (RTM-CU29-GDR) (KB5046860) - 15.0.4410.1 (X64)  \tOct 23 2024 15:50:49  \tCopyright (C) 2019 Microsoft Corporation \tDeveloper Edition (64-bit) on Windows 10 Pro for Workstations 10.0 <X64> (Build 19045: ) (Hypervisor) "}
{"@t":"2025-01-27T19:21:53.4923239Z","@mt":"Database: {Location}, {Type}, {Version}","Location":"Target","Type":"SqlServer","Version":"Microsoft SQL Server 2019 (RTM-CU29-GDR) (KB5046860) - 15.0.4410.1 (X64)  \tOct 23 2024 15:50:49  \tCopyright (C) 2019 Microsoft Corporation \tDeveloper Edition (64-bit) on Windows 10 Pro for Workstations 10.0 <X64> (Build 19045: ) (Hypervisor) "}
{"@t":"2025-01-27T19:21:53.7565312Z","@mt":"Staging data for copying to target database"}
{"@t":"2025-01-27T19:21:54.2808045Z","@mt":"Data staged in {Duration}","Duration":"0:00:00.5242951"}
{"@t":"2025-01-27T19:21:54.2821136Z","@mt":"Copying subset to target database"}
{"@t":"2025-01-27T19:21:54.2861801Z","@mt":"Copying data for {TableName}","TableName":"dbo.fielding"}
{"@t":"2025-01-27T19:21:55.1375504Z","@mt":"Copied {TargetRowCount} of {SourceRowCount} rows for {TableName} in {Duration}","TargetRowCount":14545,"SourceRowCount":144409,"TableName":"dbo.fielding","Duration":"0:00:00.8553208"}
{"@t":"2025-01-27T19:21:55.1460331Z","@mt":"Copying data for {TableName}","TableName":"dbo.teamshalf"}
{"@t":"2025-01-27T19:21:55.1616708Z","@mt":"Copied {TargetRowCount} of {SourceRowCount} rows for {TableName} in {Duration}","TargetRowCount":52,"SourceRowCount":52,"TableName":"dbo.teamshalf","Duration":"0:00:00.0159916"}
{"@t":"2025-01-27T19:21:55.1627876Z","@mt":"Copying data for {TableName}","TableName":"dbo.teamsfranchises"}
{"@t":"2025-01-27T19:21:55.1735455Z","@mt":"Copied {TargetRowCount} of {SourceRowCount} rows for {TableName} in {Duration}","TargetRowCount":17,"SourceRowCount":120,"TableName":"dbo.teamsfranchises","Duration":"0:00:00.0110605"}
{"@t":"2025-01-27T19:21:55.1746095Z","@mt":"Copying data for {TableName}","TableName":"dbo.managershalf"}
{"@t":"2025-01-27T19:21:55.1802583Z","@mt":"Copied {TargetRowCount} of {SourceRowCount} rows for {TableName} in {Duration}","TargetRowCount":93,"SourceRowCount":93,"TableName":"dbo.managershalf","Duration":"0:00:00.0059456"}
{"@t":"2025-01-27T19:21:55.1814003Z","@mt":"Copying data for {TableName}","TableName":"dbo.seriespost"}
{"@t":"2025-01-27T19:21:55.1874688Z","@mt":"Copied {TargetRowCount} of {SourceRowCount} rows for {TableName} in {Duration}","TargetRowCount":30,"SourceRowCount":272,"TableName":"dbo.seriespost","Duration":"0:00:00.0063847"}
{"@t":"2025-01-27T19:21:55.1888310Z","@mt":"Copying data for {TableName}","TableName":"dbo.els_teamnames"}
{"@t":"2025-01-27T19:21:55.1954322Z","@mt":"Copied {TargetRowCount} of {SourceRowCount} rows for {TableName} in {Duration}","TargetRowCount":37,"SourceRowCount":314,"TableName":"dbo.els_teamnames","Duration":"0:00:00.0071981"}
{"@t":"2025-01-27T19:21:55.1962003Z","@mt":"Copying data for {TableName}","TableName":"dbo.awardsmanagers"}
{"@t":"2025-01-27T19:21:55.2087987Z","@mt":"Copied {TargetRowCount} of {SourceRowCount} rows for {TableName} in {Duration}","TargetRowCount":16,"SourceRowCount":156,"TableName":"dbo.awardsmanagers","Duration":"0:00:00.0129171"}
{"@t":"2025-01-27T19:21:55.2100874Z","@mt":"Copying data for {TableName}","TableName":"dbo.awardssharemanagers"}
{"@t":"2025-01-27T19:21:55.2162448Z","@mt":"Copied {TargetRowCount} of {SourceRowCount} rows for {TableName} in {Duration}","TargetRowCount":34,"SourceRowCount":372,"TableName":"dbo.awardssharemanagers","Duration":"0:00:00.0066376"}
{"@t":"2025-01-27T19:21:55.2178510Z","@mt":"Copying data for {TableName}","TableName":"dbo.schools"}
{"@t":"2025-01-27T19:21:55.2251141Z","@mt":"Copied {TargetRowCount} of {SourceRowCount} rows for {TableName} in {Duration}","TargetRowCount":96,"SourceRowCount":749,"TableName":"dbo.schools","Duration":"0:00:00.0079285"}
{"@t":"2025-01-27T19:21:55.2282920Z","@mt":"Copying data for {TableName}","TableName":"dbo.managers"}
{"@t":"2025-01-27T19:21:55.2501310Z","@mt":"Copied {TargetRowCount} of {SourceRowCount} rows for {TableName} in {Duration}","TargetRowCount":337,"SourceRowCount":3306,"TableName":"dbo.managers","Duration":"0:00:00.0221358"}
{"@t":"2025-01-27T19:21:55.2514582Z","@mt":"Copying data for {TableName}","TableName":"dbo.halloffame"}
{"@t":"2025-01-27T19:21:55.2762292Z","@mt":"Copied {TargetRowCount} of {SourceRowCount} rows for {TableName} in {Duration}","TargetRowCount":356,"SourceRowCount":3883,"TableName":"dbo.halloffame","Duration":"0:00:00.0251622"}
{"@t":"2025-01-27T19:21:55.2778792Z","@mt":"Copying data for {TableName}","TableName":"dbo.allstarfull"}
{"@t":"2025-01-27T19:21:55.3086920Z","@mt":"Copied {TargetRowCount} of {SourceRowCount} rows for {TableName} in {Duration}","TargetRowCount":477,"SourceRowCount":4834,"TableName":"dbo.allstarfull","Duration":"0:00:00.0313185"}
{"@t":"2025-01-27T19:21:55.3101523Z","@mt":"Copying data for {TableName}","TableName":"dbo.awardsshareplayers"}
{"@t":"2025-01-27T19:21:55.3470219Z","@mt":"Copied {TargetRowCount} of {SourceRowCount} rows for {TableName} in {Duration}","TargetRowCount":624,"SourceRowCount":6531,"TableName":"dbo.awardsshareplayers","Duration":"0:00:00.0371555"}
{"@t":"2025-01-27T19:21:55.3483812Z","@mt":"Copying data for {TableName}","TableName":"dbo.awardsplayers"}
{"@t":"2025-01-27T19:21:55.3840607Z","@mt":"Copied {TargetRowCount} of {SourceRowCount} rows for {TableName} in {Duration}","TargetRowCount":602,"SourceRowCount":5919,"TableName":"dbo.awardsplayers","Duration":"0:00:00.0359818"}
{"@t":"2025-01-27T19:21:55.3853997Z","@mt":"Copying data for {TableName}","TableName":"dbo.fieldingof"}
{"@t":"2025-01-27T19:21:55.4446688Z","@mt":"Copied {TargetRowCount} of {SourceRowCount} rows for {TableName} in {Duration}","TargetRowCount":1136,"SourceRowCount":12028,"TableName":"dbo.fieldingof","Duration":"0:00:00.0596063"}
{"@t":"2025-01-27T19:21:55.4469911Z","@mt":"Copying data for {TableName}","TableName":"dbo.teams"}
{"@t":"2025-01-27T19:21:55.4735355Z","@mt":"Copied {TargetRowCount} of {SourceRowCount} rows for {TableName} in {Duration}","TargetRowCount":263,"SourceRowCount":2715,"TableName":"dbo.teams","Duration":"0:00:00.0274384"}
{"@t":"2025-01-27T19:21:55.4785610Z","@mt":"Copying data for {TableName}","TableName":"dbo.pitchingpost"}
{"@t":"2025-01-27T19:21:55.5105951Z","@mt":"Copied {TargetRowCount} of {SourceRowCount} rows for {TableName} in {Duration}","TargetRowCount":481,"SourceRowCount":4612,"TableName":"dbo.pitchingpost","Duration":"0:00:00.0324372"}
{"@t":"2025-01-27T19:21:55.5123679Z","@mt":"Copying data for {TableName}","TableName":"dbo.salaries"}
{"@t":"2025-01-27T19:21:55.6367663Z","@mt":"Copied {TargetRowCount} of {SourceRowCount} rows for {TableName} in {Duration}","TargetRowCount":2286,"SourceRowCount":23141,"TableName":"dbo.salaries","Duration":"0:00:00.1247317"}
{"@t":"2025-01-27T19:21:55.6390973Z","@mt":"Copying data for {TableName}","TableName":"dbo.schoolsplayers"}
{"@t":"2025-01-27T19:21:55.6839798Z","@mt":"Copied {TargetRowCount} of {SourceRowCount} rows for {TableName} in {Duration}","TargetRowCount":652,"SourceRowCount":6147,"TableName":"dbo.schoolsplayers","Duration":"0:00:00.0456595"}
{"@t":"2025-01-27T19:21:55.6895322Z","@mt":"Copying data for {TableName}","TableName":"dbo.fieldingpost"}
{"@t":"2025-01-27T19:21:55.7529471Z","@mt":"Copied {TargetRowCount} of {SourceRowCount} rows for {TableName} in {Duration}","TargetRowCount":1114,"SourceRowCount":11183,"TableName":"dbo.fieldingpost","Duration":"0:00:00.0638367"}
{"@t":"2025-01-27T19:21:55.7549942Z","@mt":"Copying data for {TableName}","TableName":"dbo.battingpost"}
{"@t":"2025-01-27T19:21:55.8137534Z","@mt":"Copied {TargetRowCount} of {SourceRowCount} rows for {TableName} in {Duration}","TargetRowCount":1094,"SourceRowCount":10510,"TableName":"dbo.battingpost","Duration":"0:00:00.0590795"}
{"@t":"2025-01-27T19:21:55.8166439Z","@mt":"Copying data for {TableName}","TableName":"dbo.players"}
{"@t":"2025-01-27T19:21:55.9421050Z","@mt":"Copied {TargetRowCount} of {SourceRowCount} rows for {TableName} in {Duration}","TargetRowCount":1644,"SourceRowCount":16564,"TableName":"dbo.players","Duration":"0:00:00.1268616"}
{"@t":"2025-01-27T19:21:55.9525833Z","@mt":"Copying data for {TableName}","TableName":"dbo.pitching"}
{"@t":"2025-01-27T19:21:56.2017118Z","@mt":"Copied {TargetRowCount} of {SourceRowCount} rows for {TableName} in {Duration}","TargetRowCount":4169,"SourceRowCount":41857,"TableName":"dbo.pitching","Duration":"0:00:00.2495015"}
{"@t":"2025-01-27T19:21:56.2050938Z","@mt":"Copying data for {TableName}","TableName":"dbo.appearances"}
{"@t":"2025-01-27T19:21:56.7191752Z","@mt":"Copied {TargetRowCount} of {SourceRowCount} rows for {TableName} in {Duration}","TargetRowCount":9652,"SourceRowCount":96737,"TableName":"dbo.appearances","Duration":"0:00:00.5144304"}
{"@t":"2025-01-27T19:21:56.7229273Z","@mt":"Copying data for {TableName}","TableName":"dbo.batting"}
{"@t":"2025-01-27T19:21:57.1967757Z","@mt":"Copied {TargetRowCount} of {SourceRowCount} rows for {TableName} in {Duration}","TargetRowCount":9579,"SourceRowCount":96600,"TableName":"dbo.batting","Duration":"0:00:00.4748262"}
{"@t":"2025-01-27T19:21:57.2165070Z","@mt":"Subsetted data copied to target database in {Duration}","Duration":"0:00:02.934339"}
{"@t":"2025-01-27T19:21:57.2168228Z","@mt":"Cleaning up"}
{"@t":"2025-01-27T19:21:57.2460388Z","@mt":"Subsetting complete in {Duration}","Duration":"0:00:04.5354381"}
