2025-01-16 11:35:46.624 -07:00 [INF] Subsetter version: 2.1.2.7370
2025-01-16 11:35:47.007 -07:00 [INF] Subsetter started
2025-01-16 11:35:47.290 -07:00 [INF] Building models for DesiredSize
2025-01-16 11:35:47.883 -07:00 [INF] Database: Source, SqlServer, Microsoft SQL Server 2019 (RTM-CU29-GDR) (KB5046860) - 15.0.4410.1 (X64)  	Oct 23 2024 15:50:49  	Copyright (C) 2019 Microsoft Corporation 	Developer Edition (64-bit) on Windows 10 Pro for Workstations 10.0 <X64> (Build 19045: ) (Hypervisor) 
2025-01-16 11:35:47.887 -07:00 [INF] Database: Target, SqlServer, Microsoft SQL Server 2019 (RTM-CU29-GDR) (KB5046860) - 15.0.4410.1 (X64)  	Oct 23 2024 15:50:49  	Copyright (C) 2019 Microsoft Corporation 	Developer Edition (64-bit) on Windows 10 Pro for Workstations 10.0 <X64> (Build 19045: ) (Hypervisor) 
2025-01-16 11:35:48.587 -07:00 [INF] Staging data for copying to target database
2025-01-16 11:35:52.970 -07:00 [INF] Data staged in 0:00:04.3829478
2025-01-16 11:35:52.971 -07:00 [INF] Copying subset to target database
2025-01-16 11:35:52.973 -07:00 [INF] Copying data for dbo.fielding
2025-01-16 11:35:53.757 -07:00 [INF] Copied 14545 of 144409 rows for dbo.fielding in 0:00:00.7855004
2025-01-16 11:35:53.765 -07:00 [INF] Copying data for dbo.teamshalf
2025-01-16 11:35:53.780 -07:00 [INF] Copied 52 of 52 rows for dbo.teamshalf in 0:00:00.0148079
2025-01-16 11:35:53.781 -07:00 [INF] Copying data for dbo.teamsfranchises
2025-01-16 11:35:53.786 -07:00 [INF] Copied 120 of 120 rows for dbo.teamsfranchises in 0:00:00.0056937
2025-01-16 11:35:53.788 -07:00 [INF] Copying data for dbo.managershalf
2025-01-16 11:35:53.794 -07:00 [INF] Copied 93 of 93 rows for dbo.managershalf in 0:00:00.0064224
2025-01-16 11:35:53.795 -07:00 [INF] Copying data for dbo.seriespost
2025-01-16 11:35:53.804 -07:00 [INF] Copied 272 of 272 rows for dbo.seriespost in 0:00:00.0096203
2025-01-16 11:35:53.805 -07:00 [INF] Copying data for dbo.els_teamnames
2025-01-16 11:35:53.811 -07:00 [INF] Copied 37 of 314 rows for dbo.els_teamnames in 0:00:00.0060892
2025-01-16 11:35:53.812 -07:00 [INF] Copying data for dbo.awardsmanagers
2025-01-16 11:35:53.819 -07:00 [INF] Copied 156 of 156 rows for dbo.awardsmanagers in 0:00:00.0076416
2025-01-16 11:35:53.821 -07:00 [INF] Copying data for dbo.awardssharemanagers
2025-01-16 11:35:53.828 -07:00 [INF] Copied 34 of 372 rows for dbo.awardssharemanagers in 0:00:00.0074088
2025-01-16 11:35:53.829 -07:00 [INF] Copying data for dbo.schools
2025-01-16 11:35:53.838 -07:00 [INF] Copied 96 of 749 rows for dbo.schools in 0:00:00.0096516
2025-01-16 11:35:53.841 -07:00 [INF] Copying data for dbo.managers
2025-01-16 11:35:53.864 -07:00 [INF] Copied 337 of 3306 rows for dbo.managers in 0:00:00.0225733
2025-01-16 11:35:53.865 -07:00 [INF] Copying data for dbo.halloffame
2025-01-16 11:35:53.890 -07:00 [INF] Copied 356 of 3883 rows for dbo.halloffame in 0:00:00.0250521
2025-01-16 11:35:53.891 -07:00 [INF] Copying data for dbo.allstarfull
2025-01-16 11:35:53.920 -07:00 [INF] Copied 477 of 4834 rows for dbo.allstarfull in 0:00:00.0296772
2025-01-16 11:35:53.922 -07:00 [INF] Copying data for dbo.awardsshareplayers
2025-01-16 11:35:53.957 -07:00 [INF] Copied 624 of 6531 rows for dbo.awardsshareplayers in 0:00:00.0357587
2025-01-16 11:35:53.959 -07:00 [INF] Copying data for dbo.awardsplayers
2025-01-16 11:35:53.992 -07:00 [INF] Copied 602 of 5919 rows for dbo.awardsplayers in 0:00:00.0336301
2025-01-16 11:35:53.994 -07:00 [INF] Copying data for dbo.fieldingof
2025-01-16 11:35:54.049 -07:00 [INF] Copied 1136 of 12028 rows for dbo.fieldingof in 0:00:00.0556722
2025-01-16 11:35:54.051 -07:00 [INF] Copying data for dbo.teams
2025-01-16 11:35:54.077 -07:00 [INF] Copied 263 of 2715 rows for dbo.teams in 0:00:00.0265614
2025-01-16 11:35:54.082 -07:00 [INF] Copying data for dbo.pitchingpost
2025-01-16 11:35:54.114 -07:00 [INF] Copied 481 of 4612 rows for dbo.pitchingpost in 0:00:00.0327382
2025-01-16 11:35:54.115 -07:00 [INF] Copying data for dbo.salaries
2025-01-16 11:35:54.215 -07:00 [INF] Copied 2286 of 23141 rows for dbo.salaries in 0:00:00.0995135
2025-01-16 11:35:54.217 -07:00 [INF] Copying data for dbo.schoolsplayers
2025-01-16 11:35:54.255 -07:00 [INF] Copied 652 of 6147 rows for dbo.schoolsplayers in 0:00:00.0385831
2025-01-16 11:35:54.259 -07:00 [INF] Copying data for dbo.fieldingpost
2025-01-16 11:35:54.316 -07:00 [INF] Copied 1114 of 11183 rows for dbo.fieldingpost in 0:00:00.0574921
2025-01-16 11:35:54.318 -07:00 [INF] Copying data for dbo.battingpost
2025-01-16 11:35:54.375 -07:00 [INF] Copied 1094 of 10510 rows for dbo.battingpost in 0:00:00.0568309
2025-01-16 11:35:54.377 -07:00 [INF] Copying data for dbo.players
2025-01-16 11:35:54.482 -07:00 [INF] Copied 1644 of 16564 rows for dbo.players in 0:00:00.106507
2025-01-16 11:35:54.493 -07:00 [INF] Copying data for dbo.pitching
2025-01-16 11:35:54.735 -07:00 [INF] Copied 4169 of 41857 rows for dbo.pitching in 0:00:00.2420635
2025-01-16 11:35:54.739 -07:00 [INF] Copying data for dbo.appearances
2025-01-16 11:35:55.244 -07:00 [INF] Copied 9652 of 96737 rows for dbo.appearances in 0:00:00.5061724
2025-01-16 11:35:55.249 -07:00 [INF] Copying data for dbo.batting
2025-01-16 11:35:55.709 -07:00 [INF] Copied 9579 of 96600 rows for dbo.batting in 0:00:00.4609428
2025-01-16 11:35:55.732 -07:00 [INF] Subsetted data copied to target database in 0:00:02.7606174
2025-01-16 11:35:55.732 -07:00 [INF] Cleaning up
2025-01-16 11:35:55.766 -07:00 [INF] Subsetting complete in 0:00:08.7586403
