2025-01-15 13:50:54.780 -07:00 [INF] Subsetter version: 2.1.2.7370
2025-01-15 13:50:55.163 -07:00 [INF] Subsetter started
2025-01-15 13:50:55.432 -07:00 [INF] Building models for StartingTable
2025-01-15 13:50:55.530 -07:00 [INF] Database: Source, SqlServer, Microsoft SQL Server 2019 (RTM-CU29-GDR) (KB5046860) - 15.0.4410.1 (X64)  	Oct 23 2024 15:50:49  	Copyright (C) 2019 Microsoft Corporation 	Developer Edition (64-bit) on Windows 10 Pro for Workstations 10.0 <X64> (Build 19045: ) (Hypervisor) 
2025-01-15 13:50:55.533 -07:00 [INF] Database: Target, SqlServer, Microsoft SQL Server 2019 (RTM-CU29-GDR) (KB5046860) - 15.0.4410.1 (X64)  	Oct 23 2024 15:50:49  	Copyright (C) 2019 Microsoft Corporation 	Developer Edition (64-bit) on Windows 10 Pro for Workstations 10.0 <X64> (Build 19045: ) (Hypervisor) 
2025-01-15 13:50:55.772 -07:00 [INF] Staging data for copying to target database
2025-01-15 13:50:55.835 -07:00 [INF] Data staged in 0:00:00.0629572
2025-01-15 13:50:55.836 -07:00 [INF] Copying subset to target database
2025-01-15 13:50:55.839 -07:00 [INF] Copying data for dbo.awardsmanagers
2025-01-15 13:50:55.892 -07:00 [INF] Copied 156 of 156 rows for dbo.awardsmanagers in 0:00:00.0555199
2025-01-15 13:50:55.895 -07:00 [INF] Copying data for dbo.managershalf
2025-01-15 13:50:55.902 -07:00 [INF] Copied 93 of 93 rows for dbo.managershalf in 0:00:00.0075588
2025-01-15 13:50:55.904 -07:00 [INF] Copying data for dbo.seriespost
2025-01-15 13:50:55.916 -07:00 [INF] Copied 272 of 272 rows for dbo.seriespost in 0:00:00.0122693
2025-01-15 13:50:55.917 -07:00 [INF] Copying data for dbo.teamsfranchises
2025-01-15 13:50:55.924 -07:00 [INF] Copied 120 of 120 rows for dbo.teamsfranchises in 0:00:00.0070793
2025-01-15 13:50:55.925 -07:00 [INF] Copying data for dbo.teamshalf
2025-01-15 13:50:55.940 -07:00 [INF] Copied 52 of 52 rows for dbo.teamshalf in 0:00:00.0148807
2025-01-15 13:50:55.942 -07:00 [INF] Copying data for dbo.players
2025-01-15 13:50:56.215 -07:00 [INF] Copied 8114 of 16564 rows for dbo.players in 0:00:00.2740067
2025-01-15 13:50:56.243 -07:00 [INF] Subsetted data copied to target database in 0:00:00.4065544
2025-01-15 13:50:56.245 -07:00 [INF] Cleaning up
2025-01-15 13:50:56.264 -07:00 [INF] Subsetting complete in 0:00:01.1009506
