2025-01-14 14:33:12.712 -07:00 [INF] Subsetter version: 2.1.2.7370
2025-01-14 14:33:13.038 -07:00 [INF] Subsetter started
2025-01-14 14:33:13.272 -07:00 [INF] Building models for DesiredSize
2025-01-14 14:33:13.732 -07:00 [INF] Database: Source, SqlServer, Microsoft SQL Server 2019 (RTM-CU29-GDR) (KB5046860) - 15.0.4410.1 (X64)  	Oct 23 2024 15:50:49  	Copyright (C) 2019 Microsoft Corporation 	Developer Edition (64-bit) on Windows 10 Pro for Workstations 10.0 <X64> (Build 19045: ) (Hypervisor) 
2025-01-14 14:33:13.735 -07:00 [INF] Database: Target, SqlServer, Microsoft SQL Server 2019 (RTM-CU29-GDR) (KB5046860) - 15.0.4410.1 (X64)  	Oct 23 2024 15:50:49  	Copyright (C) 2019 Microsoft Corporation 	Developer Edition (64-bit) on Windows 10 Pro for Workstations 10.0 <X64> (Build 19045: ) (Hypervisor) 
2025-01-14 14:33:14.398 -07:00 [INF] Staging data for copying to target database
2025-01-14 14:33:18.693 -07:00 [INF] Data staged in 0:00:04.2955659
2025-01-14 14:33:18.695 -07:00 [INF] Copying subset to target database
2025-01-14 14:33:18.696 -07:00 [INF] Copying data for dbo.fielding
2025-01-14 14:33:19.432 -07:00 [INF] Copied 14545 of 144409 rows for dbo.fielding in 0:00:00.7369508
2025-01-14 14:33:19.440 -07:00 [INF] Copying data for dbo.teamshalf
2025-01-14 14:33:19.454 -07:00 [INF] Copied 52 of 52 rows for dbo.teamshalf in 0:00:00.0140402
2025-01-14 14:33:19.455 -07:00 [INF] Copying data for dbo.teamsfranchises
2025-01-14 14:33:19.460 -07:00 [INF] Copied 120 of 120 rows for dbo.teamsfranchises in 0:00:00.0055627
2025-01-14 14:33:19.461 -07:00 [INF] Copying data for dbo.managershalf
2025-01-14 14:33:19.467 -07:00 [INF] Copied 93 of 93 rows for dbo.managershalf in 0:00:00.0058356
2025-01-14 14:33:19.468 -07:00 [INF] Copying data for dbo.seriespost
2025-01-14 14:33:19.477 -07:00 [INF] Copied 272 of 272 rows for dbo.seriespost in 0:00:00.0096417
2025-01-14 14:33:19.479 -07:00 [INF] Copying data for dbo.els_teamnames
2025-01-14 14:33:19.484 -07:00 [INF] Copied 37 of 314 rows for dbo.els_teamnames in 0:00:00.0061755
2025-01-14 14:33:19.485 -07:00 [INF] Copying data for dbo.awardsmanagers
2025-01-14 14:33:19.492 -07:00 [INF] Copied 156 of 156 rows for dbo.awardsmanagers in 0:00:00.007166
2025-01-14 14:33:19.493 -07:00 [INF] Copying data for dbo.awardssharemanagers
2025-01-14 14:33:19.499 -07:00 [INF] Copied 34 of 372 rows for dbo.awardssharemanagers in 0:00:00.0062543
2025-01-14 14:33:19.501 -07:00 [INF] Copying data for dbo.schools
2025-01-14 14:33:19.509 -07:00 [INF] Copied 96 of 749 rows for dbo.schools in 0:00:00.0090986
2025-01-14 14:33:19.512 -07:00 [INF] Copying data for dbo.managers
2025-01-14 14:33:19.534 -07:00 [INF] Copied 337 of 3306 rows for dbo.managers in 0:00:00.0222388
2025-01-14 14:33:19.535 -07:00 [INF] Copying data for dbo.halloffame
2025-01-14 14:33:19.560 -07:00 [INF] Copied 356 of 3883 rows for dbo.halloffame in 0:00:00.0247776
2025-01-14 14:33:19.561 -07:00 [INF] Copying data for dbo.allstarfull
2025-01-14 14:33:19.591 -07:00 [INF] Copied 477 of 4834 rows for dbo.allstarfull in 0:00:00.0300947
2025-01-14 14:33:19.593 -07:00 [INF] Copying data for dbo.awardsshareplayers
2025-01-14 14:33:19.629 -07:00 [INF] Copied 624 of 6531 rows for dbo.awardsshareplayers in 0:00:00.0366124
2025-01-14 14:33:19.630 -07:00 [INF] Copying data for dbo.awardsplayers
2025-01-14 14:33:19.665 -07:00 [INF] Copied 602 of 5919 rows for dbo.awardsplayers in 0:00:00.0347199
2025-01-14 14:33:19.666 -07:00 [INF] Copying data for dbo.fieldingof
2025-01-14 14:33:19.726 -07:00 [INF] Copied 1136 of 12028 rows for dbo.fieldingof in 0:00:00.0599935
2025-01-14 14:33:19.728 -07:00 [INF] Copying data for dbo.teams
2025-01-14 14:33:19.755 -07:00 [INF] Copied 263 of 2715 rows for dbo.teams in 0:00:00.0275261
2025-01-14 14:33:19.760 -07:00 [INF] Copying data for dbo.pitchingpost
2025-01-14 14:33:19.795 -07:00 [INF] Copied 481 of 4612 rows for dbo.pitchingpost in 0:00:00.0359173
2025-01-14 14:33:19.797 -07:00 [INF] Copying data for dbo.salaries
2025-01-14 14:33:19.992 -07:00 [INF] Copied 2286 of 23141 rows for dbo.salaries in 0:00:00.1952157
2025-01-14 14:33:19.994 -07:00 [INF] Copying data for dbo.schoolsplayers
2025-01-14 14:33:20.032 -07:00 [INF] Copied 652 of 6147 rows for dbo.schoolsplayers in 0:00:00.0383787
2025-01-14 14:33:20.036 -07:00 [INF] Copying data for dbo.fieldingpost
2025-01-14 14:33:20.093 -07:00 [INF] Copied 1114 of 11183 rows for dbo.fieldingpost in 0:00:00.0579121
2025-01-14 14:33:20.095 -07:00 [INF] Copying data for dbo.battingpost
2025-01-14 14:33:20.152 -07:00 [INF] Copied 1094 of 10510 rows for dbo.battingpost in 0:00:00.0570014
2025-01-14 14:33:20.154 -07:00 [INF] Copying data for dbo.players
2025-01-14 14:33:20.260 -07:00 [INF] Copied 1644 of 16564 rows for dbo.players in 0:00:00.1071907
2025-01-14 14:33:20.270 -07:00 [INF] Copying data for dbo.pitching
2025-01-14 14:33:20.492 -07:00 [INF] Copied 4169 of 41857 rows for dbo.pitching in 0:00:00.2218608
2025-01-14 14:33:20.495 -07:00 [INF] Copying data for dbo.appearances
2025-01-14 14:33:21.081 -07:00 [INF] Copied 9652 of 96737 rows for dbo.appearances in 0:00:00.586539
2025-01-14 14:33:21.085 -07:00 [INF] Copying data for dbo.batting
2025-01-14 14:33:21.542 -07:00 [INF] Copied 9579 of 96600 rows for dbo.batting in 0:00:00.4580268
2025-01-14 14:33:21.562 -07:00 [INF] Subsetted data copied to target database in 0:00:02.8674125
2025-01-14 14:33:21.562 -07:00 [INF] Cleaning up
2025-01-14 14:33:21.596 -07:00 [INF] Subsetting complete in 0:00:08.5574326
