2025-02-10 15:01:07.020 -07:00 [INF] Subsetter version: 2.1.2.7370
2025-02-10 15:01:07.354 -07:00 [INF] Subsetter started
2025-02-10 15:01:07.584 -07:00 [INF] Building models for DesiredSize
2025-02-10 15:01:08.043 -07:00 [INF] Database: Source, SqlServer, Microsoft SQL Server 2019 (RTM-CU29-GDR) (KB5046860) - 15.0.4410.1 (X64)  	Oct 23 2024 15:50:49  	Copyright (C) 2019 Microsoft Corporation 	Developer Edition (64-bit) on Windows 10 Pro for Workstations 10.0 <X64> (Build 19045: ) (Hypervisor) 
2025-02-10 15:01:08.045 -07:00 [INF] Database: Target, SqlServer, Microsoft SQL Server 2019 (RTM-CU29-GDR) (KB5046860) - 15.0.4410.1 (X64)  	Oct 23 2024 15:50:49  	Copyright (C) 2019 Microsoft Corporation 	Developer Edition (64-bit) on Windows 10 Pro for Workstations 10.0 <X64> (Build 19045: ) (Hypervisor) 
2025-02-10 15:01:08.689 -07:00 [INF] Staging data for copying to target database
2025-02-10 15:01:13.012 -07:00 [INF] Data staged in 0:00:04.3228839
2025-02-10 15:01:13.013 -07:00 [INF] Copying subset to target database
2025-02-10 15:01:13.015 -07:00 [INF] Copying data for dbo.fielding
2025-02-10 15:01:13.787 -07:00 [INF] Copied 14545 of 144409 rows for dbo.fielding in 0:00:00.7734747
2025-02-10 15:01:13.794 -07:00 [INF] Copying data for dbo.teamshalf
2025-02-10 15:01:13.809 -07:00 [INF] Copied 52 of 52 rows for dbo.teamshalf in 0:00:00.0149594
2025-02-10 15:01:13.810 -07:00 [INF] Copying data for dbo.teamsfranchises
2025-02-10 15:01:13.816 -07:00 [INF] Copied 120 of 120 rows for dbo.teamsfranchises in 0:00:00.0064463
2025-02-10 15:01:13.818 -07:00 [INF] Copying data for dbo.managershalf
2025-02-10 15:01:13.823 -07:00 [INF] Copied 93 of 93 rows for dbo.managershalf in 0:00:00.0060716
2025-02-10 15:01:13.824 -07:00 [INF] Copying data for dbo.seriespost
2025-02-10 15:01:13.835 -07:00 [INF] Copied 272 of 272 rows for dbo.seriespost in 0:00:00.0108056
2025-02-10 15:01:13.836 -07:00 [INF] Copying data for dbo.els_teamnames
2025-02-10 15:01:13.842 -07:00 [INF] Copied 37 of 314 rows for dbo.els_teamnames in 0:00:00.0061598
2025-02-10 15:01:13.843 -07:00 [INF] Copying data for dbo.awardsmanagers
2025-02-10 15:01:13.850 -07:00 [INF] Copied 156 of 156 rows for dbo.awardsmanagers in 0:00:00.0077545
2025-02-10 15:01:13.851 -07:00 [INF] Copying data for dbo.awardssharemanagers
2025-02-10 15:01:13.858 -07:00 [INF] Copied 34 of 372 rows for dbo.awardssharemanagers in 0:00:00.0065622
2025-02-10 15:01:13.859 -07:00 [INF] Copying data for dbo.schools
2025-02-10 15:01:13.868 -07:00 [INF] Copied 96 of 749 rows for dbo.schools in 0:00:00.0092537
2025-02-10 15:01:13.871 -07:00 [INF] Copying data for dbo.managers
2025-02-10 15:01:13.894 -07:00 [INF] Copied 337 of 3306 rows for dbo.managers in 0:00:00.0236234
2025-02-10 15:01:13.896 -07:00 [INF] Copying data for dbo.halloffame
2025-02-10 15:01:13.922 -07:00 [INF] Copied 356 of 3883 rows for dbo.halloffame in 0:00:00.0262919
2025-02-10 15:01:13.923 -07:00 [INF] Copying data for dbo.allstarfull
2025-02-10 15:01:13.953 -07:00 [INF] Copied 477 of 4834 rows for dbo.allstarfull in 0:00:00.030136
2025-02-10 15:01:13.954 -07:00 [INF] Copying data for dbo.awardsshareplayers
2025-02-10 15:01:13.991 -07:00 [INF] Copied 624 of 6531 rows for dbo.awardsshareplayers in 0:00:00.0373722
2025-02-10 15:01:13.993 -07:00 [INF] Copying data for dbo.awardsplayers
2025-02-10 15:01:14.028 -07:00 [INF] Copied 602 of 5919 rows for dbo.awardsplayers in 0:00:00.0354398
2025-02-10 15:01:14.030 -07:00 [INF] Copying data for dbo.fieldingof
2025-02-10 15:01:14.087 -07:00 [INF] Copied 1136 of 12028 rows for dbo.fieldingof in 0:00:00.0578401
2025-02-10 15:01:14.089 -07:00 [INF] Copying data for dbo.teams
2025-02-10 15:01:14.116 -07:00 [INF] Copied 263 of 2715 rows for dbo.teams in 0:00:00.0270103
2025-02-10 15:01:14.121 -07:00 [INF] Copying data for dbo.pitchingpost
2025-02-10 15:01:14.156 -07:00 [INF] Copied 481 of 4612 rows for dbo.pitchingpost in 0:00:00.0359039
2025-02-10 15:01:14.158 -07:00 [INF] Copying data for dbo.salaries
2025-02-10 15:01:14.265 -07:00 [INF] Copied 2286 of 23141 rows for dbo.salaries in 0:00:00.1076496
2025-02-10 15:01:14.267 -07:00 [INF] Copying data for dbo.schoolsplayers
2025-02-10 15:01:14.304 -07:00 [INF] Copied 652 of 6147 rows for dbo.schoolsplayers in 0:00:00.0373428
2025-02-10 15:01:14.308 -07:00 [INF] Copying data for dbo.fieldingpost
2025-02-10 15:01:14.367 -07:00 [INF] Copied 1114 of 11183 rows for dbo.fieldingpost in 0:00:00.0596088
2025-02-10 15:01:14.369 -07:00 [INF] Copying data for dbo.battingpost
2025-02-10 15:01:14.428 -07:00 [INF] Copied 1094 of 10510 rows for dbo.battingpost in 0:00:00.0593601
2025-02-10 15:01:14.431 -07:00 [INF] Copying data for dbo.players
2025-02-10 15:01:14.543 -07:00 [INF] Copied 1644 of 16564 rows for dbo.players in 0:00:00.1132532
2025-02-10 15:01:14.553 -07:00 [INF] Copying data for dbo.pitching
2025-02-10 15:01:14.793 -07:00 [INF] Copied 4169 of 41857 rows for dbo.pitching in 0:00:00.2404672
2025-02-10 15:01:14.796 -07:00 [INF] Copying data for dbo.appearances
2025-02-10 15:01:15.289 -07:00 [INF] Copied 9652 of 96737 rows for dbo.appearances in 0:00:00.4932927
2025-02-10 15:01:15.292 -07:00 [INF] Copying data for dbo.batting
2025-02-10 15:01:15.755 -07:00 [INF] Copied 9579 of 96600 rows for dbo.batting in 0:00:00.4630475
2025-02-10 15:01:15.774 -07:00 [INF] Subsetted data copied to target database in 0:00:02.7612296
2025-02-10 15:01:15.775 -07:00 [INF] Cleaning up
2025-02-10 15:01:15.810 -07:00 [INF] Subsetting complete in 0:00:08.4555586
