{"@t":"2025-01-16T18:35:46.6247608Z","@mt":"Subsetter version: {Version}","Version":"2.1.2.7370"}
{"@t":"2025-01-16T18:35:47.0070308Z","@mt":"Subsetter started"}
{"@t":"2025-01-16T18:35:47.2900395Z","@mt":"Building models for {SubsetSpecifierType}","SubsetSpecifierType":"DesiredSize"}
{"@t":"2025-01-16T18:35:47.8834837Z","@mt":"Database: {Location}, {Type}, {Version}","Location":"Source","Type":"SqlServer","Version":"Microsoft SQL Server 2019 (RTM-CU29-GDR) (KB5046860) - 15.0.4410.1 (X64)  \tOct 23 2024 15:50:49  \tCopyright (C) 2019 Microsoft Corporation \tDeveloper Edition (64-bit) on Windows 10 Pro for Workstations 10.0 <X64> (Build 19045: ) (Hypervisor) "}
{"@t":"2025-01-16T18:35:47.8871616Z","@mt":"Database: {Location}, {Type}, {Version}","Location":"Target","Type":"SqlServer","Version":"Microsoft SQL Server 2019 (RTM-CU29-GDR) (KB5046860) - 15.0.4410.1 (X64)  \tOct 23 2024 15:50:49  \tCopyright (C) 2019 Microsoft Corporation \tDeveloper Edition (64-bit) on Windows 10 Pro for Workstations 10.0 <X64> (Build 19045: ) (Hypervisor) "}
{"@t":"2025-01-16T18:35:48.5874726Z","@mt":"Staging data for copying to target database"}
{"@t":"2025-01-16T18:35:52.9704027Z","@mt":"Data staged in {Duration}","Duration":"0:00:04.3829478"}
{"@t":"2025-01-16T18:35:52.9716273Z","@mt":"Copying subset to target database"}
{"@t":"2025-01-16T18:35:52.9738563Z","@mt":"Copying data for {TableName}","TableName":"dbo.fielding"}
{"@t":"2025-01-16T18:35:53.7572442Z","@mt":"Copied {TargetRowCount} of {SourceRowCount} rows for {TableName} in {Duration}","TargetRowCount":14545,"SourceRowCount":144409,"TableName":"dbo.fielding","Duration":"0:00:00.7855004"}
{"@t":"2025-01-16T18:35:53.7659858Z","@mt":"Copying data for {TableName}","TableName":"dbo.teamshalf"}
{"@t":"2025-01-16T18:35:53.7803591Z","@mt":"Copied {TargetRowCount} of {SourceRowCount} rows for {TableName} in {Duration}","TargetRowCount":52,"SourceRowCount":52,"TableName":"dbo.teamshalf","Duration":"0:00:00.0148079"}
{"@t":"2025-01-16T18:35:53.7815177Z","@mt":"Copying data for {TableName}","TableName":"dbo.teamsfranchises"}
{"@t":"2025-01-16T18:35:53.7868774Z","@mt":"Copied {TargetRowCount} of {SourceRowCount} rows for {TableName} in {Duration}","TargetRowCount":120,"SourceRowCount":120,"TableName":"dbo.teamsfranchises","Duration":"0:00:00.0056937"}
{"@t":"2025-01-16T18:35:53.7880365Z","@mt":"Copying data for {TableName}","TableName":"dbo.managershalf"}
{"@t":"2025-01-16T18:35:53.7941438Z","@mt":"Copied {TargetRowCount} of {SourceRowCount} rows for {TableName} in {Duration}","TargetRowCount":93,"SourceRowCount":93,"TableName":"dbo.managershalf","Duration":"0:00:00.0064224"}
{"@t":"2025-01-16T18:35:53.7952916Z","@mt":"Copying data for {TableName}","TableName":"dbo.seriespost"}
{"@t":"2025-01-16T18:35:53.8046265Z","@mt":"Copied {TargetRowCount} of {SourceRowCount} rows for {TableName} in {Duration}","TargetRowCount":272,"SourceRowCount":272,"TableName":"dbo.seriespost","Duration":"0:00:00.0096203"}
{"@t":"2025-01-16T18:35:53.8059636Z","@mt":"Copying data for {TableName}","TableName":"dbo.els_teamnames"}
{"@t":"2025-01-16T18:35:53.8115853Z","@mt":"Copied {TargetRowCount} of {SourceRowCount} rows for {TableName} in {Duration}","TargetRowCount":37,"SourceRowCount":314,"TableName":"dbo.els_teamnames","Duration":"0:00:00.0060892"}
{"@t":"2025-01-16T18:35:53.8122731Z","@mt":"Copying data for {TableName}","TableName":"dbo.awardsmanagers"}
{"@t":"2025-01-16T18:35:53.8195918Z","@mt":"Copied {TargetRowCount} of {SourceRowCount} rows for {TableName} in {Duration}","TargetRowCount":156,"SourceRowCount":156,"TableName":"dbo.awardsmanagers","Duration":"0:00:00.0076416"}
{"@t":"2025-01-16T18:35:53.8210505Z","@mt":"Copying data for {TableName}","TableName":"dbo.awardssharemanagers"}
{"@t":"2025-01-16T18:35:53.8281307Z","@mt":"Copied {TargetRowCount} of {SourceRowCount} rows for {TableName} in {Duration}","TargetRowCount":34,"SourceRowCount":372,"TableName":"dbo.awardssharemanagers","Duration":"0:00:00.0074088"}
{"@t":"2025-01-16T18:35:53.8298385Z","@mt":"Copying data for {TableName}","TableName":"dbo.schools"}
{"@t":"2025-01-16T18:35:53.8386403Z","@mt":"Copied {TargetRowCount} of {SourceRowCount} rows for {TableName} in {Duration}","TargetRowCount":96,"SourceRowCount":749,"TableName":"dbo.schools","Duration":"0:00:00.0096516"}
{"@t":"2025-01-16T18:35:53.8418093Z","@mt":"Copying data for {TableName}","TableName":"dbo.managers"}
{"@t":"2025-01-16T18:35:53.8640728Z","@mt":"Copied {TargetRowCount} of {SourceRowCount} rows for {TableName} in {Duration}","TargetRowCount":337,"SourceRowCount":3306,"TableName":"dbo.managers","Duration":"0:00:00.0225733"}
{"@t":"2025-01-16T18:35:53.8653173Z","@mt":"Copying data for {TableName}","TableName":"dbo.halloffame"}
{"@t":"2025-01-16T18:35:53.8900516Z","@mt":"Copied {TargetRowCount} of {SourceRowCount} rows for {TableName} in {Duration}","TargetRowCount":356,"SourceRowCount":3883,"TableName":"dbo.halloffame","Duration":"0:00:00.0250521"}
{"@t":"2025-01-16T18:35:53.8916005Z","@mt":"Copying data for {TableName}","TableName":"dbo.allstarfull"}
{"@t":"2025-01-16T18:35:53.9209325Z","@mt":"Copied {TargetRowCount} of {SourceRowCount} rows for {TableName} in {Duration}","TargetRowCount":477,"SourceRowCount":4834,"TableName":"dbo.allstarfull","Duration":"0:00:00.0296772"}
{"@t":"2025-01-16T18:35:53.9224183Z","@mt":"Copying data for {TableName}","TableName":"dbo.awardsshareplayers"}
{"@t":"2025-01-16T18:35:53.9579090Z","@mt":"Copied {TargetRowCount} of {SourceRowCount} rows for {TableName} in {Duration}","TargetRowCount":624,"SourceRowCount":6531,"TableName":"dbo.awardsshareplayers","Duration":"0:00:00.0357587"}
{"@t":"2025-01-16T18:35:53.9594968Z","@mt":"Copying data for {TableName}","TableName":"dbo.awardsplayers"}
{"@t":"2025-01-16T18:35:53.9927904Z","@mt":"Copied {TargetRowCount} of {SourceRowCount} rows for {TableName} in {Duration}","TargetRowCount":602,"SourceRowCount":5919,"TableName":"dbo.awardsplayers","Duration":"0:00:00.0336301"}
{"@t":"2025-01-16T18:35:53.9941780Z","@mt":"Copying data for {TableName}","TableName":"dbo.fieldingof"}
{"@t":"2025-01-16T18:35:54.0494365Z","@mt":"Copied {TargetRowCount} of {SourceRowCount} rows for {TableName} in {Duration}","TargetRowCount":1136,"SourceRowCount":12028,"TableName":"dbo.fieldingof","Duration":"0:00:00.0556722"}
{"@t":"2025-01-16T18:35:54.0517825Z","@mt":"Copying data for {TableName}","TableName":"dbo.teams"}
{"@t":"2025-01-16T18:35:54.0773204Z","@mt":"Copied {TargetRowCount} of {SourceRowCount} rows for {TableName} in {Duration}","TargetRowCount":263,"SourceRowCount":2715,"TableName":"dbo.teams","Duration":"0:00:00.0265614"}
{"@t":"2025-01-16T18:35:54.0821808Z","@mt":"Copying data for {TableName}","TableName":"dbo.pitchingpost"}
{"@t":"2025-01-16T18:35:54.1145257Z","@mt":"Copied {TargetRowCount} of {SourceRowCount} rows for {TableName} in {Duration}","TargetRowCount":481,"SourceRowCount":4612,"TableName":"dbo.pitchingpost","Duration":"0:00:00.0327382"}
{"@t":"2025-01-16T18:35:54.1159720Z","@mt":"Copying data for {TableName}","TableName":"dbo.salaries"}
{"@t":"2025-01-16T18:35:54.2151805Z","@mt":"Copied {TargetRowCount} of {SourceRowCount} rows for {TableName} in {Duration}","TargetRowCount":2286,"SourceRowCount":23141,"TableName":"dbo.salaries","Duration":"0:00:00.0995135"}
{"@t":"2025-01-16T18:35:54.2173564Z","@mt":"Copying data for {TableName}","TableName":"dbo.schoolsplayers"}
{"@t":"2025-01-16T18:35:54.2551367Z","@mt":"Copied {TargetRowCount} of {SourceRowCount} rows for {TableName} in {Duration}","TargetRowCount":652,"SourceRowCount":6147,"TableName":"dbo.schoolsplayers","Duration":"0:00:00.0385831"}
{"@t":"2025-01-16T18:35:54.2596878Z","@mt":"Copying data for {TableName}","TableName":"dbo.fieldingpost"}
{"@t":"2025-01-16T18:35:54.3168142Z","@mt":"Copied {TargetRowCount} of {SourceRowCount} rows for {TableName} in {Duration}","TargetRowCount":1114,"SourceRowCount":11183,"TableName":"dbo.fieldingpost","Duration":"0:00:00.0574921"}
{"@t":"2025-01-16T18:35:54.3186212Z","@mt":"Copying data for {TableName}","TableName":"dbo.battingpost"}
{"@t":"2025-01-16T18:35:54.3751691Z","@mt":"Copied {TargetRowCount} of {SourceRowCount} rows for {TableName} in {Duration}","TargetRowCount":1094,"SourceRowCount":10510,"TableName":"dbo.battingpost","Duration":"0:00:00.0568309"}
{"@t":"2025-01-16T18:35:54.3776725Z","@mt":"Copying data for {TableName}","TableName":"dbo.players"}
{"@t":"2025-01-16T18:35:54.4828084Z","@mt":"Copied {TargetRowCount} of {SourceRowCount} rows for {TableName} in {Duration}","TargetRowCount":1644,"SourceRowCount":16564,"TableName":"dbo.players","Duration":"0:00:00.106507"}
{"@t":"2025-01-16T18:35:54.4934557Z","@mt":"Copying data for {TableName}","TableName":"dbo.pitching"}
{"@t":"2025-01-16T18:35:54.7351013Z","@mt":"Copied {TargetRowCount} of {SourceRowCount} rows for {TableName} in {Duration}","TargetRowCount":4169,"SourceRowCount":41857,"TableName":"dbo.pitching","Duration":"0:00:00.2420635"}
{"@t":"2025-01-16T18:35:54.7392209Z","@mt":"Copying data for {TableName}","TableName":"dbo.appearances"}
{"@t":"2025-01-16T18:35:55.2447833Z","@mt":"Copied {TargetRowCount} of {SourceRowCount} rows for {TableName} in {Duration}","TargetRowCount":9652,"SourceRowCount":96737,"TableName":"dbo.appearances","Duration":"0:00:00.5061724"}
{"@t":"2025-01-16T18:35:55.2495069Z","@mt":"Copying data for {TableName}","TableName":"dbo.batting"}
{"@t":"2025-01-16T18:35:55.7096099Z","@mt":"Copied {TargetRowCount} of {SourceRowCount} rows for {TableName} in {Duration}","TargetRowCount":9579,"SourceRowCount":96600,"TableName":"dbo.batting","Duration":"0:00:00.4609428"}
{"@t":"2025-01-16T18:35:55.7323022Z","@mt":"Subsetted data copied to target database in {Duration}","Duration":"0:00:02.7606174"}
{"@t":"2025-01-16T18:35:55.7326623Z","@mt":"Cleaning up"}
{"@t":"2025-01-16T18:35:55.7661778Z","@mt":"Subsetting complete in {Duration}","Duration":"0:00:08.7586403"}
