2025-01-15 14:22:19.201 -07:00 [INF] Subsetter version: 2.1.2.7370
2025-01-15 14:22:19.531 -07:00 [INF] Subsetter started
2025-01-15 14:22:19.764 -07:00 [INF] Building models for StartingTable
2025-01-15 14:22:19.809 -07:00 [INF] Database: Source, SqlServer, Microsoft SQL Server 2019 (RTM-CU29-GDR) (KB5046860) - 15.0.4410.1 (X64)  	Oct 23 2024 15:50:49  	Copyright (C) 2019 Microsoft Corporation 	Developer Edition (64-bit) on Windows 10 Pro for Workstations 10.0 <X64> (Build 19045: ) (Hypervisor) 
2025-01-15 14:22:19.812 -07:00 [INF] Database: Target, SqlServer, Microsoft SQL Server 2019 (RTM-CU29-GDR) (KB5046860) - 15.0.4410.1 (X64)  	Oct 23 2024 15:50:49  	Copyright (C) 2019 Microsoft Corporation 	Developer Edition (64-bit) on Windows 10 Pro for Workstations 10.0 <X64> (Build 19045: ) (Hypervisor) 
2025-01-15 14:22:19.940 -07:00 [INF] Staging data for copying to target database
2025-01-15 14:22:20.072 -07:00 [INF] Data staged in 0:00:00.1314184
2025-01-15 14:22:20.073 -07:00 [INF] Copying subset to target database
2025-01-15 14:22:20.075 -07:00 [INF] Copying data for dbo.awardsmanagers
2025-01-15 14:22:20.121 -07:00 [INF] Copied 156 of 156 rows for dbo.awardsmanagers in 0:00:00.0478549
2025-01-15 14:22:20.124 -07:00 [INF] Copying data for dbo.managershalf
2025-01-15 14:22:20.130 -07:00 [INF] Copied 93 of 93 rows for dbo.managershalf in 0:00:00.0064826
2025-01-15 14:22:20.131 -07:00 [INF] Copying data for dbo.seriespost
2025-01-15 14:22:20.142 -07:00 [INF] Copied 272 of 272 rows for dbo.seriespost in 0:00:00.0110716
2025-01-15 14:22:20.143 -07:00 [INF] Copying data for dbo.teamsfranchises
2025-01-15 14:22:20.148 -07:00 [INF] Copied 120 of 120 rows for dbo.teamsfranchises in 0:00:00.0058117
2025-01-15 14:22:20.150 -07:00 [INF] Copying data for dbo.teamshalf
2025-01-15 14:22:20.163 -07:00 [INF] Copied 52 of 52 rows for dbo.teamshalf in 0:00:00.0137346
2025-01-15 14:22:20.166 -07:00 [INF] Copying data for dbo.players
2025-01-15 14:22:20.308 -07:00 [INF] Copied 1800 of 16564 rows for dbo.players in 0:00:00.1436439
2025-01-15 14:22:20.319 -07:00 [INF] Copying data for dbo.batting
2025-01-15 14:22:20.933 -07:00 [INF] Copied 11784 of 96600 rows for dbo.batting in 0:00:00.6147244
2025-01-15 14:22:20.958 -07:00 [INF] Copying data for dbo.teams
2025-01-15 14:22:20.990 -07:00 [INF] Copied 360 of 2715 rows for dbo.teams in 0:00:00.0333627
2025-01-15 14:22:20.995 -07:00 [INF] Subsetted data copied to target database in 0:00:00.9217708
2025-01-15 14:22:20.997 -07:00 [INF] Cleaning up
2025-01-15 14:22:21.017 -07:00 [INF] Subsetting complete in 0:00:01.4855692
