2025-01-15 13:56:41.547 -07:00 [INF] Subsetter version: 2.1.2.7370
2025-01-15 13:56:41.867 -07:00 [INF] Subsetter started
2025-01-15 13:56:42.082 -07:00 [INF] Building models for StartingTable
2025-01-15 13:56:42.114 -07:00 [INF] Database: Source, SqlServer, Microsoft SQL Server 2019 (RTM-CU29-GDR) (KB5046860) - 15.0.4410.1 (X64)  	Oct 23 2024 15:50:49  	Copyright (C) 2019 Microsoft Corporation 	Developer Edition (64-bit) on Windows 10 Pro for Workstations 10.0 <X64> (Build 19045: ) (Hypervisor) 
2025-01-15 13:56:42.117 -07:00 [INF] Database: Target, SqlServer, Microsoft SQL Server 2019 (RTM-CU29-GDR) (KB5046860) - 15.0.4410.1 (X64)  	Oct 23 2024 15:50:49  	Copyright (C) 2019 Microsoft Corporation 	Developer Edition (64-bit) on Windows 10 Pro for Workstations 10.0 <X64> (Build 19045: ) (Hypervisor) 
2025-01-15 13:56:42.250 -07:00 [INF] Staging data for copying to target database
2025-01-15 13:56:42.283 -07:00 [INF] Data staged in 0:00:00.0324549
2025-01-15 13:56:42.284 -07:00 [INF] Copying subset to target database
2025-01-15 13:56:42.286 -07:00 [INF] Copying data for dbo.awardsmanagers
2025-01-15 13:56:42.331 -07:00 [INF] Copied 156 of 156 rows for dbo.awardsmanagers in 0:00:00.0467349
2025-01-15 13:56:42.334 -07:00 [INF] Copying data for dbo.managershalf
2025-01-15 13:56:42.340 -07:00 [INF] Copied 93 of 93 rows for dbo.managershalf in 0:00:00.0066318
2025-01-15 13:56:42.341 -07:00 [INF] Copying data for dbo.seriespost
2025-01-15 13:56:42.351 -07:00 [INF] Copied 272 of 272 rows for dbo.seriespost in 0:00:00.010442
2025-01-15 13:56:42.352 -07:00 [INF] Copying data for dbo.teamsfranchises
2025-01-15 13:56:42.358 -07:00 [INF] Copied 120 of 120 rows for dbo.teamsfranchises in 0:00:00.0057641
2025-01-15 13:56:42.359 -07:00 [INF] Copying data for dbo.teamshalf
2025-01-15 13:56:42.373 -07:00 [INF] Copied 52 of 52 rows for dbo.teamshalf in 0:00:00.0141515
2025-01-15 13:56:42.375 -07:00 [INF] Copying data for dbo.players
2025-01-15 13:56:42.505 -07:00 [INF] Copied 1800 of 16564 rows for dbo.players in 0:00:00.1313
2025-01-15 13:56:42.516 -07:00 [INF] Copying data for dbo.teams
2025-01-15 13:56:42.545 -07:00 [INF] Copied 360 of 2715 rows for dbo.teams in 0:00:00.0306658
2025-01-15 13:56:42.551 -07:00 [INF] Subsetted data copied to target database in 0:00:00.2667771
2025-01-15 13:56:42.552 -07:00 [INF] Cleaning up
2025-01-15 13:56:42.572 -07:00 [INF] Subsetting complete in 0:00:00.7039498
