2025-02-10 14:18:04.495 -07:00 [INF] Subsetter version: 2.1.2.7370
2025-02-10 14:18:04.862 -07:00 [INF] Subsetter started
2025-02-10 14:18:05.098 -07:00 [INF] Building models for DesiredSize
2025-02-10 14:18:05.561 -07:00 [INF] Database: Source, SqlServer, Microsoft SQL Server 2019 (RTM-CU29-GDR) (KB5046860) - 15.0.4410.1 (X64)  	Oct 23 2024 15:50:49  	Copyright (C) 2019 Microsoft Corporation 	Developer Edition (64-bit) on Windows 10 Pro for Workstations 10.0 <X64> (Build 19045: ) (Hypervisor) 
2025-02-10 14:18:05.564 -07:00 [INF] Database: Target, SqlServer, Microsoft SQL Server 2019 (RTM-CU29-GDR) (KB5046860) - 15.0.4410.1 (X64)  	Oct 23 2024 15:50:49  	Copyright (C) 2019 Microsoft Corporation 	Developer Edition (64-bit) on Windows 10 Pro for Workstations 10.0 <X64> (Build 19045: ) (Hypervisor) 
2025-02-10 14:18:06.218 -07:00 [INF] Staging data for copying to target database
2025-02-10 14:18:10.410 -07:00 [INF] Data staged in 0:00:04.1913059
2025-02-10 14:18:10.411 -07:00 [INF] Copying subset to target database
2025-02-10 14:18:10.414 -07:00 [INF] Copying data for dbo.fielding
2025-02-10 14:18:11.199 -07:00 [INF] Copied 14545 of 144409 rows for dbo.fielding in 0:00:00.7880675
2025-02-10 14:18:11.207 -07:00 [INF] Copying data for dbo.teamshalf
2025-02-10 14:18:11.221 -07:00 [INF] Copied 52 of 52 rows for dbo.teamshalf in 0:00:00.0142639
2025-02-10 14:18:11.223 -07:00 [INF] Copying data for dbo.teamsfranchises
2025-02-10 14:18:11.228 -07:00 [INF] Copied 120 of 120 rows for dbo.teamsfranchises in 0:00:00.0062005
2025-02-10 14:18:11.230 -07:00 [INF] Copying data for dbo.managershalf
2025-02-10 14:18:11.235 -07:00 [INF] Copied 93 of 93 rows for dbo.managershalf in 0:00:00.0059516
2025-02-10 14:18:11.236 -07:00 [INF] Copying data for dbo.seriespost
2025-02-10 14:18:11.246 -07:00 [INF] Copied 272 of 272 rows for dbo.seriespost in 0:00:00.0101786
2025-02-10 14:18:11.248 -07:00 [INF] Copying data for dbo.els_teamnames
2025-02-10 14:18:11.253 -07:00 [INF] Copied 37 of 314 rows for dbo.els_teamnames in 0:00:00.0062028
2025-02-10 14:18:11.254 -07:00 [INF] Copying data for dbo.awardsmanagers
2025-02-10 14:18:11.261 -07:00 [INF] Copied 156 of 156 rows for dbo.awardsmanagers in 0:00:00.0069986
2025-02-10 14:18:11.262 -07:00 [INF] Copying data for dbo.awardssharemanagers
2025-02-10 14:18:11.268 -07:00 [INF] Copied 34 of 372 rows for dbo.awardssharemanagers in 0:00:00.0061223
2025-02-10 14:18:11.269 -07:00 [INF] Copying data for dbo.schools
2025-02-10 14:18:11.278 -07:00 [INF] Copied 96 of 749 rows for dbo.schools in 0:00:00.0094531
2025-02-10 14:18:11.281 -07:00 [INF] Copying data for dbo.managers
2025-02-10 14:18:11.303 -07:00 [INF] Copied 337 of 3306 rows for dbo.managers in 0:00:00.0221707
2025-02-10 14:18:11.304 -07:00 [INF] Copying data for dbo.halloffame
2025-02-10 14:18:11.329 -07:00 [INF] Copied 356 of 3883 rows for dbo.halloffame in 0:00:00.025062
2025-02-10 14:18:11.331 -07:00 [INF] Copying data for dbo.allstarfull
2025-02-10 14:18:11.361 -07:00 [INF] Copied 477 of 4834 rows for dbo.allstarfull in 0:00:00.0301313
2025-02-10 14:18:11.362 -07:00 [INF] Copying data for dbo.awardsshareplayers
2025-02-10 14:18:11.399 -07:00 [INF] Copied 624 of 6531 rows for dbo.awardsshareplayers in 0:00:00.0369689
2025-02-10 14:18:11.400 -07:00 [INF] Copying data for dbo.awardsplayers
2025-02-10 14:18:11.436 -07:00 [INF] Copied 602 of 5919 rows for dbo.awardsplayers in 0:00:00.0368201
2025-02-10 14:18:11.438 -07:00 [INF] Copying data for dbo.fieldingof
2025-02-10 14:18:11.494 -07:00 [INF] Copied 1136 of 12028 rows for dbo.fieldingof in 0:00:00.0565402
2025-02-10 14:18:11.497 -07:00 [INF] Copying data for dbo.teams
2025-02-10 14:18:11.523 -07:00 [INF] Copied 263 of 2715 rows for dbo.teams in 0:00:00.0274601
2025-02-10 14:18:11.528 -07:00 [INF] Copying data for dbo.pitchingpost
2025-02-10 14:18:11.562 -07:00 [INF] Copied 481 of 4612 rows for dbo.pitchingpost in 0:00:00.0349338
2025-02-10 14:18:11.564 -07:00 [INF] Copying data for dbo.salaries
2025-02-10 14:18:11.669 -07:00 [INF] Copied 2286 of 23141 rows for dbo.salaries in 0:00:00.1054069
2025-02-10 14:18:11.671 -07:00 [INF] Copying data for dbo.schoolsplayers
2025-02-10 14:18:11.708 -07:00 [INF] Copied 652 of 6147 rows for dbo.schoolsplayers in 0:00:00.037542
2025-02-10 14:18:11.712 -07:00 [INF] Copying data for dbo.fieldingpost
2025-02-10 14:18:11.772 -07:00 [INF] Copied 1114 of 11183 rows for dbo.fieldingpost in 0:00:00.0605412
2025-02-10 14:18:11.774 -07:00 [INF] Copying data for dbo.battingpost
2025-02-10 14:18:11.832 -07:00 [INF] Copied 1094 of 10510 rows for dbo.battingpost in 0:00:00.0584031
2025-02-10 14:18:11.834 -07:00 [INF] Copying data for dbo.players
2025-02-10 14:18:11.940 -07:00 [INF] Copied 1644 of 16564 rows for dbo.players in 0:00:00.1067029
2025-02-10 14:18:11.950 -07:00 [INF] Copying data for dbo.pitching
2025-02-10 14:18:12.179 -07:00 [INF] Copied 4169 of 41857 rows for dbo.pitching in 0:00:00.2285283
2025-02-10 14:18:12.181 -07:00 [INF] Copying data for dbo.appearances
2025-02-10 14:18:12.661 -07:00 [INF] Copied 9652 of 96737 rows for dbo.appearances in 0:00:00.4801931
2025-02-10 14:18:12.665 -07:00 [INF] Copying data for dbo.batting
2025-02-10 14:18:13.131 -07:00 [INF] Copied 9579 of 96600 rows for dbo.batting in 0:00:00.4666878
2025-02-10 14:18:13.150 -07:00 [INF] Subsetted data copied to target database in 0:00:02.7391975
2025-02-10 14:18:13.150 -07:00 [INF] Cleaning up
2025-02-10 14:18:13.183 -07:00 [INF] Subsetting complete in 0:00:08.3203061
